<?xml version="1.0" encoding="UTF-8"?>
<coverage generated="1507087116245" clover="3.2.0">
  <project timestamp="1507087116245" name="All files">
    <metrics statements="354" coveredstatements="239" conditionals="113" coveredconditionals="62" methods="140" coveredmethods="88" elements="607" coveredelements="389" complexity="0" loc="354" ncloc="354" packages="5" files="21" classes="21">
      <package name="__mockData__">
        <metrics statements="8" coveredstatements="8" conditionals="0" coveredconditionals="0" methods="0" coveredmethods="0"/>
        <file name="mockData.js" path="C:\Users\Chris\documents\webdev\gametrader\__mockData__\mockData.js">
          <metrics statements="8" coveredstatements="8" conditionals="0" coveredconditionals="0" methods="0" coveredmethods="0"/>
          <line num="1" count="5" type="stmt"/>
          <line num="34" count="5" type="stmt"/>
          <line num="85" count="5" type="stmt"/>
          <line num="96" count="5" type="stmt"/>
          <line num="112" count="5" type="stmt"/>
          <line num="128" count="5" type="stmt"/>
          <line num="145" count="5" type="stmt"/>
          <line num="181" count="5" type="stmt"/>
        </file>
      </package>
      <package name="js.actions">
        <metrics statements="44" coveredstatements="36" conditionals="0" coveredconditionals="0" methods="34" coveredmethods="26"/>
        <file name="gameActions.js" path="C:\Users\Chris\documents\webdev\gametrader\js\actions\gameActions.js">
          <metrics statements="22" coveredstatements="18" conditionals="0" coveredconditionals="0" methods="17" coveredmethods="13"/>
          <line num="3" count="6" type="stmt"/>
          <line num="4" count="1" type="stmt"/>
          <line num="5" count="1" type="stmt"/>
          <line num="7" count="1" type="stmt"/>
          <line num="9" count="0" type="stmt"/>
          <line num="14" count="6" type="stmt"/>
          <line num="15" count="1" type="stmt"/>
          <line num="16" count="1" type="stmt"/>
          <line num="18" count="1" type="stmt"/>
          <line num="20" count="0" type="stmt"/>
          <line num="25" count="6" type="stmt"/>
          <line num="26" count="1" type="stmt"/>
          <line num="27" count="1" type="stmt"/>
          <line num="29" count="1" type="stmt"/>
          <line num="31" count="0" type="stmt"/>
          <line num="36" count="6" type="stmt"/>
          <line num="37" count="1" type="stmt"/>
          <line num="38" count="1" type="stmt"/>
          <line num="40" count="1" type="stmt"/>
          <line num="42" count="0" type="stmt"/>
          <line num="47" count="6" type="stmt"/>
          <line num="48" count="1" type="stmt"/>
        </file>
        <file name="requestActions.js" path="C:\Users\Chris\documents\webdev\gametrader\js\actions\requestActions.js">
          <metrics statements="22" coveredstatements="18" conditionals="0" coveredconditionals="0" methods="17" coveredmethods="13"/>
          <line num="3" count="4" type="stmt"/>
          <line num="4" count="1" type="stmt"/>
          <line num="5" count="1" type="stmt"/>
          <line num="7" count="1" type="stmt"/>
          <line num="9" count="0" type="stmt"/>
          <line num="14" count="4" type="stmt"/>
          <line num="15" count="1" type="stmt"/>
          <line num="16" count="1" type="stmt"/>
          <line num="18" count="1" type="stmt"/>
          <line num="20" count="0" type="stmt"/>
          <line num="25" count="4" type="stmt"/>
          <line num="26" count="1" type="stmt"/>
          <line num="27" count="1" type="stmt"/>
          <line num="29" count="1" type="stmt"/>
          <line num="31" count="0" type="stmt"/>
          <line num="36" count="4" type="stmt"/>
          <line num="37" count="1" type="stmt"/>
          <line num="38" count="1" type="stmt"/>
          <line num="40" count="1" type="stmt"/>
          <line num="42" count="0" type="stmt"/>
          <line num="47" count="4" type="stmt"/>
          <line num="48" count="1" type="stmt"/>
        </file>
      </package>
      <package name="js.components">
        <metrics statements="266" coveredstatements="159" conditionals="99" coveredconditionals="48" methods="104" coveredmethods="60"/>
        <file name="BrowserSearchBar.jsx" path="C:\Users\Chris\documents\webdev\gametrader\js\components\BrowserSearchBar.jsx">
          <metrics statements="7" coveredstatements="5" conditionals="0" coveredconditionals="0" methods="4" coveredmethods="2"/>
          <line num="6" count="1" type="stmt"/>
          <line num="7" count="1" type="stmt"/>
          <line num="11" count="1" type="stmt"/>
          <line num="12" count="1" type="stmt"/>
          <line num="16" count="0" type="stmt"/>
          <line num="22" count="0" type="stmt"/>
          <line num="26" count="1" type="stmt"/>
        </file>
        <file name="GameBrowser.jsx" path="C:\Users\Chris\documents\webdev\gametrader\js\components\GameBrowser.jsx">
          <metrics statements="45" coveredstatements="33" conditionals="13" coveredconditionals="7" methods="20" coveredmethods="14"/>
          <line num="18" count="1" type="stmt"/>
          <line num="19" count="1" type="stmt"/>
          <line num="28" count="1" type="stmt"/>
          <line num="29" count="1" type="stmt"/>
          <line num="30" count="1" type="stmt"/>
          <line num="31" count="1" type="stmt"/>
          <line num="32" count="1" type="stmt"/>
          <line num="36" count="0" type="stmt"/>
          <line num="37" count="0" type="stmt"/>
          <line num="41" count="8" type="cond" truecount="2" falsecount="0"/>
          <line num="42" count="5" type="stmt"/>
          <line num="51" count="3" type="stmt"/>
          <line num="56" count="0" type="stmt"/>
          <line num="58" count="0" type="stmt"/>
          <line num="59" count="0" type="cond" truecount="0" falsecount="2"/>
          <line num="60" count="0" type="stmt"/>
          <line num="63" count="0" type="stmt"/>
          <line num="67" count="1" type="cond" truecount="1" falsecount="1"/>
          <line num="68" count="1" type="stmt"/>
          <line num="75" count="1" type="stmt"/>
          <line num="76" count="1" type="stmt"/>
          <line num="79" count="1" type="stmt"/>
          <line num="84" count="0" type="stmt"/>
          <line num="91" count="1" type="stmt"/>
          <line num="94" count="1" type="stmt"/>
          <line num="95" count="2" type="cond" truecount="1" falsecount="1"/>
          <line num="96" count="0" type="stmt"/>
          <line num="100" count="1" type="stmt"/>
          <line num="107" count="1" type="stmt"/>
          <line num="108" count="1" type="cond" truecount="1" falsecount="1"/>
          <line num="111" count="1" type="stmt"/>
          <line num="116" count="1" type="cond" truecount="1" falsecount="1"/>
          <line num="117" count="1" type="stmt"/>
          <line num="119" count="1" type="stmt"/>
          <line num="120" count="2" type="stmt"/>
          <line num="131" count="2" type="stmt"/>
          <line num="134" count="1" type="stmt"/>
          <line num="140" count="0" type="stmt"/>
          <line num="145" count="1" type="stmt"/>
          <line num="152" count="8" type="stmt"/>
          <line num="167" count="20" type="stmt"/>
          <line num="198" count="6" type="stmt"/>
          <line num="214" count="16" type="stmt"/>
          <line num="241" count="0" type="stmt"/>
          <line num="247" count="0" type="stmt"/>
        </file>
        <file name="GameCard.jsx" path="C:\Users\Chris\documents\webdev\gametrader\js\components\GameCard.jsx">
          <metrics statements="3" coveredstatements="3" conditionals="2" coveredconditionals="1" methods="2" coveredmethods="2"/>
          <line num="6" count="1" type="cond" truecount="1" falsecount="1"/>
          <line num="7" count="1" type="stmt"/>
          <line num="14" count="1" type="stmt"/>
        </file>
        <file name="GameItem.jsx" path="C:\Users\Chris\documents\webdev\gametrader\js\components\GameItem.jsx">
          <metrics statements="17" coveredstatements="7" conditionals="2" coveredconditionals="0" methods="9" coveredmethods="3"/>
          <line num="11" count="1" type="stmt"/>
          <line num="12" count="1" type="stmt"/>
          <line num="18" count="1" type="stmt"/>
          <line num="19" count="1" type="stmt"/>
          <line num="20" count="1" type="stmt"/>
          <line num="24" count="0" type="stmt"/>
          <line num="31" count="0" type="stmt"/>
          <line num="37" count="0" type="stmt"/>
          <line num="39" count="0" type="stmt"/>
          <line num="40" count="0" type="cond" truecount="0" falsecount="2"/>
          <line num="41" count="0" type="stmt"/>
          <line num="44" count="0" type="stmt"/>
          <line num="48" count="0" type="stmt"/>
          <line num="52" count="0" type="stmt"/>
          <line num="56" count="1" type="stmt"/>
          <line num="71" count="5" type="stmt"/>
          <line num="93" count="0" type="stmt"/>
        </file>
        <file name="GameList.jsx" path="C:\Users\Chris\documents\webdev\gametrader\js\components\GameList.jsx">
          <metrics statements="52" coveredstatements="36" conditionals="12" coveredconditionals="6" methods="23" coveredmethods="16"/>
          <line num="14" count="25" type="stmt"/>
          <line num="15" count="25" type="stmt"/>
          <line num="26" count="25" type="stmt"/>
          <line num="27" count="25" type="stmt"/>
          <line num="28" count="25" type="stmt"/>
          <line num="29" count="25" type="stmt"/>
          <line num="30" count="25" type="stmt"/>
          <line num="31" count="25" type="stmt"/>
          <line num="32" count="25" type="stmt"/>
          <line num="33" count="25" type="stmt"/>
          <line num="40" count="25" type="stmt"/>
          <line num="44" count="0" type="stmt"/>
          <line num="48" count="1" type="stmt"/>
          <line num="55" count="3" type="cond" truecount="1" falsecount="1"/>
          <line num="56" count="0" type="stmt"/>
          <line num="59" count="0" type="stmt"/>
          <line num="62" count="3" type="cond" truecount="1" falsecount="1"/>
          <line num="63" count="0" type="stmt"/>
          <line num="66" count="0" type="stmt"/>
          <line num="68" count="3" type="stmt"/>
          <line num="72" count="3" type="stmt"/>
          <line num="76" count="3" type="cond" truecount="1" falsecount="1"/>
          <line num="77" count="3" type="stmt"/>
          <line num="79" count="3" type="stmt"/>
          <line num="80" count="3" type="cond" truecount="1" falsecount="1"/>
          <line num="81" count="3" type="stmt"/>
          <line num="83" count="3" type="stmt"/>
          <line num="88" count="3" type="stmt"/>
          <line num="92" count="0" type="stmt"/>
          <line num="98" count="0" type="stmt"/>
          <line num="104" count="4" type="stmt"/>
          <line num="113" count="0" type="stmt"/>
          <line num="114" count="0" type="stmt"/>
          <line num="116" count="0" type="stmt"/>
          <line num="118" count="0" type="stmt"/>
          <line num="126" count="1" type="stmt"/>
          <line num="127" count="1" type="stmt"/>
          <line num="128" count="2" type="cond" truecount="1" falsecount="1"/>
          <line num="129" count="0" type="stmt"/>
          <line num="132" count="0" type="stmt"/>
          <line num="135" count="1" type="stmt"/>
          <line num="139" count="1" type="cond" truecount="1" falsecount="1"/>
          <line num="140" count="1" type="stmt"/>
          <line num="149" count="1" type="stmt"/>
          <line num="154" count="3" type="stmt"/>
          <line num="161" count="41" type="stmt"/>
          <line num="173" count="84" type="stmt"/>
          <line num="225" count="1148" type="stmt"/>
          <line num="241" count="5" type="stmt"/>
          <line num="243" count="0" type="stmt"/>
          <line num="268" count="0" type="stmt"/>
          <line num="274" count="0" type="stmt"/>
        </file>
        <file name="GameRequestDescription.jsx" path="C:\Users\Chris\documents\webdev\gametrader\js\components\GameRequestDescription.jsx">
          <metrics statements="9" coveredstatements="8" conditionals="2" coveredconditionals="1" methods="5" coveredmethods="4"/>
          <line num="7" count="1" type="stmt"/>
          <line num="8" count="1" type="stmt"/>
          <line num="13" count="1" type="stmt"/>
          <line num="14" count="1" type="stmt"/>
          <line num="18" count="1" type="cond" truecount="1" falsecount="1"/>
          <line num="19" count="1" type="stmt"/>
          <line num="27" count="5" type="stmt"/>
          <line num="43" count="0" type="stmt"/>
          <line num="50" count="1" type="stmt"/>
        </file>
        <file name="GameRequestIcon.jsx" path="C:\Users\Chris\documents\webdev\gametrader\js\components\GameRequestIcon.jsx">
          <metrics statements="1" coveredstatements="1" conditionals="0" coveredconditionals="0" methods="1" coveredmethods="1"/>
          <line num="6" count="1" type="stmt"/>
        </file>
        <file name="Login.jsx" path="C:\Users\Chris\documents\webdev\gametrader\js\components\Login.jsx">
          <metrics statements="26" coveredstatements="21" conditionals="10" coveredconditionals="8" methods="8" coveredmethods="6"/>
          <line num="7" count="1" type="stmt"/>
          <line num="8" count="1" type="stmt"/>
          <line num="17" count="1" type="stmt"/>
          <line num="18" count="1" type="stmt"/>
          <line num="19" count="1" type="stmt"/>
          <line num="20" count="1" type="stmt"/>
          <line num="24" count="0" type="stmt"/>
          <line num="25" count="0" type="stmt"/>
          <line num="27" count="0" type="stmt"/>
          <line num="37" count="3" type="cond" truecount="2" falsecount="0"/>
          <line num="38" count="1" type="stmt"/>
          <line num="41" count="1" type="stmt"/>
          <line num="43" count="2" type="cond" truecount="2" falsecount="0"/>
          <line num="44" count="1" type="stmt"/>
          <line num="47" count="1" type="stmt"/>
          <line num="50" count="1" type="stmt"/>
          <line num="54" count="3" type="cond" truecount="2" falsecount="0"/>
          <line num="55" count="1" type="stmt"/>
          <line num="61" count="1" type="cond" truecount="1" falsecount="1"/>
          <line num="62" count="1" type="stmt"/>
          <line num="63" count="1" type="cond" truecount="1" falsecount="1"/>
          <line num="64" count="1" type="stmt"/>
          <line num="65" count="1" type="stmt"/>
          <line num="67" count="0" type="stmt"/>
          <line num="78" count="0" type="stmt"/>
          <line num="82" count="6" type="stmt"/>
        </file>
        <file name="Menu.jsx" path="C:\Users\Chris\documents\webdev\gametrader\js\components\Menu.jsx">
          <metrics statements="3" coveredstatements="2" conditionals="0" coveredconditionals="0" methods="2" coveredmethods="1"/>
          <line num="6" count="2" type="stmt"/>
          <line num="7" count="0" type="stmt"/>
          <line num="15" count="1" type="stmt"/>
        </file>
        <file name="RequestItem.jsx" path="C:\Users\Chris\documents\webdev\gametrader\js\components\RequestItem.jsx">
          <metrics statements="43" coveredstatements="32" conditionals="26" coveredconditionals="25" methods="13" coveredmethods="5"/>
          <line num="13" count="28" type="stmt"/>
          <line num="14" count="28" type="stmt"/>
          <line num="19" count="28" type="stmt"/>
          <line num="20" count="28" type="stmt"/>
          <line num="21" count="28" type="stmt"/>
          <line num="22" count="28" type="stmt"/>
          <line num="23" count="28" type="stmt"/>
          <line num="24" count="28" type="stmt"/>
          <line num="25" count="28" type="stmt"/>
          <line num="29" count="28" type="cond" truecount="2" falsecount="0"/>
          <line num="30" count="5" type="stmt"/>
          <line num="31" count="23" type="cond" truecount="2" falsecount="0"/>
          <line num="32" count="5" type="stmt"/>
          <line num="33" count="18" type="cond" truecount="2" falsecount="0"/>
          <line num="34" count="5" type="stmt"/>
          <line num="36" count="13" type="stmt"/>
          <line num="40" count="28" type="cond" truecount="2" falsecount="0"/>
          <line num="41" count="12" type="cond" truecount="2" falsecount="0"/>
          <line num="42" count="5" type="stmt"/>
          <line num="43" count="0" type="stmt"/>
          <line num="45" count="7" type="cond" truecount="1" falsecount="1"/>
          <line num="46" count="7" type="stmt"/>
          <line num="48" count="0" type="stmt"/>
          <line num="53" count="16" type="cond" truecount="2" falsecount="0"/>
          <line num="54" count="5" type="stmt"/>
          <line num="57" count="11" type="cond" truecount="4" falsecount="0"/>
          <line num="58" count="10" type="stmt"/>
          <line num="65" count="56" type="cond" truecount="2" falsecount="0"/>
          <line num="66" count="24" type="stmt"/>
          <line num="67" count="32" type="cond" truecount="2" falsecount="0"/>
          <line num="68" count="10" type="stmt"/>
          <line num="69" count="22" type="cond" truecount="4" falsecount="0"/>
          <line num="70" count="20" type="stmt"/>
          <line num="75" count="0" type="stmt"/>
          <line num="81" count="0" type="stmt"/>
          <line num="87" count="0" type="stmt"/>
          <line num="91" count="0" type="stmt"/>
          <line num="100" count="0" type="stmt"/>
          <line num="105" count="0" type="stmt"/>
          <line num="111" count="0" type="stmt"/>
          <line num="115" count="28" type="stmt"/>
          <line num="159" count="0" type="stmt"/>
          <line num="165" count="0" type="stmt"/>
        </file>
        <file name="RequestList.jsx" path="C:\Users\Chris\documents\webdev\gametrader\js\components\RequestList.jsx">
          <metrics statements="9" coveredstatements="5" conditionals="0" coveredconditionals="0" methods="7" coveredmethods="4"/>
          <line num="10" count="1" type="stmt"/>
          <line num="11" count="1" type="stmt"/>
          <line num="20" count="1" type="stmt"/>
          <line num="24" count="0" type="stmt"/>
          <line num="25" count="0" type="stmt"/>
          <line num="31" count="1" type="stmt"/>
          <line num="44" count="2" type="stmt"/>
          <line num="63" count="0" type="stmt"/>
          <line num="69" count="0" type="stmt"/>
        </file>
        <file name="SignUp.jsx" path="C:\Users\Chris\documents\webdev\gametrader\js\components\SignUp.jsx">
          <metrics statements="51" coveredstatements="6" conditionals="32" coveredconditionals="0" methods="10" coveredmethods="2"/>
          <line num="7" count="1" type="stmt"/>
          <line num="8" count="1" type="stmt"/>
          <line num="27" count="1" type="stmt"/>
          <line num="28" count="1" type="stmt"/>
          <line num="29" count="1" type="stmt"/>
          <line num="33" count="0" type="stmt"/>
          <line num="34" count="0" type="stmt"/>
          <line num="36" count="0" type="stmt"/>
          <line num="48" count="0" type="cond" truecount="0" falsecount="2"/>
          <line num="49" count="0" type="stmt"/>
          <line num="51" count="0" type="stmt"/>
          <line num="56" count="0" type="stmt"/>
          <line num="59" count="0" type="stmt"/>
          <line num="60" count="0" type="stmt"/>
          <line num="61" count="0" type="cond" truecount="0" falsecount="2"/>
          <line num="64" count="0" type="cond" truecount="0" falsecount="2"/>
          <line num="65" count="0" type="stmt"/>
          <line num="66" count="0" type="cond" truecount="0" falsecount="4"/>
          <line num="67" count="0" type="stmt"/>
          <line num="69" count="0" type="stmt"/>
          <line num="72" count="0" type="stmt"/>
          <line num="76" count="0" type="stmt"/>
          <line num="80" count="0" type="cond" truecount="0" falsecount="4"/>
          <line num="81" count="0" type="stmt"/>
          <line num="84" count="0" type="stmt"/>
          <line num="87" count="0" type="cond" truecount="0" falsecount="4"/>
          <line num="88" count="0" type="stmt"/>
          <line num="91" count="0" type="stmt"/>
          <line num="94" count="0" type="cond" truecount="0" falsecount="2"/>
          <line num="95" count="0" type="stmt"/>
          <line num="98" count="0" type="stmt"/>
          <line num="101" count="0" type="cond" truecount="0" falsecount="2"/>
          <line num="102" count="0" type="stmt"/>
          <line num="105" count="0" type="stmt"/>
          <line num="108" count="0" type="cond" truecount="0" falsecount="2"/>
          <line num="109" count="0" type="stmt"/>
          <line num="112" count="0" type="stmt"/>
          <line num="115" count="0" type="cond" truecount="0" falsecount="2"/>
          <line num="116" count="0" type="stmt"/>
          <line num="119" count="0" type="stmt"/>
          <line num="122" count="0" type="stmt"/>
          <line num="126" count="0" type="cond" truecount="0" falsecount="2"/>
          <line num="127" count="0" type="stmt"/>
          <line num="133" count="0" type="cond" truecount="0" falsecount="2"/>
          <line num="134" count="0" type="stmt"/>
          <line num="135" count="0" type="cond" truecount="0" falsecount="2"/>
          <line num="136" count="0" type="stmt"/>
          <line num="140" count="0" type="stmt"/>
          <line num="141" count="0" type="stmt"/>
          <line num="145" count="0" type="stmt"/>
          <line num="150" count="1" type="stmt"/>
        </file>
      </package>
      <package name="js.constants">
        <metrics statements="20" coveredstatements="20" conditionals="0" coveredconditionals="0" methods="0" coveredmethods="0"/>
        <file name="actionTypes.js" path="C:\Users\Chris\documents\webdev\gametrader\js\constants\actionTypes.js">
          <metrics statements="10" coveredstatements="10" conditionals="0" coveredconditionals="0" methods="0" coveredmethods="0"/>
          <line num="2" count="3" type="stmt"/>
          <line num="3" count="3" type="stmt"/>
          <line num="4" count="3" type="stmt"/>
          <line num="5" count="3" type="stmt"/>
          <line num="6" count="3" type="stmt"/>
          <line num="7" count="3" type="stmt"/>
          <line num="8" count="3" type="stmt"/>
          <line num="9" count="3" type="stmt"/>
          <line num="10" count="3" type="stmt"/>
          <line num="11" count="3" type="stmt"/>
        </file>
        <file name="gameConsoles.js" path="C:\Users\Chris\documents\webdev\gametrader\js\constants\gameConsoles.js">
          <metrics statements="1" coveredstatements="1" conditionals="0" coveredconditionals="0" methods="0" coveredmethods="0"/>
          <line num="1" count="2" type="stmt"/>
        </file>
        <file name="requestStrings.js" path="C:\Users\Chris\documents\webdev\gametrader\js\constants\requestStrings.js">
          <metrics statements="9" coveredstatements="9" conditionals="0" coveredconditionals="0" methods="0" coveredmethods="0"/>
          <line num="1" count="2" type="stmt"/>
          <line num="2" count="2" type="stmt"/>
          <line num="3" count="2" type="stmt"/>
          <line num="4" count="2" type="stmt"/>
          <line num="5" count="2" type="stmt"/>
          <line num="6" count="2" type="stmt"/>
          <line num="7" count="2" type="stmt"/>
          <line num="8" count="2" type="stmt"/>
          <line num="9" count="2" type="stmt"/>
        </file>
      </package>
      <package name="js.reducers">
        <metrics statements="16" coveredstatements="16" conditionals="14" coveredconditionals="14" methods="2" coveredmethods="2"/>
        <file name="gameReducer.js" path="C:\Users\Chris\documents\webdev\gametrader\js\reducers\gameReducer.js">
          <metrics statements="8" coveredstatements="8" conditionals="7" coveredconditionals="7" methods="1" coveredmethods="1"/>
          <line num="3" count="1" type="cond" truecount="1" falsecount="0"/>
          <line num="4" count="15" type="cond" truecount="6" falsecount="0"/>
          <line num="7" count="2" type="stmt"/>
          <line num="9" count="1" type="stmt"/>
          <line num="12" count="1" type="stmt"/>
          <line num="15" count="1" type="stmt"/>
          <line num="18" count="1" type="stmt"/>
          <line num="20" count="9" type="stmt"/>
        </file>
        <file name="requestReducer.js" path="C:\Users\Chris\documents\webdev\gametrader\js\reducers\requestReducer.js">
          <metrics statements="8" coveredstatements="8" conditionals="7" coveredconditionals="7" methods="1" coveredmethods="1"/>
          <line num="4" count="1" type="cond" truecount="1" falsecount="0"/>
          <line num="5" count="15" type="cond" truecount="6" falsecount="0"/>
          <line num="7" count="2" type="stmt"/>
          <line num="9" count="1" type="stmt"/>
          <line num="11" count="1" type="stmt"/>
          <line num="13" count="1" type="stmt"/>
          <line num="15" count="1" type="stmt"/>
          <line num="17" count="9" type="stmt"/>
        </file>
        <file name="rootReducer.js" path="C:\Users\Chris\documents\webdev\gametrader\js\reducers\rootReducer.js">
          <metrics statements="0" coveredstatements="0" conditionals="0" coveredconditionals="0" methods="0" coveredmethods="0"/>
        </file>
      </package>
    </metrics>
  </project>
</coverage>
