{"C:\\Users\\Chris\\documents\\webdev\\gametrader\\__mockData__\\mockData.js": {"path":"C:\\Users\\Chris\\documents\\webdev\\gametrader\\__mockData__\\mockData.js","statementMap":{"0":{"start":{"line":1,"column":28},"end":{"line":32,"column":1}},"1":{"start":{"line":34,"column":24},"end":{"line":80,"column":1}},"2":{"start":{"line":82,"column":25},"end":{"line":91,"column":1}}},"fnMap":{},"branchMap":{},"s":{"0":2,"1":2,"2":2},"f":{},"b":{},"_coverageSchema":"332fd63041d2c1bcb487cc26dd0d5f7d97098a6c","hash":"0f81494039ee7e7d3fbf4da122d66391903e27b6"}
,"C:\\Users\\Chris\\documents\\webdev\\gametrader\\js\\actions\\gameActions.js": {"path":"C:\\Users\\Chris\\documents\\webdev\\gametrader\\js\\actions\\gameActions.js","statementMap":{"0":{"start":{"line":3,"column":23},"end":{"line":12,"column":1}},"1":{"start":{"line":4,"column":2},"end":{"line":11,"column":3}},"2":{"start":{"line":5,"column":4},"end":{"line":10,"column":9}},"3":{"start":{"line":7,"column":8},"end":{"line":7,"column":56}},"4":{"start":{"line":9,"column":8},"end":{"line":9,"column":18}},"5":{"start":{"line":14,"column":26},"end":{"line":23,"column":1}},"6":{"start":{"line":15,"column":2},"end":{"line":22,"column":3}},"7":{"start":{"line":16,"column":4},"end":{"line":21,"column":9}},"8":{"start":{"line":18,"column":8},"end":{"line":18,"column":59}},"9":{"start":{"line":20,"column":8},"end":{"line":20,"column":18}},"10":{"start":{"line":25,"column":28},"end":{"line":34,"column":1}},"11":{"start":{"line":26,"column":2},"end":{"line":33,"column":3}},"12":{"start":{"line":27,"column":4},"end":{"line":32,"column":9}},"13":{"start":{"line":29,"column":8},"end":{"line":29,"column":62}},"14":{"start":{"line":31,"column":8},"end":{"line":31,"column":18}},"15":{"start":{"line":36,"column":29},"end":{"line":45,"column":1}},"16":{"start":{"line":37,"column":2},"end":{"line":44,"column":3}},"17":{"start":{"line":38,"column":4},"end":{"line":43,"column":9}},"18":{"start":{"line":40,"column":8},"end":{"line":40,"column":62}},"19":{"start":{"line":42,"column":8},"end":{"line":42,"column":18}},"20":{"start":{"line":47,"column":30},"end":{"line":48,"column":43}},"21":{"start":{"line":48,"column":3},"end":{"line":48,"column":42}}},"fnMap":{"0":{"name":"(anonymous_0)","decl":{"start":{"line":3,"column":23},"end":{"line":3,"column":24}},"loc":{"start":{"line":4,"column":2},"end":{"line":11,"column":3}},"line":4},"1":{"name":"(anonymous_1)","decl":{"start":{"line":4,"column":2},"end":{"line":4,"column":3}},"loc":{"start":{"line":4,"column":16},"end":{"line":11,"column":3}},"line":4},"2":{"name":"(anonymous_2)","decl":{"start":{"line":6,"column":12},"end":{"line":6,"column":13}},"loc":{"start":{"line":6,"column":21},"end":{"line":8,"column":7}},"line":6},"3":{"name":"(anonymous_3)","decl":{"start":{"line":8,"column":15},"end":{"line":8,"column":16}},"loc":{"start":{"line":8,"column":24},"end":{"line":10,"column":7}},"line":8},"4":{"name":"(anonymous_4)","decl":{"start":{"line":14,"column":26},"end":{"line":14,"column":27}},"loc":{"start":{"line":15,"column":2},"end":{"line":22,"column":3}},"line":15},"5":{"name":"(anonymous_5)","decl":{"start":{"line":15,"column":2},"end":{"line":15,"column":3}},"loc":{"start":{"line":15,"column":16},"end":{"line":22,"column":3}},"line":15},"6":{"name":"(anonymous_6)","decl":{"start":{"line":17,"column":12},"end":{"line":17,"column":13}},"loc":{"start":{"line":17,"column":21},"end":{"line":19,"column":7}},"line":17},"7":{"name":"(anonymous_7)","decl":{"start":{"line":19,"column":15},"end":{"line":19,"column":16}},"loc":{"start":{"line":19,"column":24},"end":{"line":21,"column":7}},"line":19},"8":{"name":"(anonymous_8)","decl":{"start":{"line":25,"column":28},"end":{"line":25,"column":29}},"loc":{"start":{"line":26,"column":2},"end":{"line":33,"column":3}},"line":26},"9":{"name":"(anonymous_9)","decl":{"start":{"line":26,"column":2},"end":{"line":26,"column":3}},"loc":{"start":{"line":26,"column":16},"end":{"line":33,"column":3}},"line":26},"10":{"name":"(anonymous_10)","decl":{"start":{"line":28,"column":12},"end":{"line":28,"column":13}},"loc":{"start":{"line":28,"column":21},"end":{"line":30,"column":7}},"line":28},"11":{"name":"(anonymous_11)","decl":{"start":{"line":30,"column":15},"end":{"line":30,"column":16}},"loc":{"start":{"line":30,"column":24},"end":{"line":32,"column":7}},"line":30},"12":{"name":"(anonymous_12)","decl":{"start":{"line":36,"column":29},"end":{"line":36,"column":30}},"loc":{"start":{"line":37,"column":2},"end":{"line":44,"column":3}},"line":37},"13":{"name":"(anonymous_13)","decl":{"start":{"line":37,"column":2},"end":{"line":37,"column":3}},"loc":{"start":{"line":37,"column":16},"end":{"line":44,"column":3}},"line":37},"14":{"name":"(anonymous_14)","decl":{"start":{"line":39,"column":12},"end":{"line":39,"column":13}},"loc":{"start":{"line":39,"column":21},"end":{"line":41,"column":7}},"line":39},"15":{"name":"(anonymous_15)","decl":{"start":{"line":41,"column":15},"end":{"line":41,"column":16}},"loc":{"start":{"line":41,"column":24},"end":{"line":43,"column":7}},"line":41},"16":{"name":"(anonymous_16)","decl":{"start":{"line":47,"column":30},"end":{"line":47,"column":31}},"loc":{"start":{"line":48,"column":3},"end":{"line":48,"column":42}},"line":48}},"branchMap":{},"s":{"0":5,"1":0,"2":0,"3":0,"4":0,"5":5,"6":0,"7":0,"8":0,"9":0,"10":5,"11":0,"12":0,"13":0,"14":0,"15":5,"16":0,"17":0,"18":0,"19":0,"20":5,"21":0},"f":{"0":0,"1":0,"2":0,"3":0,"4":0,"5":0,"6":0,"7":0,"8":0,"9":0,"10":0,"11":0,"12":0,"13":0,"14":0,"15":0,"16":0},"b":{},"_coverageSchema":"332fd63041d2c1bcb487cc26dd0d5f7d97098a6c","hash":"12f9527c7e8c83b9eff8f96e1952f394a5414774"}
,"C:\\Users\\Chris\\documents\\webdev\\gametrader\\js\\actions\\requestActions.js": {"path":"C:\\Users\\Chris\\documents\\webdev\\gametrader\\js\\actions\\requestActions.js","statementMap":{"0":{"start":{"line":3,"column":26},"end":{"line":12,"column":1}},"1":{"start":{"line":4,"column":2},"end":{"line":11,"column":3}},"2":{"start":{"line":5,"column":4},"end":{"line":10,"column":9}},"3":{"start":{"line":7,"column":8},"end":{"line":7,"column":59}},"4":{"start":{"line":9,"column":8},"end":{"line":9,"column":18}},"5":{"start":{"line":14,"column":29},"end":{"line":23,"column":1}},"6":{"start":{"line":15,"column":2},"end":{"line":22,"column":3}},"7":{"start":{"line":16,"column":4},"end":{"line":21,"column":9}},"8":{"start":{"line":18,"column":8},"end":{"line":18,"column":62}},"9":{"start":{"line":20,"column":8},"end":{"line":20,"column":18}},"10":{"start":{"line":25,"column":28},"end":{"line":34,"column":1}},"11":{"start":{"line":26,"column":2},"end":{"line":33,"column":3}},"12":{"start":{"line":27,"column":4},"end":{"line":32,"column":9}},"13":{"start":{"line":29,"column":8},"end":{"line":29,"column":61}},"14":{"start":{"line":31,"column":8},"end":{"line":31,"column":18}},"15":{"start":{"line":36,"column":31},"end":{"line":45,"column":1}},"16":{"start":{"line":37,"column":2},"end":{"line":44,"column":3}},"17":{"start":{"line":38,"column":4},"end":{"line":43,"column":9}},"18":{"start":{"line":40,"column":8},"end":{"line":40,"column":65}},"19":{"start":{"line":42,"column":8},"end":{"line":42,"column":18}},"20":{"start":{"line":47,"column":33},"end":{"line":48,"column":46}},"21":{"start":{"line":48,"column":3},"end":{"line":48,"column":45}}},"fnMap":{"0":{"name":"(anonymous_0)","decl":{"start":{"line":3,"column":26},"end":{"line":3,"column":27}},"loc":{"start":{"line":4,"column":2},"end":{"line":11,"column":3}},"line":4},"1":{"name":"(anonymous_1)","decl":{"start":{"line":4,"column":2},"end":{"line":4,"column":3}},"loc":{"start":{"line":4,"column":16},"end":{"line":11,"column":3}},"line":4},"2":{"name":"(anonymous_2)","decl":{"start":{"line":6,"column":12},"end":{"line":6,"column":13}},"loc":{"start":{"line":6,"column":21},"end":{"line":8,"column":7}},"line":6},"3":{"name":"(anonymous_3)","decl":{"start":{"line":8,"column":15},"end":{"line":8,"column":16}},"loc":{"start":{"line":8,"column":24},"end":{"line":10,"column":7}},"line":8},"4":{"name":"(anonymous_4)","decl":{"start":{"line":14,"column":29},"end":{"line":14,"column":30}},"loc":{"start":{"line":15,"column":2},"end":{"line":22,"column":3}},"line":15},"5":{"name":"(anonymous_5)","decl":{"start":{"line":15,"column":2},"end":{"line":15,"column":3}},"loc":{"start":{"line":15,"column":16},"end":{"line":22,"column":3}},"line":15},"6":{"name":"(anonymous_6)","decl":{"start":{"line":17,"column":12},"end":{"line":17,"column":13}},"loc":{"start":{"line":17,"column":21},"end":{"line":19,"column":7}},"line":17},"7":{"name":"(anonymous_7)","decl":{"start":{"line":19,"column":15},"end":{"line":19,"column":16}},"loc":{"start":{"line":19,"column":24},"end":{"line":21,"column":7}},"line":19},"8":{"name":"(anonymous_8)","decl":{"start":{"line":25,"column":28},"end":{"line":25,"column":29}},"loc":{"start":{"line":26,"column":2},"end":{"line":33,"column":3}},"line":26},"9":{"name":"(anonymous_9)","decl":{"start":{"line":26,"column":2},"end":{"line":26,"column":3}},"loc":{"start":{"line":26,"column":16},"end":{"line":33,"column":3}},"line":26},"10":{"name":"(anonymous_10)","decl":{"start":{"line":28,"column":12},"end":{"line":28,"column":13}},"loc":{"start":{"line":28,"column":21},"end":{"line":30,"column":7}},"line":28},"11":{"name":"(anonymous_11)","decl":{"start":{"line":30,"column":15},"end":{"line":30,"column":16}},"loc":{"start":{"line":30,"column":24},"end":{"line":32,"column":7}},"line":30},"12":{"name":"(anonymous_12)","decl":{"start":{"line":36,"column":31},"end":{"line":36,"column":32}},"loc":{"start":{"line":37,"column":2},"end":{"line":44,"column":3}},"line":37},"13":{"name":"(anonymous_13)","decl":{"start":{"line":37,"column":2},"end":{"line":37,"column":3}},"loc":{"start":{"line":37,"column":16},"end":{"line":44,"column":3}},"line":37},"14":{"name":"(anonymous_14)","decl":{"start":{"line":39,"column":12},"end":{"line":39,"column":13}},"loc":{"start":{"line":39,"column":21},"end":{"line":41,"column":7}},"line":39},"15":{"name":"(anonymous_15)","decl":{"start":{"line":41,"column":15},"end":{"line":41,"column":16}},"loc":{"start":{"line":41,"column":24},"end":{"line":43,"column":7}},"line":41},"16":{"name":"(anonymous_16)","decl":{"start":{"line":47,"column":33},"end":{"line":47,"column":34}},"loc":{"start":{"line":48,"column":3},"end":{"line":48,"column":45}},"line":48}},"branchMap":{},"s":{"0":3,"1":0,"2":0,"3":0,"4":0,"5":3,"6":0,"7":0,"8":0,"9":0,"10":3,"11":0,"12":0,"13":0,"14":0,"15":3,"16":0,"17":0,"18":0,"19":0,"20":3,"21":0},"f":{"0":0,"1":0,"2":0,"3":0,"4":0,"5":0,"6":0,"7":0,"8":0,"9":0,"10":0,"11":0,"12":0,"13":0,"14":0,"15":0,"16":0},"b":{},"_coverageSchema":"332fd63041d2c1bcb487cc26dd0d5f7d97098a6c","hash":"312fba17c289233ca6e5ad303a3207c279754c7d"}
,"C:\\Users\\Chris\\documents\\webdev\\gametrader\\js\\components\\BrowserSearchBar.jsx": {"path":"C:\\Users\\Chris\\documents\\webdev\\gametrader\\js\\components\\BrowserSearchBar.jsx","statementMap":{"0":{"start":{"line":6,"column":4},"end":{"line":6,"column":17}},"1":{"start":{"line":7,"column":4},"end":{"line":9,"column":6}},"2":{"start":{"line":11,"column":4},"end":{"line":11,"column":61}},"3":{"start":{"line":12,"column":4},"end":{"line":12,"column":69}},"4":{"start":{"line":16,"column":4},"end":{"line":18,"column":7}},"5":{"start":{"line":22,"column":4},"end":{"line":22,"column":49}},"6":{"start":{"line":26,"column":4},"end":{"line":40,"column":6}}},"fnMap":{"0":{"name":"(anonymous_0)","decl":{"start":{"line":5,"column":2},"end":{"line":5,"column":3}},"loc":{"start":{"line":5,"column":21},"end":{"line":13,"column":3}},"line":5},"1":{"name":"(anonymous_1)","decl":{"start":{"line":15,"column":2},"end":{"line":15,"column":3}},"loc":{"start":{"line":15,"column":22},"end":{"line":19,"column":3}},"line":15},"2":{"name":"(anonymous_2)","decl":{"start":{"line":21,"column":2},"end":{"line":21,"column":3}},"loc":{"start":{"line":21,"column":25},"end":{"line":23,"column":3}},"line":21},"3":{"name":"(anonymous_3)","decl":{"start":{"line":25,"column":2},"end":{"line":25,"column":3}},"loc":{"start":{"line":25,"column":11},"end":{"line":41,"column":3}},"line":25}},"branchMap":{},"s":{"0":1,"1":1,"2":1,"3":1,"4":0,"5":0,"6":1},"f":{"0":1,"1":0,"2":0,"3":1},"b":{},"_coverageSchema":"332fd63041d2c1bcb487cc26dd0d5f7d97098a6c","hash":"01143841d0dcbe98117df5eb4140e73cce054281"}
,"C:\\Users\\Chris\\documents\\webdev\\gametrader\\js\\components\\GameBrowser.jsx": {"path":"C:\\Users\\Chris\\documents\\webdev\\gametrader\\js\\components\\GameBrowser.jsx","statementMap":{"0":{"start":{"line":18,"column":4},"end":{"line":18,"column":17}},"1":{"start":{"line":19,"column":4},"end":{"line":26,"column":6}},"2":{"start":{"line":28,"column":4},"end":{"line":28,"column":51}},"3":{"start":{"line":29,"column":4},"end":{"line":29,"column":57}},"4":{"start":{"line":30,"column":4},"end":{"line":30,"column":51}},"5":{"start":{"line":31,"column":4},"end":{"line":31,"column":49}},"6":{"start":{"line":32,"column":4},"end":{"line":32,"column":79}},"7":{"start":{"line":36,"column":4},"end":{"line":36,"column":30}},"8":{"start":{"line":37,"column":4},"end":{"line":37,"column":32}},"9":{"start":{"line":41,"column":4},"end":{"line":50,"column":5}},"10":{"start":{"line":42,"column":6},"end":{"line":49,"column":10}},"11":{"start":{"line":51,"column":4},"end":{"line":51,"column":16}},"12":{"start":{"line":56,"column":18},"end":{"line":56,"column":20}},"13":{"start":{"line":58,"column":4},"end":{"line":62,"column":7}},"14":{"start":{"line":59,"column":6},"end":{"line":61,"column":7}},"15":{"start":{"line":60,"column":8},"end":{"line":60,"column":23}},"16":{"start":{"line":63,"column":4},"end":{"line":63,"column":19}},"17":{"start":{"line":67,"column":4},"end":{"line":87,"column":5}},"18":{"start":{"line":68,"column":6},"end":{"line":73,"column":10}},"19":{"start":{"line":75,"column":29},"end":{"line":75,"column":67}},"20":{"start":{"line":76,"column":6},"end":{"line":76,"column":68}},"21":{"start":{"line":79,"column":6},"end":{"line":82,"column":9}},"22":{"start":{"line":84,"column":6},"end":{"line":86,"column":9}},"23":{"start":{"line":91,"column":23},"end":{"line":91,"column":55}},"24":{"start":{"line":94,"column":4},"end":{"line":98,"column":7}},"25":{"start":{"line":95,"column":6},"end":{"line":97,"column":7}},"26":{"start":{"line":96,"column":8},"end":{"line":96,"column":29}},"27":{"start":{"line":100,"column":4},"end":{"line":103,"column":7}},"28":{"start":{"line":107,"column":25},"end":{"line":107,"column":27}},"29":{"start":{"line":108,"column":25},"end":{"line":108,"column":66}},"30":{"start":{"line":111,"column":4},"end":{"line":141,"column":7}},"31":{"start":{"line":116,"column":6},"end":{"line":138,"column":7}},"32":{"start":{"line":117,"column":8},"end":{"line":137,"column":13}},"33":{"start":{"line":119,"column":12},"end":{"line":132,"column":15}},"34":{"start":{"line":120,"column":36},"end":{"line":130,"column":15}},"35":{"start":{"line":131,"column":14},"end":{"line":131,"column":80}},"36":{"start":{"line":134,"column":12},"end":{"line":136,"column":15}},"37":{"start":{"line":140,"column":6},"end":{"line":140,"column":16}},"38":{"start":{"line":145,"column":4},"end":{"line":148,"column":7}},"39":{"start":{"line":152,"column":4},"end":{"line":236,"column":6}},"40":{"start":{"line":167,"column":16},"end":{"line":179,"column":22}},"41":{"start":{"line":198,"column":14},"end":{"line":203,"column":16}},"42":{"start":{"line":214,"column":18},"end":{"line":216,"column":27}},"43":{"start":{"line":241,"column":2},"end":{"line":243,"column":4}},"44":{"start":{"line":247,"column":2},"end":{"line":250,"column":15}}},"fnMap":{"0":{"name":"(anonymous_0)","decl":{"start":{"line":17,"column":2},"end":{"line":17,"column":3}},"loc":{"start":{"line":17,"column":21},"end":{"line":33,"column":3}},"line":17},"1":{"name":"(anonymous_1)","decl":{"start":{"line":35,"column":2},"end":{"line":35,"column":3}},"loc":{"start":{"line":35,"column":22},"end":{"line":38,"column":3}},"line":35},"2":{"name":"(anonymous_2)","decl":{"start":{"line":40,"column":2},"end":{"line":40,"column":3}},"loc":{"start":{"line":40,"column":21},"end":{"line":52,"column":3}},"line":40},"3":{"name":"(anonymous_3)","decl":{"start":{"line":55,"column":2},"end":{"line":55,"column":3}},"loc":{"start":{"line":55,"column":30},"end":{"line":64,"column":3}},"line":55},"4":{"name":"(anonymous_4)","decl":{"start":{"line":58,"column":35},"end":{"line":58,"column":36}},"loc":{"start":{"line":58,"column":45},"end":{"line":62,"column":5}},"line":58},"5":{"name":"(anonymous_5)","decl":{"start":{"line":66,"column":2},"end":{"line":66,"column":3}},"loc":{"start":{"line":66,"column":16},"end":{"line":88,"column":3}},"line":66},"6":{"name":"(anonymous_6)","decl":{"start":{"line":90,"column":2},"end":{"line":90,"column":3}},"loc":{"start":{"line":90,"column":24},"end":{"line":104,"column":3}},"line":90},"7":{"name":"(anonymous_7)","decl":{"start":{"line":94,"column":35},"end":{"line":94,"column":36}},"loc":{"start":{"line":94,"column":45},"end":{"line":98,"column":5}},"line":94},"8":{"name":"(anonymous_8)","decl":{"start":{"line":106,"column":2},"end":{"line":106,"column":3}},"loc":{"start":{"line":106,"column":21},"end":{"line":142,"column":3}},"line":106},"9":{"name":"(anonymous_9)","decl":{"start":{"line":115,"column":12},"end":{"line":115,"column":13}},"loc":{"start":{"line":115,"column":21},"end":{"line":139,"column":5}},"line":115},"10":{"name":"(anonymous_10)","decl":{"start":{"line":118,"column":16},"end":{"line":118,"column":17}},"loc":{"start":{"line":118,"column":27},"end":{"line":137,"column":11}},"line":118},"11":{"name":"(anonymous_11)","decl":{"start":{"line":119,"column":26},"end":{"line":119,"column":27}},"loc":{"start":{"line":119,"column":36},"end":{"line":132,"column":13}},"line":119},"12":{"name":"(anonymous_12)","decl":{"start":{"line":139,"column":13},"end":{"line":139,"column":14}},"loc":{"start":{"line":139,"column":22},"end":{"line":141,"column":5}},"line":139},"13":{"name":"(anonymous_13)","decl":{"start":{"line":144,"column":2},"end":{"line":144,"column":3}},"loc":{"start":{"line":144,"column":25},"end":{"line":149,"column":3}},"line":144},"14":{"name":"(anonymous_14)","decl":{"start":{"line":151,"column":2},"end":{"line":151,"column":3}},"loc":{"start":{"line":151,"column":11},"end":{"line":237,"column":3}},"line":151},"15":{"name":"(anonymous_15)","decl":{"start":{"line":166,"column":52},"end":{"line":166,"column":53}},"loc":{"start":{"line":167,"column":16},"end":{"line":179,"column":22}},"line":167},"16":{"name":"(anonymous_16)","decl":{"start":{"line":197,"column":38},"end":{"line":197,"column":39}},"loc":{"start":{"line":198,"column":14},"end":{"line":203,"column":16}},"line":198},"17":{"name":"(anonymous_17)","decl":{"start":{"line":213,"column":48},"end":{"line":213,"column":49}},"loc":{"start":{"line":214,"column":18},"end":{"line":216,"column":27}},"line":214},"18":{"name":"mapPropstoState","decl":{"start":{"line":240,"column":9},"end":{"line":240,"column":24}},"loc":{"start":{"line":240,"column":32},"end":{"line":244,"column":1}},"line":240},"19":{"name":"mapDispatchToProps","decl":{"start":{"line":246,"column":9},"end":{"line":246,"column":27}},"loc":{"start":{"line":246,"column":38},"end":{"line":251,"column":1}},"line":246}},"branchMap":{"0":{"loc":{"start":{"line":41,"column":4},"end":{"line":50,"column":5}},"type":"if","locations":[{"start":{"line":41,"column":4},"end":{"line":50,"column":5}},{"start":{"line":41,"column":4},"end":{"line":50,"column":5}}],"line":41},"1":{"loc":{"start":{"line":59,"column":6},"end":{"line":61,"column":7}},"type":"if","locations":[{"start":{"line":59,"column":6},"end":{"line":61,"column":7}},{"start":{"line":59,"column":6},"end":{"line":61,"column":7}}],"line":59},"2":{"loc":{"start":{"line":67,"column":4},"end":{"line":87,"column":5}},"type":"if","locations":[{"start":{"line":67,"column":4},"end":{"line":87,"column":5}},{"start":{"line":67,"column":4},"end":{"line":87,"column":5}}],"line":67},"3":{"loc":{"start":{"line":95,"column":6},"end":{"line":97,"column":7}},"type":"if","locations":[{"start":{"line":95,"column":6},"end":{"line":97,"column":7}},{"start":{"line":95,"column":6},"end":{"line":97,"column":7}}],"line":95},"4":{"loc":{"start":{"line":108,"column":25},"end":{"line":108,"column":66}},"type":"cond-expr","locations":[{"start":{"line":108,"column":47},"end":{"line":108,"column":57}},{"start":{"line":108,"column":60},"end":{"line":108,"column":66}}],"line":108},"5":{"loc":{"start":{"line":116,"column":6},"end":{"line":138,"column":7}},"type":"if","locations":[{"start":{"line":116,"column":6},"end":{"line":138,"column":7}},{"start":{"line":116,"column":6},"end":{"line":138,"column":7}}],"line":116},"6":{"loc":{"start":{"line":144,"column":14},"end":{"line":144,"column":23}},"type":"default-arg","locations":[{"start":{"line":144,"column":21},"end":{"line":144,"column":23}}],"line":144}},"s":{"0":1,"1":1,"2":1,"3":1,"4":1,"5":1,"6":1,"7":0,"8":0,"9":1,"10":0,"11":1,"12":0,"13":0,"14":0,"15":0,"16":0,"17":0,"18":0,"19":0,"20":0,"21":0,"22":0,"23":0,"24":0,"25":0,"26":0,"27":0,"28":0,"29":0,"30":0,"31":0,"32":0,"33":0,"34":0,"35":0,"36":0,"37":0,"38":0,"39":1,"40":0,"41":0,"42":2,"43":0,"44":0},"f":{"0":1,"1":0,"2":1,"3":0,"4":0,"5":0,"6":0,"7":0,"8":0,"9":0,"10":0,"11":0,"12":0,"13":0,"14":1,"15":0,"16":0,"17":2,"18":0,"19":0},"b":{"0":[0,1],"1":[0,0],"2":[0,0],"3":[0,0],"4":[0,0],"5":[0,0],"6":[0]},"_coverageSchema":"332fd63041d2c1bcb487cc26dd0d5f7d97098a6c","hash":"7b9d4d5c36dddce6d000911ff47673b0e8b307bc"}
,"C:\\Users\\Chris\\documents\\webdev\\gametrader\\js\\components\\GameCard.jsx": {"path":"C:\\Users\\Chris\\documents\\webdev\\gametrader\\js\\components\\GameCard.jsx","statementMap":{"0":{"start":{"line":6,"column":4},"end":{"line":10,"column":5}},"1":{"start":{"line":7,"column":6},"end":{"line":9,"column":8}},"2":{"start":{"line":14,"column":4},"end":{"line":27,"column":6}}},"fnMap":{"0":{"name":"(anonymous_0)","decl":{"start":{"line":5,"column":2},"end":{"line":5,"column":3}},"loc":{"start":{"line":5,"column":17},"end":{"line":11,"column":3}},"line":5},"1":{"name":"(anonymous_1)","decl":{"start":{"line":13,"column":2},"end":{"line":13,"column":3}},"loc":{"start":{"line":13,"column":11},"end":{"line":28,"column":3}},"line":13}},"branchMap":{"0":{"loc":{"start":{"line":6,"column":4},"end":{"line":10,"column":5}},"type":"if","locations":[{"start":{"line":6,"column":4},"end":{"line":10,"column":5}},{"start":{"line":6,"column":4},"end":{"line":10,"column":5}}],"line":6}},"s":{"0":1,"1":1,"2":1},"f":{"0":1,"1":1},"b":{"0":[1,0]},"_coverageSchema":"332fd63041d2c1bcb487cc26dd0d5f7d97098a6c","hash":"4aedfc8660249d434d7911a5c05b9af9a5aea383"}
,"C:\\Users\\Chris\\documents\\webdev\\gametrader\\js\\components\\GameItem.jsx": {"path":"C:\\Users\\Chris\\documents\\webdev\\gametrader\\js\\components\\GameItem.jsx","statementMap":{"0":{"start":{"line":11,"column":4},"end":{"line":11,"column":17}},"1":{"start":{"line":12,"column":4},"end":{"line":16,"column":6}},"2":{"start":{"line":18,"column":4},"end":{"line":18,"column":51}},"3":{"start":{"line":19,"column":4},"end":{"line":19,"column":55}},"4":{"start":{"line":20,"column":4},"end":{"line":20,"column":53}},"5":{"start":{"line":24,"column":4},"end":{"line":27,"column":7}},"6":{"start":{"line":31,"column":4},"end":{"line":33,"column":7}},"7":{"start":{"line":37,"column":20},"end":{"line":37,"column":22}},"8":{"start":{"line":39,"column":4},"end":{"line":43,"column":7}},"9":{"start":{"line":40,"column":6},"end":{"line":42,"column":7}},"10":{"start":{"line":41,"column":8},"end":{"line":41,"column":37}},"11":{"start":{"line":44,"column":4},"end":{"line":44,"column":21}},"12":{"start":{"line":48,"column":4},"end":{"line":50,"column":7}},"13":{"start":{"line":52,"column":4},"end":{"line":52,"column":23}},"14":{"start":{"line":56,"column":4},"end":{"line":88,"column":6}},"15":{"start":{"line":71,"column":14},"end":{"line":73,"column":30}},"16":{"start":{"line":93,"column":2},"end":{"line":95,"column":15}}},"fnMap":{"0":{"name":"(anonymous_0)","decl":{"start":{"line":10,"column":2},"end":{"line":10,"column":3}},"loc":{"start":{"line":10,"column":21},"end":{"line":21,"column":3}},"line":10},"1":{"name":"(anonymous_1)","decl":{"start":{"line":23,"column":2},"end":{"line":23,"column":3}},"loc":{"start":{"line":23,"column":33},"end":{"line":28,"column":3}},"line":23},"2":{"name":"(anonymous_2)","decl":{"start":{"line":30,"column":2},"end":{"line":30,"column":3}},"loc":{"start":{"line":30,"column":16},"end":{"line":34,"column":3}},"line":30},"3":{"name":"(anonymous_3)","decl":{"start":{"line":36,"column":2},"end":{"line":36,"column":3}},"loc":{"start":{"line":36,"column":35},"end":{"line":45,"column":3}},"line":36},"4":{"name":"(anonymous_4)","decl":{"start":{"line":39,"column":21},"end":{"line":39,"column":22}},"loc":{"start":{"line":39,"column":38},"end":{"line":43,"column":5}},"line":39},"5":{"name":"(anonymous_5)","decl":{"start":{"line":47,"column":2},"end":{"line":47,"column":3}},"loc":{"start":{"line":47,"column":18},"end":{"line":53,"column":3}},"line":47},"6":{"name":"(anonymous_6)","decl":{"start":{"line":55,"column":2},"end":{"line":55,"column":3}},"loc":{"start":{"line":55,"column":11},"end":{"line":89,"column":3}},"line":55},"7":{"name":"(anonymous_7)","decl":{"start":{"line":70,"column":40},"end":{"line":70,"column":41}},"loc":{"start":{"line":71,"column":14},"end":{"line":73,"column":30}},"line":71},"8":{"name":"mapDispatchToProps","decl":{"start":{"line":92,"column":9},"end":{"line":92,"column":27}},"loc":{"start":{"line":92,"column":38},"end":{"line":96,"column":1}},"line":92}},"branchMap":{"0":{"loc":{"start":{"line":40,"column":6},"end":{"line":42,"column":7}},"type":"if","locations":[{"start":{"line":40,"column":6},"end":{"line":42,"column":7}},{"start":{"line":40,"column":6},"end":{"line":42,"column":7}}],"line":40}},"s":{"0":1,"1":1,"2":1,"3":1,"4":1,"5":0,"6":0,"7":0,"8":0,"9":0,"10":0,"11":0,"12":0,"13":0,"14":1,"15":5,"16":0},"f":{"0":1,"1":0,"2":0,"3":0,"4":0,"5":0,"6":1,"7":5,"8":0},"b":{"0":[0,0]},"_coverageSchema":"332fd63041d2c1bcb487cc26dd0d5f7d97098a6c","hash":"ead7836db7fe18da4ba22c24071fd282ed537a37"}
,"C:\\Users\\Chris\\documents\\webdev\\gametrader\\js\\components\\GameList.jsx": {"path":"C:\\Users\\Chris\\documents\\webdev\\gametrader\\js\\components\\GameList.jsx","statementMap":{"0":{"start":{"line":14,"column":4},"end":{"line":14,"column":17}},"1":{"start":{"line":15,"column":4},"end":{"line":24,"column":6}},"2":{"start":{"line":26,"column":4},"end":{"line":26,"column":51}},"3":{"start":{"line":27,"column":4},"end":{"line":27,"column":61}},"4":{"start":{"line":28,"column":4},"end":{"line":28,"column":49}},"5":{"start":{"line":29,"column":4},"end":{"line":29,"column":61}},"6":{"start":{"line":30,"column":4},"end":{"line":30,"column":55}},"7":{"start":{"line":31,"column":4},"end":{"line":31,"column":55}},"8":{"start":{"line":32,"column":4},"end":{"line":32,"column":63}},"9":{"start":{"line":33,"column":4},"end":{"line":33,"column":81}},"10":{"start":{"line":40,"column":4},"end":{"line":40,"column":32}},"11":{"start":{"line":44,"column":4},"end":{"line":44,"column":30}},"12":{"start":{"line":48,"column":4},"end":{"line":51,"column":7}},"13":{"start":{"line":55,"column":4},"end":{"line":60,"column":5}},"14":{"start":{"line":56,"column":6},"end":{"line":58,"column":9}},"15":{"start":{"line":59,"column":6},"end":{"line":59,"column":19}},"16":{"start":{"line":62,"column":4},"end":{"line":67,"column":5}},"17":{"start":{"line":63,"column":6},"end":{"line":65,"column":9}},"18":{"start":{"line":66,"column":6},"end":{"line":66,"column":19}},"19":{"start":{"line":68,"column":4},"end":{"line":68,"column":16}},"20":{"start":{"line":72,"column":4},"end":{"line":74,"column":7}},"21":{"start":{"line":76,"column":4},"end":{"line":96,"column":5}},"22":{"start":{"line":77,"column":6},"end":{"line":95,"column":11}},"23":{"start":{"line":79,"column":10},"end":{"line":92,"column":13}},"24":{"start":{"line":80,"column":12},"end":{"line":91,"column":13}},"25":{"start":{"line":82,"column":14},"end":{"line":82,"column":79}},"26":{"start":{"line":84,"column":14},"end":{"line":86,"column":17}},"27":{"start":{"line":88,"column":14},"end":{"line":90,"column":17}},"28":{"start":{"line":94,"column":10},"end":{"line":94,"column":20}},"29":{"start":{"line":100,"column":4},"end":{"line":104,"column":7}},"30":{"start":{"line":109,"column":4},"end":{"line":111,"column":7}},"31":{"start":{"line":110,"column":6},"end":{"line":110,"column":85}},"32":{"start":{"line":112,"column":4},"end":{"line":112,"column":90}},"33":{"start":{"line":114,"column":4},"end":{"line":117,"column":7}},"34":{"start":{"line":122,"column":25},"end":{"line":122,"column":29}},"35":{"start":{"line":124,"column":4},"end":{"line":131,"column":7}},"36":{"start":{"line":125,"column":6},"end":{"line":130,"column":7}},"37":{"start":{"line":126,"column":8},"end":{"line":128,"column":11}},"38":{"start":{"line":129,"column":8},"end":{"line":129,"column":31}},"39":{"start":{"line":132,"column":4},"end":{"line":132,"column":26}},"40":{"start":{"line":136,"column":4},"end":{"line":147,"column":5}},"41":{"start":{"line":137,"column":6},"end":{"line":145,"column":12}},"42":{"start":{"line":146,"column":6},"end":{"line":146,"column":25}},"43":{"start":{"line":151,"column":4},"end":{"line":154,"column":7}},"44":{"start":{"line":158,"column":4},"end":{"line":260,"column":6}},"45":{"start":{"line":170,"column":16},"end":{"line":181,"column":22}},"46":{"start":{"line":222,"column":24},"end":{"line":224,"column":33}},"47":{"start":{"line":238,"column":24},"end":{"line":244,"column":30}},"48":{"start":{"line":240,"column":48},"end":{"line":240,"column":73}},"49":{"start":{"line":265,"column":2},"end":{"line":267,"column":4}},"50":{"start":{"line":271,"column":2},"end":{"line":276,"column":15}}},"fnMap":{"0":{"name":"(anonymous_0)","decl":{"start":{"line":13,"column":2},"end":{"line":13,"column":3}},"loc":{"start":{"line":13,"column":21},"end":{"line":34,"column":3}},"line":13},"1":{"name":"(anonymous_1)","decl":{"start":{"line":36,"column":2},"end":{"line":36,"column":3}},"loc":{"start":{"line":36,"column":23},"end":{"line":41,"column":3}},"line":36},"2":{"name":"(anonymous_2)","decl":{"start":{"line":43,"column":2},"end":{"line":43,"column":3}},"loc":{"start":{"line":43,"column":22},"end":{"line":45,"column":3}},"line":43},"3":{"name":"(anonymous_3)","decl":{"start":{"line":47,"column":2},"end":{"line":47,"column":3}},"loc":{"start":{"line":47,"column":16},"end":{"line":52,"column":3}},"line":47},"4":{"name":"(anonymous_4)","decl":{"start":{"line":54,"column":2},"end":{"line":54,"column":3}},"loc":{"start":{"line":54,"column":22},"end":{"line":69,"column":3}},"line":54},"5":{"name":"(anonymous_5)","decl":{"start":{"line":71,"column":2},"end":{"line":71,"column":3}},"loc":{"start":{"line":71,"column":15},"end":{"line":97,"column":3}},"line":71},"6":{"name":"(anonymous_6)","decl":{"start":{"line":78,"column":14},"end":{"line":78,"column":15}},"loc":{"start":{"line":78,"column":23},"end":{"line":93,"column":9}},"line":78},"7":{"name":"(anonymous_7)","decl":{"start":{"line":79,"column":26},"end":{"line":79,"column":27}},"loc":{"start":{"line":79,"column":38},"end":{"line":92,"column":11}},"line":79},"8":{"name":"(anonymous_8)","decl":{"start":{"line":93,"column":17},"end":{"line":93,"column":18}},"loc":{"start":{"line":93,"column":26},"end":{"line":95,"column":9}},"line":93},"9":{"name":"(anonymous_9)","decl":{"start":{"line":99,"column":2},"end":{"line":99,"column":3}},"loc":{"start":{"line":99,"column":22},"end":{"line":105,"column":3}},"line":99},"10":{"name":"(anonymous_10)","decl":{"start":{"line":107,"column":2},"end":{"line":107,"column":3}},"loc":{"start":{"line":107,"column":33},"end":{"line":118,"column":3}},"line":107},"11":{"name":"(anonymous_11)","decl":{"start":{"line":109,"column":30},"end":{"line":109,"column":31}},"loc":{"start":{"line":109,"column":40},"end":{"line":111,"column":5}},"line":109},"12":{"name":"(anonymous_12)","decl":{"start":{"line":120,"column":2},"end":{"line":120,"column":3}},"loc":{"start":{"line":120,"column":31},"end":{"line":133,"column":3}},"line":120},"13":{"name":"(anonymous_13)","decl":{"start":{"line":124,"column":43},"end":{"line":124,"column":44}},"loc":{"start":{"line":124,"column":53},"end":{"line":131,"column":5}},"line":124},"14":{"name":"(anonymous_14)","decl":{"start":{"line":135,"column":2},"end":{"line":135,"column":3}},"loc":{"start":{"line":135,"column":21},"end":{"line":148,"column":3}},"line":135},"15":{"name":"(anonymous_15)","decl":{"start":{"line":150,"column":2},"end":{"line":150,"column":3}},"loc":{"start":{"line":150,"column":23},"end":{"line":155,"column":3}},"line":150},"16":{"name":"(anonymous_16)","decl":{"start":{"line":157,"column":2},"end":{"line":157,"column":3}},"loc":{"start":{"line":157,"column":11},"end":{"line":261,"column":3}},"line":157},"17":{"name":"(anonymous_17)","decl":{"start":{"line":169,"column":42},"end":{"line":169,"column":43}},"loc":{"start":{"line":170,"column":16},"end":{"line":181,"column":22}},"line":170},"18":{"name":"(anonymous_18)","decl":{"start":{"line":221,"column":40},"end":{"line":221,"column":41}},"loc":{"start":{"line":222,"column":24},"end":{"line":224,"column":33}},"line":222},"19":{"name":"(anonymous_19)","decl":{"start":{"line":237,"column":49},"end":{"line":237,"column":50}},"loc":{"start":{"line":238,"column":24},"end":{"line":244,"column":30}},"line":238},"20":{"name":"(anonymous_20)","decl":{"start":{"line":240,"column":40},"end":{"line":240,"column":41}},"loc":{"start":{"line":240,"column":46},"end":{"line":240,"column":75}},"line":240},"21":{"name":"mapStateToProps","decl":{"start":{"line":264,"column":9},"end":{"line":264,"column":24}},"loc":{"start":{"line":264,"column":32},"end":{"line":268,"column":1}},"line":264},"22":{"name":"mapDispatchToProps","decl":{"start":{"line":270,"column":9},"end":{"line":270,"column":27}},"loc":{"start":{"line":270,"column":38},"end":{"line":277,"column":1}},"line":270}},"branchMap":{"0":{"loc":{"start":{"line":55,"column":4},"end":{"line":60,"column":5}},"type":"if","locations":[{"start":{"line":55,"column":4},"end":{"line":60,"column":5}},{"start":{"line":55,"column":4},"end":{"line":60,"column":5}}],"line":55},"1":{"loc":{"start":{"line":62,"column":4},"end":{"line":67,"column":5}},"type":"if","locations":[{"start":{"line":62,"column":4},"end":{"line":67,"column":5}},{"start":{"line":62,"column":4},"end":{"line":67,"column":5}}],"line":62},"2":{"loc":{"start":{"line":76,"column":4},"end":{"line":96,"column":5}},"type":"if","locations":[{"start":{"line":76,"column":4},"end":{"line":96,"column":5}},{"start":{"line":76,"column":4},"end":{"line":96,"column":5}}],"line":76},"3":{"loc":{"start":{"line":80,"column":12},"end":{"line":91,"column":13}},"type":"if","locations":[{"start":{"line":80,"column":12},"end":{"line":91,"column":13}},{"start":{"line":80,"column":12},"end":{"line":91,"column":13}}],"line":80},"4":{"loc":{"start":{"line":125,"column":6},"end":{"line":130,"column":7}},"type":"if","locations":[{"start":{"line":125,"column":6},"end":{"line":130,"column":7}},{"start":{"line":125,"column":6},"end":{"line":130,"column":7}}],"line":125},"5":{"loc":{"start":{"line":136,"column":4},"end":{"line":147,"column":5}},"type":"if","locations":[{"start":{"line":136,"column":4},"end":{"line":147,"column":5}},{"start":{"line":136,"column":4},"end":{"line":147,"column":5}}],"line":136}},"s":{"0":1,"1":1,"2":1,"3":1,"4":1,"5":1,"6":1,"7":1,"8":1,"9":1,"10":1,"11":0,"12":0,"13":0,"14":0,"15":0,"16":0,"17":0,"18":0,"19":0,"20":0,"21":0,"22":0,"23":0,"24":0,"25":0,"26":0,"27":0,"28":0,"29":0,"30":0,"31":0,"32":0,"33":0,"34":0,"35":0,"36":0,"37":0,"38":0,"39":0,"40":0,"41":0,"42":0,"43":0,"44":1,"45":2,"46":28,"47":0,"48":0,"49":0,"50":0},"f":{"0":1,"1":1,"2":0,"3":0,"4":0,"5":0,"6":0,"7":0,"8":0,"9":0,"10":0,"11":0,"12":0,"13":0,"14":0,"15":0,"16":1,"17":2,"18":28,"19":0,"20":0,"21":0,"22":0},"b":{"0":[0,0],"1":[0,0],"2":[0,0],"3":[0,0],"4":[0,0],"5":[0,0]},"_coverageSchema":"332fd63041d2c1bcb487cc26dd0d5f7d97098a6c","hash":"d299095f30999b0d445ec2813fd0f99a415a9df9"}
,"C:\\Users\\Chris\\documents\\webdev\\gametrader\\js\\components\\GameRequestDescription.jsx": {"path":"C:\\Users\\Chris\\documents\\webdev\\gametrader\\js\\components\\GameRequestDescription.jsx","statementMap":{"0":{"start":{"line":7,"column":4},"end":{"line":7,"column":17}},"1":{"start":{"line":8,"column":4},"end":{"line":11,"column":6}},"2":{"start":{"line":13,"column":4},"end":{"line":13,"column":53}},"3":{"start":{"line":14,"column":4},"end":{"line":14,"column":57}},"4":{"start":{"line":18,"column":4},"end":{"line":39,"column":5}},"5":{"start":{"line":19,"column":6},"end":{"line":38,"column":8}},"6":{"start":{"line":27,"column":12},"end":{"line":34,"column":28}},"7":{"start":{"line":43,"column":4},"end":{"line":46,"column":7}},"8":{"start":{"line":50,"column":4},"end":{"line":61,"column":6}}},"fnMap":{"0":{"name":"(anonymous_0)","decl":{"start":{"line":6,"column":2},"end":{"line":6,"column":3}},"loc":{"start":{"line":6,"column":21},"end":{"line":15,"column":3}},"line":6},"1":{"name":"(anonymous_1)","decl":{"start":{"line":17,"column":2},"end":{"line":17,"column":3}},"loc":{"start":{"line":17,"column":19},"end":{"line":40,"column":3}},"line":17},"2":{"name":"(anonymous_2)","decl":{"start":{"line":26,"column":38},"end":{"line":26,"column":39}},"loc":{"start":{"line":27,"column":12},"end":{"line":34,"column":28}},"line":27},"3":{"name":"(anonymous_3)","decl":{"start":{"line":42,"column":2},"end":{"line":42,"column":3}},"loc":{"start":{"line":42,"column":33},"end":{"line":47,"column":3}},"line":42},"4":{"name":"(anonymous_4)","decl":{"start":{"line":49,"column":2},"end":{"line":49,"column":3}},"loc":{"start":{"line":49,"column":11},"end":{"line":62,"column":3}},"line":49}},"branchMap":{"0":{"loc":{"start":{"line":18,"column":4},"end":{"line":39,"column":5}},"type":"if","locations":[{"start":{"line":18,"column":4},"end":{"line":39,"column":5}},{"start":{"line":18,"column":4},"end":{"line":39,"column":5}}],"line":18}},"s":{"0":1,"1":1,"2":1,"3":1,"4":1,"5":1,"6":5,"7":0,"8":1},"f":{"0":1,"1":1,"2":5,"3":0,"4":1},"b":{"0":[1,0]},"_coverageSchema":"332fd63041d2c1bcb487cc26dd0d5f7d97098a6c","hash":"0555e18820ae89c34f627e918ed34dcabcf09c6c"}
,"C:\\Users\\Chris\\documents\\webdev\\gametrader\\js\\components\\GameRequestIcon.jsx": {"path":"C:\\Users\\Chris\\documents\\webdev\\gametrader\\js\\components\\GameRequestIcon.jsx","statementMap":{"0":{"start":{"line":6,"column":4},"end":{"line":12,"column":6}}},"fnMap":{"0":{"name":"(anonymous_0)","decl":{"start":{"line":5,"column":2},"end":{"line":5,"column":3}},"loc":{"start":{"line":5,"column":11},"end":{"line":13,"column":3}},"line":5}},"branchMap":{},"s":{"0":1},"f":{"0":1},"b":{},"_coverageSchema":"332fd63041d2c1bcb487cc26dd0d5f7d97098a6c","hash":"db0a06c89f851415d30eab4eee5308b5a5a6b144"}
,"C:\\Users\\Chris\\documents\\webdev\\gametrader\\js\\components\\Login.jsx": {"path":"C:\\Users\\Chris\\documents\\webdev\\gametrader\\js\\components\\Login.jsx","statementMap":{"0":{"start":{"line":7,"column":4},"end":{"line":7,"column":17}},"1":{"start":{"line":8,"column":4},"end":{"line":15,"column":6}},"2":{"start":{"line":17,"column":4},"end":{"line":17,"column":55}},"3":{"start":{"line":18,"column":4},"end":{"line":18,"column":57}},"4":{"start":{"line":19,"column":4},"end":{"line":19,"column":55}},"5":{"start":{"line":20,"column":4},"end":{"line":20,"column":49}},"6":{"start":{"line":24,"column":25},"end":{"line":24,"column":59}},"7":{"start":{"line":25,"column":4},"end":{"line":25,"column":49}},"8":{"start":{"line":27,"column":4},"end":{"line":31,"column":7}},"9":{"start":{"line":37,"column":4},"end":{"line":48,"column":5}},"10":{"start":{"line":38,"column":6},"end":{"line":40,"column":9}},"11":{"start":{"line":41,"column":6},"end":{"line":41,"column":19}},"12":{"start":{"line":43,"column":11},"end":{"line":48,"column":5}},"13":{"start":{"line":44,"column":6},"end":{"line":46,"column":9}},"14":{"start":{"line":47,"column":6},"end":{"line":47,"column":19}},"15":{"start":{"line":51,"column":4},"end":{"line":51,"column":16}},"16":{"start":{"line":55,"column":4},"end":{"line":75,"column":5}},"17":{"start":{"line":56,"column":6},"end":{"line":74,"column":9}},"18":{"start":{"line":62,"column":8},"end":{"line":73,"column":9}},"19":{"start":{"line":63,"column":10},"end":{"line":72,"column":13}},"20":{"start":{"line":64,"column":12},"end":{"line":71,"column":13}},"21":{"start":{"line":65,"column":14},"end":{"line":65,"column":66}},"22":{"start":{"line":66,"column":14},"end":{"line":66,"column":54}},"23":{"start":{"line":68,"column":14},"end":{"line":70,"column":17}},"24":{"start":{"line":79,"column":4},"end":{"line":79,"column":39}},"25":{"start":{"line":83,"column":4},"end":{"line":126,"column":6}}},"fnMap":{"0":{"name":"(anonymous_0)","decl":{"start":{"line":6,"column":2},"end":{"line":6,"column":3}},"loc":{"start":{"line":6,"column":21},"end":{"line":21,"column":3}},"line":6},"1":{"name":"(anonymous_1)","decl":{"start":{"line":23,"column":2},"end":{"line":23,"column":3}},"loc":{"start":{"line":23,"column":20},"end":{"line":32,"column":3}},"line":23},"2":{"name":"(anonymous_2)","decl":{"start":{"line":35,"column":2},"end":{"line":35,"column":3}},"loc":{"start":{"line":35,"column":18},"end":{"line":52,"column":3}},"line":35},"3":{"name":"(anonymous_3)","decl":{"start":{"line":54,"column":2},"end":{"line":54,"column":3}},"loc":{"start":{"line":54,"column":18},"end":{"line":76,"column":3}},"line":54},"4":{"name":"(anonymous_4)","decl":{"start":{"line":61,"column":14},"end":{"line":61,"column":15}},"loc":{"start":{"line":61,"column":23},"end":{"line":74,"column":7}},"line":61},"5":{"name":"(anonymous_5)","decl":{"start":{"line":63,"column":26},"end":{"line":63,"column":27}},"loc":{"start":{"line":63,"column":37},"end":{"line":72,"column":11}},"line":63},"6":{"name":"(anonymous_6)","decl":{"start":{"line":78,"column":2},"end":{"line":78,"column":3}},"loc":{"start":{"line":78,"column":15},"end":{"line":80,"column":3}},"line":78},"7":{"name":"(anonymous_7)","decl":{"start":{"line":82,"column":2},"end":{"line":82,"column":3}},"loc":{"start":{"line":82,"column":11},"end":{"line":127,"column":3}},"line":82}},"branchMap":{"0":{"loc":{"start":{"line":37,"column":4},"end":{"line":48,"column":5}},"type":"if","locations":[{"start":{"line":37,"column":4},"end":{"line":48,"column":5}},{"start":{"line":37,"column":4},"end":{"line":48,"column":5}}],"line":37},"1":{"loc":{"start":{"line":43,"column":11},"end":{"line":48,"column":5}},"type":"if","locations":[{"start":{"line":43,"column":11},"end":{"line":48,"column":5}},{"start":{"line":43,"column":11},"end":{"line":48,"column":5}}],"line":43},"2":{"loc":{"start":{"line":55,"column":4},"end":{"line":75,"column":5}},"type":"if","locations":[{"start":{"line":55,"column":4},"end":{"line":75,"column":5}},{"start":{"line":55,"column":4},"end":{"line":75,"column":5}}],"line":55},"3":{"loc":{"start":{"line":62,"column":8},"end":{"line":73,"column":9}},"type":"if","locations":[{"start":{"line":62,"column":8},"end":{"line":73,"column":9}},{"start":{"line":62,"column":8},"end":{"line":73,"column":9}}],"line":62},"4":{"loc":{"start":{"line":64,"column":12},"end":{"line":71,"column":13}},"type":"if","locations":[{"start":{"line":64,"column":12},"end":{"line":71,"column":13}},{"start":{"line":64,"column":12},"end":{"line":71,"column":13}}],"line":64}},"s":{"0":1,"1":1,"2":1,"3":1,"4":1,"5":1,"6":0,"7":0,"8":0,"9":0,"10":0,"11":0,"12":0,"13":0,"14":0,"15":0,"16":0,"17":0,"18":0,"19":0,"20":0,"21":0,"22":0,"23":0,"24":0,"25":1},"f":{"0":1,"1":0,"2":0,"3":0,"4":0,"5":0,"6":0,"7":1},"b":{"0":[0,0],"1":[0,0],"2":[0,0],"3":[0,0],"4":[0,0]},"_coverageSchema":"332fd63041d2c1bcb487cc26dd0d5f7d97098a6c","hash":"fedf54dd726d1f32856abbd191299b972991b2e3"}
,"C:\\Users\\Chris\\documents\\webdev\\gametrader\\js\\components\\Menu.jsx": {"path":"C:\\Users\\Chris\\documents\\webdev\\gametrader\\js\\components\\Menu.jsx","statementMap":{"0":{"start":{"line":6,"column":15},"end":{"line":11,"column":1}},"1":{"start":{"line":7,"column":2},"end":{"line":10,"column":5}},"2":{"start":{"line":15,"column":4},"end":{"line":32,"column":6}}},"fnMap":{"0":{"name":"(anonymous_0)","decl":{"start":{"line":6,"column":15},"end":{"line":6,"column":16}},"loc":{"start":{"line":6,"column":21},"end":{"line":11,"column":1}},"line":6},"1":{"name":"(anonymous_1)","decl":{"start":{"line":14,"column":2},"end":{"line":14,"column":3}},"loc":{"start":{"line":14,"column":11},"end":{"line":33,"column":3}},"line":14}},"branchMap":{},"s":{"0":2,"1":0,"2":1},"f":{"0":0,"1":1},"b":{},"_coverageSchema":"332fd63041d2c1bcb487cc26dd0d5f7d97098a6c","hash":"b7e1f4dd5f8d549a5516df5b02c07d0a88a48d5f"}
,"C:\\Users\\Chris\\documents\\webdev\\gametrader\\js\\components\\RequestItem.jsx": {"path":"C:\\Users\\Chris\\documents\\webdev\\gametrader\\js\\components\\RequestItem.jsx","statementMap":{"0":{"start":{"line":13,"column":4},"end":{"line":13,"column":17}},"1":{"start":{"line":14,"column":4},"end":{"line":17,"column":6}},"2":{"start":{"line":19,"column":4},"end":{"line":19,"column":51}},"3":{"start":{"line":20,"column":4},"end":{"line":20,"column":51}},"4":{"start":{"line":21,"column":4},"end":{"line":21,"column":53}},"5":{"start":{"line":22,"column":4},"end":{"line":22,"column":51}},"6":{"start":{"line":23,"column":4},"end":{"line":23,"column":61}},"7":{"start":{"line":24,"column":4},"end":{"line":24,"column":61}},"8":{"start":{"line":25,"column":4},"end":{"line":25,"column":77}},"9":{"start":{"line":29,"column":4},"end":{"line":35,"column":5}},"10":{"start":{"line":30,"column":6},"end":{"line":30,"column":46}},"11":{"start":{"line":31,"column":11},"end":{"line":35,"column":5}},"12":{"start":{"line":32,"column":6},"end":{"line":32,"column":53}},"13":{"start":{"line":33,"column":11},"end":{"line":35,"column":5}},"14":{"start":{"line":34,"column":6},"end":{"line":34,"column":84}},"15":{"start":{"line":36,"column":4},"end":{"line":36,"column":14}},"16":{"start":{"line":40,"column":4},"end":{"line":61,"column":5}},"17":{"start":{"line":41,"column":6},"end":{"line":52,"column":7}},"18":{"start":{"line":42,"column":8},"end":{"line":44,"column":10}},"19":{"start":{"line":43,"column":52},"end":{"line":43,"column":83}},"20":{"start":{"line":45,"column":13},"end":{"line":52,"column":7}},"21":{"start":{"line":46,"column":8},"end":{"line":51,"column":10}},"22":{"start":{"line":48,"column":80},"end":{"line":48,"column":110}},"23":{"start":{"line":53,"column":11},"end":{"line":61,"column":5}},"24":{"start":{"line":54,"column":6},"end":{"line":56,"column":8}},"25":{"start":{"line":57,"column":11},"end":{"line":61,"column":5}},"26":{"start":{"line":58,"column":6},"end":{"line":60,"column":8}},"27":{"start":{"line":65,"column":4},"end":{"line":71,"column":5}},"28":{"start":{"line":66,"column":6},"end":{"line":66,"column":31}},"29":{"start":{"line":67,"column":11},"end":{"line":71,"column":5}},"30":{"start":{"line":68,"column":6},"end":{"line":68,"column":32}},"31":{"start":{"line":69,"column":11},"end":{"line":71,"column":5}},"32":{"start":{"line":70,"column":6},"end":{"line":70,"column":32}},"33":{"start":{"line":75,"column":4},"end":{"line":77,"column":7}},"34":{"start":{"line":81,"column":4},"end":{"line":84,"column":7}},"35":{"start":{"line":87,"column":4},"end":{"line":87,"column":23}},"36":{"start":{"line":91,"column":4},"end":{"line":95,"column":7}},"37":{"start":{"line":100,"column":4},"end":{"line":103,"column":7}},"38":{"start":{"line":105,"column":4},"end":{"line":108,"column":7}},"39":{"start":{"line":111,"column":4},"end":{"line":111,"column":23}},"40":{"start":{"line":115,"column":4},"end":{"line":154,"column":6}},"41":{"start":{"line":159,"column":2},"end":{"line":161,"column":4}},"42":{"start":{"line":165,"column":2},"end":{"line":171,"column":15}}},"fnMap":{"0":{"name":"(anonymous_0)","decl":{"start":{"line":12,"column":2},"end":{"line":12,"column":3}},"loc":{"start":{"line":12,"column":21},"end":{"line":26,"column":3}},"line":12},"1":{"name":"(anonymous_1)","decl":{"start":{"line":28,"column":2},"end":{"line":28,"column":3}},"loc":{"start":{"line":28,"column":21},"end":{"line":37,"column":3}},"line":28},"2":{"name":"(anonymous_2)","decl":{"start":{"line":39,"column":2},"end":{"line":39,"column":3}},"loc":{"start":{"line":39,"column":21},"end":{"line":62,"column":3}},"line":39},"3":{"name":"(anonymous_3)","decl":{"start":{"line":43,"column":44},"end":{"line":43,"column":45}},"loc":{"start":{"line":43,"column":50},"end":{"line":43,"column":85}},"line":43},"4":{"name":"(anonymous_4)","decl":{"start":{"line":48,"column":72},"end":{"line":48,"column":73}},"loc":{"start":{"line":48,"column":78},"end":{"line":48,"column":112}},"line":48},"5":{"name":"(anonymous_5)","decl":{"start":{"line":64,"column":2},"end":{"line":64,"column":3}},"loc":{"start":{"line":64,"column":35},"end":{"line":72,"column":3}},"line":64},"6":{"name":"(anonymous_6)","decl":{"start":{"line":74,"column":2},"end":{"line":74,"column":3}},"loc":{"start":{"line":74,"column":16},"end":{"line":78,"column":3}},"line":74},"7":{"name":"(anonymous_7)","decl":{"start":{"line":80,"column":2},"end":{"line":80,"column":3}},"loc":{"start":{"line":80,"column":16},"end":{"line":88,"column":3}},"line":80},"8":{"name":"(anonymous_8)","decl":{"start":{"line":90,"column":2},"end":{"line":90,"column":3}},"loc":{"start":{"line":90,"column":21},"end":{"line":96,"column":3}},"line":90},"9":{"name":"(anonymous_9)","decl":{"start":{"line":98,"column":2},"end":{"line":98,"column":3}},"loc":{"start":{"line":98,"column":16},"end":{"line":112,"column":3}},"line":98},"10":{"name":"(anonymous_10)","decl":{"start":{"line":114,"column":2},"end":{"line":114,"column":3}},"loc":{"start":{"line":114,"column":11},"end":{"line":155,"column":3}},"line":114},"11":{"name":"mapStateToProps","decl":{"start":{"line":158,"column":9},"end":{"line":158,"column":24}},"loc":{"start":{"line":158,"column":32},"end":{"line":162,"column":1}},"line":158},"12":{"name":"mapDispatchToProps","decl":{"start":{"line":164,"column":9},"end":{"line":164,"column":27}},"loc":{"start":{"line":164,"column":38},"end":{"line":172,"column":1}},"line":164}},"branchMap":{"0":{"loc":{"start":{"line":29,"column":4},"end":{"line":35,"column":5}},"type":"if","locations":[{"start":{"line":29,"column":4},"end":{"line":35,"column":5}},{"start":{"line":29,"column":4},"end":{"line":35,"column":5}}],"line":29},"1":{"loc":{"start":{"line":31,"column":11},"end":{"line":35,"column":5}},"type":"if","locations":[{"start":{"line":31,"column":11},"end":{"line":35,"column":5}},{"start":{"line":31,"column":11},"end":{"line":35,"column":5}}],"line":31},"2":{"loc":{"start":{"line":33,"column":11},"end":{"line":35,"column":5}},"type":"if","locations":[{"start":{"line":33,"column":11},"end":{"line":35,"column":5}},{"start":{"line":33,"column":11},"end":{"line":35,"column":5}}],"line":33},"3":{"loc":{"start":{"line":40,"column":4},"end":{"line":61,"column":5}},"type":"if","locations":[{"start":{"line":40,"column":4},"end":{"line":61,"column":5}},{"start":{"line":40,"column":4},"end":{"line":61,"column":5}}],"line":40},"4":{"loc":{"start":{"line":41,"column":6},"end":{"line":52,"column":7}},"type":"if","locations":[{"start":{"line":41,"column":6},"end":{"line":52,"column":7}},{"start":{"line":41,"column":6},"end":{"line":52,"column":7}}],"line":41},"5":{"loc":{"start":{"line":45,"column":13},"end":{"line":52,"column":7}},"type":"if","locations":[{"start":{"line":45,"column":13},"end":{"line":52,"column":7}},{"start":{"line":45,"column":13},"end":{"line":52,"column":7}}],"line":45},"6":{"loc":{"start":{"line":53,"column":11},"end":{"line":61,"column":5}},"type":"if","locations":[{"start":{"line":53,"column":11},"end":{"line":61,"column":5}},{"start":{"line":53,"column":11},"end":{"line":61,"column":5}}],"line":53},"7":{"loc":{"start":{"line":57,"column":11},"end":{"line":61,"column":5}},"type":"if","locations":[{"start":{"line":57,"column":11},"end":{"line":61,"column":5}},{"start":{"line":57,"column":11},"end":{"line":61,"column":5}}],"line":57},"8":{"loc":{"start":{"line":57,"column":15},"end":{"line":57,"column":80}},"type":"binary-expr","locations":[{"start":{"line":57,"column":15},"end":{"line":57,"column":45}},{"start":{"line":57,"column":49},"end":{"line":57,"column":80}}],"line":57},"9":{"loc":{"start":{"line":65,"column":4},"end":{"line":71,"column":5}},"type":"if","locations":[{"start":{"line":65,"column":4},"end":{"line":71,"column":5}},{"start":{"line":65,"column":4},"end":{"line":71,"column":5}}],"line":65},"10":{"loc":{"start":{"line":67,"column":11},"end":{"line":71,"column":5}},"type":"if","locations":[{"start":{"line":67,"column":11},"end":{"line":71,"column":5}},{"start":{"line":67,"column":11},"end":{"line":71,"column":5}}],"line":67},"11":{"loc":{"start":{"line":69,"column":11},"end":{"line":71,"column":5}},"type":"if","locations":[{"start":{"line":69,"column":11},"end":{"line":71,"column":5}},{"start":{"line":69,"column":11},"end":{"line":71,"column":5}}],"line":69},"12":{"loc":{"start":{"line":69,"column":15},"end":{"line":69,"column":58}},"type":"binary-expr","locations":[{"start":{"line":69,"column":15},"end":{"line":69,"column":34}},{"start":{"line":69,"column":38},"end":{"line":69,"column":58}}],"line":69}},"s":{"0":28,"1":28,"2":28,"3":28,"4":28,"5":28,"6":28,"7":28,"8":28,"9":28,"10":5,"11":23,"12":5,"13":18,"14":5,"15":13,"16":28,"17":12,"18":5,"19":0,"20":7,"21":7,"22":0,"23":16,"24":5,"25":11,"26":10,"27":56,"28":24,"29":32,"30":10,"31":22,"32":20,"33":0,"34":0,"35":0,"36":0,"37":0,"38":0,"39":0,"40":28,"41":0,"42":0},"f":{"0":28,"1":28,"2":28,"3":0,"4":0,"5":56,"6":0,"7":0,"8":0,"9":0,"10":28,"11":0,"12":0},"b":{"0":[5,23],"1":[5,18],"2":[5,13],"3":[12,16],"4":[5,7],"5":[7,0],"6":[5,11],"7":[10,1],"8":[11,6],"9":[24,32],"10":[10,22],"11":[20,2],"12":[22,12]},"_coverageSchema":"332fd63041d2c1bcb487cc26dd0d5f7d97098a6c","hash":"81482b321dd2c1d0b59a886c8f49e2dd71ddd0e4"}
,"C:\\Users\\Chris\\documents\\webdev\\gametrader\\js\\components\\RequestList.jsx": {"path":"C:\\Users\\Chris\\documents\\webdev\\gametrader\\js\\components\\RequestList.jsx","statementMap":{"0":{"start":{"line":10,"column":4},"end":{"line":10,"column":17}},"1":{"start":{"line":11,"column":4},"end":{"line":13,"column":6}},"2":{"start":{"line":20,"column":4},"end":{"line":20,"column":35}},"3":{"start":{"line":24,"column":4},"end":{"line":24,"column":33}},"4":{"start":{"line":25,"column":4},"end":{"line":27,"column":7}},"5":{"start":{"line":31,"column":4},"end":{"line":58,"column":6}},"6":{"start":{"line":44,"column":14},"end":{"line":52,"column":20}},"7":{"start":{"line":63,"column":2},"end":{"line":65,"column":4}},"8":{"start":{"line":69,"column":2},"end":{"line":74,"column":15}}},"fnMap":{"0":{"name":"(anonymous_0)","decl":{"start":{"line":9,"column":2},"end":{"line":9,"column":3}},"loc":{"start":{"line":9,"column":21},"end":{"line":14,"column":3}},"line":9},"1":{"name":"(anonymous_1)","decl":{"start":{"line":16,"column":2},"end":{"line":16,"column":3}},"loc":{"start":{"line":16,"column":23},"end":{"line":21,"column":3}},"line":16},"2":{"name":"(anonymous_2)","decl":{"start":{"line":23,"column":2},"end":{"line":23,"column":3}},"loc":{"start":{"line":23,"column":22},"end":{"line":28,"column":3}},"line":23},"3":{"name":"(anonymous_3)","decl":{"start":{"line":30,"column":2},"end":{"line":30,"column":3}},"loc":{"start":{"line":30,"column":11},"end":{"line":59,"column":3}},"line":30},"4":{"name":"(anonymous_4)","decl":{"start":{"line":43,"column":46},"end":{"line":43,"column":47}},"loc":{"start":{"line":44,"column":14},"end":{"line":52,"column":20}},"line":44},"5":{"name":"mapStateToProps","decl":{"start":{"line":62,"column":9},"end":{"line":62,"column":24}},"loc":{"start":{"line":62,"column":32},"end":{"line":66,"column":1}},"line":62},"6":{"name":"mapDispatchToProps","decl":{"start":{"line":68,"column":9},"end":{"line":68,"column":27}},"loc":{"start":{"line":68,"column":38},"end":{"line":75,"column":1}},"line":68}},"branchMap":{},"s":{"0":1,"1":1,"2":1,"3":0,"4":0,"5":1,"6":2,"7":0,"8":0},"f":{"0":1,"1":1,"2":0,"3":1,"4":2,"5":0,"6":0},"b":{},"_coverageSchema":"332fd63041d2c1bcb487cc26dd0d5f7d97098a6c","hash":"de3802600ae9e065f83fd813ff8ad087f19819ed"}
,"C:\\Users\\Chris\\documents\\webdev\\gametrader\\js\\components\\SignUp.jsx": {"path":"C:\\Users\\Chris\\documents\\webdev\\gametrader\\js\\components\\SignUp.jsx","statementMap":{"0":{"start":{"line":7,"column":4},"end":{"line":7,"column":17}},"1":{"start":{"line":8,"column":4},"end":{"line":25,"column":6}},"2":{"start":{"line":27,"column":4},"end":{"line":27,"column":53}},"3":{"start":{"line":28,"column":4},"end":{"line":28,"column":61}},"4":{"start":{"line":29,"column":4},"end":{"line":29,"column":57}},"5":{"start":{"line":33,"column":17},"end":{"line":33,"column":54}},"6":{"start":{"line":34,"column":4},"end":{"line":34,"column":49}},"7":{"start":{"line":36,"column":4},"end":{"line":44,"column":7}},"8":{"start":{"line":48,"column":4},"end":{"line":50,"column":5}},"9":{"start":{"line":49,"column":6},"end":{"line":49,"column":18}},"10":{"start":{"line":51,"column":4},"end":{"line":51,"column":17}},"11":{"start":{"line":56,"column":17},"end":{"line":56,"column":35}},"12":{"start":{"line":59,"column":4},"end":{"line":78,"column":7}},"13":{"start":{"line":60,"column":19},"end":{"line":60,"column":33}},"14":{"start":{"line":61,"column":6},"end":{"line":77,"column":7}},"15":{"start":{"line":64,"column":8},"end":{"line":70,"column":9}},"16":{"start":{"line":65,"column":10},"end":{"line":65,"column":35}},"17":{"start":{"line":66,"column":15},"end":{"line":70,"column":9}},"18":{"start":{"line":67,"column":10},"end":{"line":67,"column":30}},"19":{"start":{"line":69,"column":10},"end":{"line":69,"column":35}},"20":{"start":{"line":72,"column":8},"end":{"line":74,"column":11}},"21":{"start":{"line":76,"column":8},"end":{"line":76,"column":21}},"22":{"start":{"line":80,"column":4},"end":{"line":85,"column":5}},"23":{"start":{"line":81,"column":6},"end":{"line":83,"column":9}},"24":{"start":{"line":84,"column":6},"end":{"line":84,"column":19}},"25":{"start":{"line":87,"column":4},"end":{"line":92,"column":5}},"26":{"start":{"line":88,"column":6},"end":{"line":90,"column":9}},"27":{"start":{"line":91,"column":6},"end":{"line":91,"column":19}},"28":{"start":{"line":94,"column":4},"end":{"line":99,"column":5}},"29":{"start":{"line":95,"column":6},"end":{"line":97,"column":9}},"30":{"start":{"line":98,"column":6},"end":{"line":98,"column":19}},"31":{"start":{"line":101,"column":4},"end":{"line":106,"column":5}},"32":{"start":{"line":102,"column":6},"end":{"line":104,"column":9}},"33":{"start":{"line":105,"column":6},"end":{"line":105,"column":19}},"34":{"start":{"line":108,"column":4},"end":{"line":113,"column":5}},"35":{"start":{"line":109,"column":6},"end":{"line":111,"column":9}},"36":{"start":{"line":112,"column":6},"end":{"line":112,"column":19}},"37":{"start":{"line":115,"column":4},"end":{"line":120,"column":5}},"38":{"start":{"line":116,"column":6},"end":{"line":118,"column":9}},"39":{"start":{"line":119,"column":6},"end":{"line":119,"column":19}},"40":{"start":{"line":122,"column":4},"end":{"line":122,"column":16}},"41":{"start":{"line":126,"column":4},"end":{"line":146,"column":5}},"42":{"start":{"line":127,"column":6},"end":{"line":145,"column":72}},"43":{"start":{"line":133,"column":8},"end":{"line":144,"column":9}},"44":{"start":{"line":134,"column":10},"end":{"line":143,"column":13}},"45":{"start":{"line":135,"column":12},"end":{"line":142,"column":13}},"46":{"start":{"line":136,"column":14},"end":{"line":138,"column":17}},"47":{"start":{"line":140,"column":14},"end":{"line":140,"column":69}},"48":{"start":{"line":141,"column":14},"end":{"line":141,"column":55}},"49":{"start":{"line":145,"column":22},"end":{"line":145,"column":70}},"50":{"start":{"line":150,"column":4},"end":{"line":233,"column":6}}},"fnMap":{"0":{"name":"(anonymous_0)","decl":{"start":{"line":6,"column":2},"end":{"line":6,"column":3}},"loc":{"start":{"line":6,"column":21},"end":{"line":30,"column":3}},"line":6},"1":{"name":"(anonymous_1)","decl":{"start":{"line":32,"column":2},"end":{"line":32,"column":3}},"loc":{"start":{"line":32,"column":22},"end":{"line":45,"column":3}},"line":32},"2":{"name":"(anonymous_2)","decl":{"start":{"line":47,"column":2},"end":{"line":47,"column":3}},"loc":{"start":{"line":47,"column":28},"end":{"line":52,"column":3}},"line":47},"3":{"name":"(anonymous_3)","decl":{"start":{"line":55,"column":2},"end":{"line":55,"column":3}},"loc":{"start":{"line":55,"column":19},"end":{"line":123,"column":3}},"line":55},"4":{"name":"(anonymous_4)","decl":{"start":{"line":59,"column":26},"end":{"line":59,"column":27}},"loc":{"start":{"line":59,"column":37},"end":{"line":78,"column":5}},"line":59},"5":{"name":"(anonymous_5)","decl":{"start":{"line":125,"column":2},"end":{"line":125,"column":3}},"loc":{"start":{"line":125,"column":21},"end":{"line":147,"column":3}},"line":125},"6":{"name":"(anonymous_6)","decl":{"start":{"line":132,"column":14},"end":{"line":132,"column":15}},"loc":{"start":{"line":132,"column":23},"end":{"line":145,"column":7}},"line":132},"7":{"name":"(anonymous_7)","decl":{"start":{"line":134,"column":26},"end":{"line":134,"column":27}},"loc":{"start":{"line":134,"column":38},"end":{"line":143,"column":11}},"line":134},"8":{"name":"(anonymous_8)","decl":{"start":{"line":145,"column":15},"end":{"line":145,"column":16}},"loc":{"start":{"line":145,"column":22},"end":{"line":145,"column":70}},"line":145},"9":{"name":"(anonymous_9)","decl":{"start":{"line":149,"column":2},"end":{"line":149,"column":3}},"loc":{"start":{"line":149,"column":11},"end":{"line":234,"column":3}},"line":149}},"branchMap":{"0":{"loc":{"start":{"line":48,"column":4},"end":{"line":50,"column":5}},"type":"if","locations":[{"start":{"line":48,"column":4},"end":{"line":50,"column":5}},{"start":{"line":48,"column":4},"end":{"line":50,"column":5}}],"line":48},"1":{"loc":{"start":{"line":61,"column":6},"end":{"line":77,"column":7}},"type":"if","locations":[{"start":{"line":61,"column":6},"end":{"line":77,"column":7}},{"start":{"line":61,"column":6},"end":{"line":77,"column":7}}],"line":61},"2":{"loc":{"start":{"line":64,"column":8},"end":{"line":70,"column":9}},"type":"if","locations":[{"start":{"line":64,"column":8},"end":{"line":70,"column":9}},{"start":{"line":64,"column":8},"end":{"line":70,"column":9}}],"line":64},"3":{"loc":{"start":{"line":66,"column":15},"end":{"line":70,"column":9}},"type":"if","locations":[{"start":{"line":66,"column":15},"end":{"line":70,"column":9}},{"start":{"line":66,"column":15},"end":{"line":70,"column":9}}],"line":66},"4":{"loc":{"start":{"line":66,"column":19},"end":{"line":66,"column":87}},"type":"binary-expr","locations":[{"start":{"line":66,"column":19},"end":{"line":66,"column":51}},{"start":{"line":66,"column":55},"end":{"line":66,"column":87}}],"line":66},"5":{"loc":{"start":{"line":80,"column":4},"end":{"line":85,"column":5}},"type":"if","locations":[{"start":{"line":80,"column":4},"end":{"line":85,"column":5}},{"start":{"line":80,"column":4},"end":{"line":85,"column":5}}],"line":80},"6":{"loc":{"start":{"line":80,"column":8},"end":{"line":80,"column":71}},"type":"binary-expr","locations":[{"start":{"line":80,"column":8},"end":{"line":80,"column":32}},{"start":{"line":80,"column":36},"end":{"line":80,"column":71}}],"line":80},"7":{"loc":{"start":{"line":87,"column":4},"end":{"line":92,"column":5}},"type":"if","locations":[{"start":{"line":87,"column":4},"end":{"line":92,"column":5}},{"start":{"line":87,"column":4},"end":{"line":92,"column":5}}],"line":87},"8":{"loc":{"start":{"line":87,"column":8},"end":{"line":87,"column":73}},"type":"binary-expr","locations":[{"start":{"line":87,"column":8},"end":{"line":87,"column":33}},{"start":{"line":87,"column":37},"end":{"line":87,"column":73}}],"line":87},"9":{"loc":{"start":{"line":94,"column":4},"end":{"line":99,"column":5}},"type":"if","locations":[{"start":{"line":94,"column":4},"end":{"line":99,"column":5}},{"start":{"line":94,"column":4},"end":{"line":99,"column":5}}],"line":94},"10":{"loc":{"start":{"line":101,"column":4},"end":{"line":106,"column":5}},"type":"if","locations":[{"start":{"line":101,"column":4},"end":{"line":106,"column":5}},{"start":{"line":101,"column":4},"end":{"line":106,"column":5}}],"line":101},"11":{"loc":{"start":{"line":108,"column":4},"end":{"line":113,"column":5}},"type":"if","locations":[{"start":{"line":108,"column":4},"end":{"line":113,"column":5}},{"start":{"line":108,"column":4},"end":{"line":113,"column":5}}],"line":108},"12":{"loc":{"start":{"line":115,"column":4},"end":{"line":120,"column":5}},"type":"if","locations":[{"start":{"line":115,"column":4},"end":{"line":120,"column":5}},{"start":{"line":115,"column":4},"end":{"line":120,"column":5}}],"line":115},"13":{"loc":{"start":{"line":126,"column":4},"end":{"line":146,"column":5}},"type":"if","locations":[{"start":{"line":126,"column":4},"end":{"line":146,"column":5}},{"start":{"line":126,"column":4},"end":{"line":146,"column":5}}],"line":126},"14":{"loc":{"start":{"line":133,"column":8},"end":{"line":144,"column":9}},"type":"if","locations":[{"start":{"line":133,"column":8},"end":{"line":144,"column":9}},{"start":{"line":133,"column":8},"end":{"line":144,"column":9}}],"line":133},"15":{"loc":{"start":{"line":135,"column":12},"end":{"line":142,"column":13}},"type":"if","locations":[{"start":{"line":135,"column":12},"end":{"line":142,"column":13}},{"start":{"line":135,"column":12},"end":{"line":142,"column":13}}],"line":135}},"s":{"0":1,"1":1,"2":1,"3":1,"4":1,"5":0,"6":0,"7":0,"8":0,"9":0,"10":0,"11":0,"12":0,"13":0,"14":0,"15":0,"16":0,"17":0,"18":0,"19":0,"20":0,"21":0,"22":0,"23":0,"24":0,"25":0,"26":0,"27":0,"28":0,"29":0,"30":0,"31":0,"32":0,"33":0,"34":0,"35":0,"36":0,"37":0,"38":0,"39":0,"40":0,"41":0,"42":0,"43":0,"44":0,"45":0,"46":0,"47":0,"48":0,"49":0,"50":1},"f":{"0":1,"1":0,"2":0,"3":0,"4":0,"5":0,"6":0,"7":0,"8":0,"9":1},"b":{"0":[0,0],"1":[0,0],"2":[0,0],"3":[0,0],"4":[0,0],"5":[0,0],"6":[0,0],"7":[0,0],"8":[0,0],"9":[0,0],"10":[0,0],"11":[0,0],"12":[0,0],"13":[0,0],"14":[0,0],"15":[0,0]},"_coverageSchema":"332fd63041d2c1bcb487cc26dd0d5f7d97098a6c","hash":"607e8ef22ecdcb3b2511efe7e2a654a323a31bec"}
,"C:\\Users\\Chris\\documents\\webdev\\gametrader\\js\\constants\\actionTypes.js": {"path":"C:\\Users\\Chris\\documents\\webdev\\gametrader\\js\\constants\\actionTypes.js","statementMap":{"0":{"start":{"line":2,"column":24},"end":{"line":2,"column":34}},"1":{"start":{"line":3,"column":27},"end":{"line":3,"column":40}},"2":{"start":{"line":4,"column":30},"end":{"line":4,"column":46}},"3":{"start":{"line":5,"column":29},"end":{"line":5,"column":44}},"4":{"start":{"line":6,"column":30},"end":{"line":6,"column":46}},"5":{"start":{"line":7,"column":33},"end":{"line":7,"column":52}},"6":{"start":{"line":8,"column":35},"end":{"line":8,"column":56}},"7":{"start":{"line":9,"column":27},"end":{"line":9,"column":40}},"8":{"start":{"line":10,"column":30},"end":{"line":10,"column":46}},"9":{"start":{"line":11,"column":32},"end":{"line":11,"column":50}}},"fnMap":{},"branchMap":{},"s":{"0":1,"1":1,"2":1,"3":1,"4":1,"5":1,"6":1,"7":1,"8":1,"9":1},"f":{},"b":{},"_coverageSchema":"332fd63041d2c1bcb487cc26dd0d5f7d97098a6c","hash":"b7705c333b68c56b09fa042408a1a07e9cf0dc72"}
,"C:\\Users\\Chris\\documents\\webdev\\gametrader\\js\\constants\\gameConsoles.js": {"path":"C:\\Users\\Chris\\documents\\webdev\\gametrader\\js\\constants\\gameConsoles.js","statementMap":{"0":{"start":{"line":1,"column":28},"end":{"line":114,"column":1}}},"fnMap":{},"branchMap":{},"s":{"0":2},"f":{},"b":{},"_coverageSchema":"332fd63041d2c1bcb487cc26dd0d5f7d97098a6c","hash":"e7d7d6558f0139c2a53bb513a9f8958c5062b1ed"}
,"C:\\Users\\Chris\\documents\\webdev\\gametrader\\js\\constants\\requestStrings.js": {"path":"C:\\Users\\Chris\\documents\\webdev\\gametrader\\js\\constants\\requestStrings.js","statementMap":{"0":{"start":{"line":1,"column":24},"end":{"line":1,"column":34}},"1":{"start":{"line":2,"column":24},"end":{"line":2,"column":34}},"2":{"start":{"line":3,"column":23},"end":{"line":3,"column":32}},"3":{"start":{"line":4,"column":24},"end":{"line":4,"column":34}},"4":{"start":{"line":5,"column":24},"end":{"line":5,"column":34}},"5":{"start":{"line":6,"column":25},"end":{"line":6,"column":36}},"6":{"start":{"line":7,"column":28},"end":{"line":7,"column":42}},"7":{"start":{"line":8,"column":28},"end":{"line":8,"column":42}},"8":{"start":{"line":9,"column":35},"end":{"line":9,"column":50}}},"fnMap":{},"branchMap":{},"s":{"0":2,"1":2,"2":2,"3":2,"4":2,"5":2,"6":2,"7":2,"8":2},"f":{},"b":{},"_coverageSchema":"332fd63041d2c1bcb487cc26dd0d5f7d97098a6c","hash":"ca075dabee59e40eb8e74d3fe69815c9022bc771"}
,"C:\\Users\\Chris\\documents\\webdev\\gametrader\\js\\reducers\\gameReducer.js": {"path":"C:\\Users\\Chris\\documents\\webdev\\gametrader\\js\\reducers\\gameReducer.js","statementMap":{"0":{"start":{"line":3,"column":27},"end":{"line":22,"column":1}},"1":{"start":{"line":4,"column":2},"end":{"line":21,"column":3}},"2":{"start":{"line":7,"column":6},"end":{"line":7,"column":58}},"3":{"start":{"line":9,"column":6},"end":{"line":9,"column":42}},"4":{"start":{"line":12,"column":6},"end":{"line":12,"column":42}},"5":{"start":{"line":15,"column":6},"end":{"line":15,"column":42}},"6":{"start":{"line":18,"column":6},"end":{"line":18,"column":25}},"7":{"start":{"line":20,"column":6},"end":{"line":20,"column":19}}},"fnMap":{"0":{"name":"(anonymous_0)","decl":{"start":{"line":3,"column":27},"end":{"line":3,"column":28}},"loc":{"start":{"line":3,"column":60},"end":{"line":22,"column":1}},"line":3}},"branchMap":{"0":{"loc":{"start":{"line":3,"column":28},"end":{"line":3,"column":47}},"type":"default-arg","locations":[{"start":{"line":3,"column":36},"end":{"line":3,"column":47}}],"line":3},"1":{"loc":{"start":{"line":4,"column":2},"end":{"line":21,"column":3}},"type":"switch","locations":[{"start":{"line":5,"column":4},"end":{"line":7,"column":58}},{"start":{"line":8,"column":4},"end":{"line":9,"column":42}},{"start":{"line":10,"column":4},"end":{"line":12,"column":42}},{"start":{"line":13,"column":4},"end":{"line":15,"column":42}},{"start":{"line":16,"column":4},"end":{"line":18,"column":25}},{"start":{"line":19,"column":4},"end":{"line":20,"column":19}}],"line":4}},"s":{"0":1,"1":3,"2":0,"3":0,"4":0,"5":0,"6":0,"7":3},"f":{"0":3},"b":{"0":[3],"1":[0,0,0,0,0,3]},"_coverageSchema":"332fd63041d2c1bcb487cc26dd0d5f7d97098a6c","hash":"f1e1b99f170f55a9572ce962449ddf8bd5d33fab"}
,"C:\\Users\\Chris\\documents\\webdev\\gametrader\\js\\reducers\\requestReducer.js": {"path":"C:\\Users\\Chris\\documents\\webdev\\gametrader\\js\\reducers\\requestReducer.js","statementMap":{"0":{"start":{"line":4,"column":30},"end":{"line":19,"column":1}},"1":{"start":{"line":5,"column":2},"end":{"line":18,"column":3}},"2":{"start":{"line":7,"column":6},"end":{"line":7,"column":64}},"3":{"start":{"line":9,"column":6},"end":{"line":9,"column":45}},"4":{"start":{"line":11,"column":6},"end":{"line":11,"column":45}},"5":{"start":{"line":13,"column":6},"end":{"line":13,"column":45}},"6":{"start":{"line":15,"column":6},"end":{"line":15,"column":28}},"7":{"start":{"line":17,"column":6},"end":{"line":17,"column":19}}},"fnMap":{"0":{"name":"(anonymous_0)","decl":{"start":{"line":4,"column":30},"end":{"line":4,"column":31}},"loc":{"start":{"line":4,"column":66},"end":{"line":19,"column":1}},"line":4}},"branchMap":{"0":{"loc":{"start":{"line":4,"column":31},"end":{"line":4,"column":53}},"type":"default-arg","locations":[{"start":{"line":4,"column":39},"end":{"line":4,"column":53}}],"line":4},"1":{"loc":{"start":{"line":5,"column":2},"end":{"line":18,"column":3}},"type":"switch","locations":[{"start":{"line":6,"column":4},"end":{"line":7,"column":64}},{"start":{"line":8,"column":4},"end":{"line":9,"column":45}},{"start":{"line":10,"column":4},"end":{"line":11,"column":45}},{"start":{"line":12,"column":4},"end":{"line":13,"column":45}},{"start":{"line":14,"column":4},"end":{"line":15,"column":28}},{"start":{"line":16,"column":4},"end":{"line":17,"column":19}}],"line":5}},"s":{"0":1,"1":3,"2":0,"3":0,"4":0,"5":0,"6":0,"7":3},"f":{"0":3},"b":{"0":[3],"1":[0,0,0,0,0,3]},"_coverageSchema":"332fd63041d2c1bcb487cc26dd0d5f7d97098a6c","hash":"ec33fd70ec56a6155446e29a20723f0e9c800553"}
,"C:\\Users\\Chris\\documents\\webdev\\gametrader\\js\\reducers\\rootReducer.js": {"path":"C:\\Users\\Chris\\documents\\webdev\\gametrader\\js\\reducers\\rootReducer.js","statementMap":{},"fnMap":{},"branchMap":{},"s":{},"f":{},"b":{},"_coverageSchema":"332fd63041d2c1bcb487cc26dd0d5f7d97098a6c","hash":"e87186839a5ef89cf390df79ab217656082781d6"}
}
