{"C:\\Users\\Chris\\documents\\webdev\\gametrader\\__mockData__\\mockData.js": {"path":"C:\\Users\\Chris\\documents\\webdev\\gametrader\\__mockData__\\mockData.js","statementMap":{"0":{"start":{"line":1,"column":28},"end":{"line":32,"column":1}},"1":{"start":{"line":34,"column":24},"end":{"line":83,"column":1}},"2":{"start":{"line":85,"column":25},"end":{"line":94,"column":1}},"3":{"start":{"line":96,"column":24},"end":{"line":110,"column":1}},"4":{"start":{"line":112,"column":23},"end":{"line":126,"column":1}},"5":{"start":{"line":128,"column":23},"end":{"line":142,"column":1}},"6":{"start":{"line":145,"column":4},"end":{"line":179,"column":5}},"7":{"start":{"line":181,"column":31},"end":{"line":215,"column":5}}},"fnMap":{},"branchMap":{},"s":{"0":5,"1":5,"2":5,"3":5,"4":5,"5":5,"6":5,"7":5},"f":{},"b":{},"_coverageSchema":"332fd63041d2c1bcb487cc26dd0d5f7d97098a6c","hash":"17fdad96407e92952c9dce415ff8aea2a96a105c"}
,"C:\\Users\\Chris\\documents\\webdev\\gametrader\\js\\actions\\gameActions.js": {"path":"C:\\Users\\Chris\\documents\\webdev\\gametrader\\js\\actions\\gameActions.js","statementMap":{"0":{"start":{"line":3,"column":23},"end":{"line":12,"column":1}},"1":{"start":{"line":4,"column":2},"end":{"line":11,"column":3}},"2":{"start":{"line":5,"column":4},"end":{"line":10,"column":9}},"3":{"start":{"line":7,"column":8},"end":{"line":7,"column":56}},"4":{"start":{"line":9,"column":8},"end":{"line":9,"column":18}},"5":{"start":{"line":14,"column":26},"end":{"line":23,"column":1}},"6":{"start":{"line":15,"column":2},"end":{"line":22,"column":3}},"7":{"start":{"line":16,"column":4},"end":{"line":21,"column":9}},"8":{"start":{"line":18,"column":8},"end":{"line":18,"column":59}},"9":{"start":{"line":20,"column":8},"end":{"line":20,"column":18}},"10":{"start":{"line":25,"column":28},"end":{"line":34,"column":1}},"11":{"start":{"line":26,"column":2},"end":{"line":33,"column":3}},"12":{"start":{"line":27,"column":4},"end":{"line":32,"column":9}},"13":{"start":{"line":29,"column":8},"end":{"line":29,"column":62}},"14":{"start":{"line":31,"column":8},"end":{"line":31,"column":18}},"15":{"start":{"line":36,"column":29},"end":{"line":45,"column":1}},"16":{"start":{"line":37,"column":2},"end":{"line":44,"column":3}},"17":{"start":{"line":38,"column":4},"end":{"line":43,"column":9}},"18":{"start":{"line":40,"column":8},"end":{"line":40,"column":62}},"19":{"start":{"line":42,"column":8},"end":{"line":42,"column":18}},"20":{"start":{"line":47,"column":30},"end":{"line":48,"column":43}},"21":{"start":{"line":48,"column":3},"end":{"line":48,"column":42}}},"fnMap":{"0":{"name":"(anonymous_0)","decl":{"start":{"line":3,"column":23},"end":{"line":3,"column":24}},"loc":{"start":{"line":4,"column":2},"end":{"line":11,"column":3}},"line":4},"1":{"name":"(anonymous_1)","decl":{"start":{"line":4,"column":2},"end":{"line":4,"column":3}},"loc":{"start":{"line":4,"column":16},"end":{"line":11,"column":3}},"line":4},"2":{"name":"(anonymous_2)","decl":{"start":{"line":6,"column":12},"end":{"line":6,"column":13}},"loc":{"start":{"line":6,"column":21},"end":{"line":8,"column":7}},"line":6},"3":{"name":"(anonymous_3)","decl":{"start":{"line":8,"column":15},"end":{"line":8,"column":16}},"loc":{"start":{"line":8,"column":24},"end":{"line":10,"column":7}},"line":8},"4":{"name":"(anonymous_4)","decl":{"start":{"line":14,"column":26},"end":{"line":14,"column":27}},"loc":{"start":{"line":15,"column":2},"end":{"line":22,"column":3}},"line":15},"5":{"name":"(anonymous_5)","decl":{"start":{"line":15,"column":2},"end":{"line":15,"column":3}},"loc":{"start":{"line":15,"column":16},"end":{"line":22,"column":3}},"line":15},"6":{"name":"(anonymous_6)","decl":{"start":{"line":17,"column":12},"end":{"line":17,"column":13}},"loc":{"start":{"line":17,"column":21},"end":{"line":19,"column":7}},"line":17},"7":{"name":"(anonymous_7)","decl":{"start":{"line":19,"column":15},"end":{"line":19,"column":16}},"loc":{"start":{"line":19,"column":24},"end":{"line":21,"column":7}},"line":19},"8":{"name":"(anonymous_8)","decl":{"start":{"line":25,"column":28},"end":{"line":25,"column":29}},"loc":{"start":{"line":26,"column":2},"end":{"line":33,"column":3}},"line":26},"9":{"name":"(anonymous_9)","decl":{"start":{"line":26,"column":2},"end":{"line":26,"column":3}},"loc":{"start":{"line":26,"column":16},"end":{"line":33,"column":3}},"line":26},"10":{"name":"(anonymous_10)","decl":{"start":{"line":28,"column":12},"end":{"line":28,"column":13}},"loc":{"start":{"line":28,"column":21},"end":{"line":30,"column":7}},"line":28},"11":{"name":"(anonymous_11)","decl":{"start":{"line":30,"column":15},"end":{"line":30,"column":16}},"loc":{"start":{"line":30,"column":24},"end":{"line":32,"column":7}},"line":30},"12":{"name":"(anonymous_12)","decl":{"start":{"line":36,"column":29},"end":{"line":36,"column":30}},"loc":{"start":{"line":37,"column":2},"end":{"line":44,"column":3}},"line":37},"13":{"name":"(anonymous_13)","decl":{"start":{"line":37,"column":2},"end":{"line":37,"column":3}},"loc":{"start":{"line":37,"column":16},"end":{"line":44,"column":3}},"line":37},"14":{"name":"(anonymous_14)","decl":{"start":{"line":39,"column":12},"end":{"line":39,"column":13}},"loc":{"start":{"line":39,"column":21},"end":{"line":41,"column":7}},"line":39},"15":{"name":"(anonymous_15)","decl":{"start":{"line":41,"column":15},"end":{"line":41,"column":16}},"loc":{"start":{"line":41,"column":24},"end":{"line":43,"column":7}},"line":41},"16":{"name":"(anonymous_16)","decl":{"start":{"line":47,"column":30},"end":{"line":47,"column":31}},"loc":{"start":{"line":48,"column":3},"end":{"line":48,"column":42}},"line":48}},"branchMap":{},"s":{"0":6,"1":1,"2":1,"3":1,"4":0,"5":6,"6":1,"7":1,"8":1,"9":0,"10":6,"11":1,"12":1,"13":1,"14":0,"15":6,"16":1,"17":1,"18":1,"19":0,"20":6,"21":1},"f":{"0":1,"1":1,"2":1,"3":0,"4":1,"5":1,"6":1,"7":0,"8":1,"9":1,"10":1,"11":0,"12":1,"13":1,"14":1,"15":0,"16":1},"b":{},"_coverageSchema":"332fd63041d2c1bcb487cc26dd0d5f7d97098a6c","hash":"12f9527c7e8c83b9eff8f96e1952f394a5414774"}
,"C:\\Users\\Chris\\documents\\webdev\\gametrader\\js\\actions\\requestActions.js": {"path":"C:\\Users\\Chris\\documents\\webdev\\gametrader\\js\\actions\\requestActions.js","statementMap":{"0":{"start":{"line":3,"column":26},"end":{"line":12,"column":1}},"1":{"start":{"line":4,"column":2},"end":{"line":11,"column":3}},"2":{"start":{"line":5,"column":4},"end":{"line":10,"column":9}},"3":{"start":{"line":7,"column":8},"end":{"line":7,"column":59}},"4":{"start":{"line":9,"column":8},"end":{"line":9,"column":18}},"5":{"start":{"line":14,"column":29},"end":{"line":23,"column":1}},"6":{"start":{"line":15,"column":2},"end":{"line":22,"column":3}},"7":{"start":{"line":16,"column":4},"end":{"line":21,"column":9}},"8":{"start":{"line":18,"column":8},"end":{"line":18,"column":62}},"9":{"start":{"line":20,"column":8},"end":{"line":20,"column":18}},"10":{"start":{"line":25,"column":28},"end":{"line":34,"column":1}},"11":{"start":{"line":26,"column":2},"end":{"line":33,"column":3}},"12":{"start":{"line":27,"column":4},"end":{"line":32,"column":9}},"13":{"start":{"line":29,"column":8},"end":{"line":29,"column":61}},"14":{"start":{"line":31,"column":8},"end":{"line":31,"column":18}},"15":{"start":{"line":36,"column":31},"end":{"line":45,"column":1}},"16":{"start":{"line":37,"column":2},"end":{"line":44,"column":3}},"17":{"start":{"line":38,"column":4},"end":{"line":43,"column":9}},"18":{"start":{"line":40,"column":8},"end":{"line":40,"column":65}},"19":{"start":{"line":42,"column":8},"end":{"line":42,"column":18}},"20":{"start":{"line":47,"column":33},"end":{"line":48,"column":46}},"21":{"start":{"line":48,"column":3},"end":{"line":48,"column":45}}},"fnMap":{"0":{"name":"(anonymous_0)","decl":{"start":{"line":3,"column":26},"end":{"line":3,"column":27}},"loc":{"start":{"line":4,"column":2},"end":{"line":11,"column":3}},"line":4},"1":{"name":"(anonymous_1)","decl":{"start":{"line":4,"column":2},"end":{"line":4,"column":3}},"loc":{"start":{"line":4,"column":16},"end":{"line":11,"column":3}},"line":4},"2":{"name":"(anonymous_2)","decl":{"start":{"line":6,"column":12},"end":{"line":6,"column":13}},"loc":{"start":{"line":6,"column":21},"end":{"line":8,"column":7}},"line":6},"3":{"name":"(anonymous_3)","decl":{"start":{"line":8,"column":15},"end":{"line":8,"column":16}},"loc":{"start":{"line":8,"column":24},"end":{"line":10,"column":7}},"line":8},"4":{"name":"(anonymous_4)","decl":{"start":{"line":14,"column":29},"end":{"line":14,"column":30}},"loc":{"start":{"line":15,"column":2},"end":{"line":22,"column":3}},"line":15},"5":{"name":"(anonymous_5)","decl":{"start":{"line":15,"column":2},"end":{"line":15,"column":3}},"loc":{"start":{"line":15,"column":16},"end":{"line":22,"column":3}},"line":15},"6":{"name":"(anonymous_6)","decl":{"start":{"line":17,"column":12},"end":{"line":17,"column":13}},"loc":{"start":{"line":17,"column":21},"end":{"line":19,"column":7}},"line":17},"7":{"name":"(anonymous_7)","decl":{"start":{"line":19,"column":15},"end":{"line":19,"column":16}},"loc":{"start":{"line":19,"column":24},"end":{"line":21,"column":7}},"line":19},"8":{"name":"(anonymous_8)","decl":{"start":{"line":25,"column":28},"end":{"line":25,"column":29}},"loc":{"start":{"line":26,"column":2},"end":{"line":33,"column":3}},"line":26},"9":{"name":"(anonymous_9)","decl":{"start":{"line":26,"column":2},"end":{"line":26,"column":3}},"loc":{"start":{"line":26,"column":16},"end":{"line":33,"column":3}},"line":26},"10":{"name":"(anonymous_10)","decl":{"start":{"line":28,"column":12},"end":{"line":28,"column":13}},"loc":{"start":{"line":28,"column":21},"end":{"line":30,"column":7}},"line":28},"11":{"name":"(anonymous_11)","decl":{"start":{"line":30,"column":15},"end":{"line":30,"column":16}},"loc":{"start":{"line":30,"column":24},"end":{"line":32,"column":7}},"line":30},"12":{"name":"(anonymous_12)","decl":{"start":{"line":36,"column":31},"end":{"line":36,"column":32}},"loc":{"start":{"line":37,"column":2},"end":{"line":44,"column":3}},"line":37},"13":{"name":"(anonymous_13)","decl":{"start":{"line":37,"column":2},"end":{"line":37,"column":3}},"loc":{"start":{"line":37,"column":16},"end":{"line":44,"column":3}},"line":37},"14":{"name":"(anonymous_14)","decl":{"start":{"line":39,"column":12},"end":{"line":39,"column":13}},"loc":{"start":{"line":39,"column":21},"end":{"line":41,"column":7}},"line":39},"15":{"name":"(anonymous_15)","decl":{"start":{"line":41,"column":15},"end":{"line":41,"column":16}},"loc":{"start":{"line":41,"column":24},"end":{"line":43,"column":7}},"line":41},"16":{"name":"(anonymous_16)","decl":{"start":{"line":47,"column":33},"end":{"line":47,"column":34}},"loc":{"start":{"line":48,"column":3},"end":{"line":48,"column":45}},"line":48}},"branchMap":{},"s":{"0":4,"1":1,"2":1,"3":1,"4":0,"5":4,"6":1,"7":1,"8":1,"9":0,"10":4,"11":1,"12":1,"13":1,"14":0,"15":4,"16":1,"17":1,"18":1,"19":0,"20":4,"21":1},"f":{"0":1,"1":1,"2":1,"3":0,"4":1,"5":1,"6":1,"7":0,"8":1,"9":1,"10":1,"11":0,"12":1,"13":1,"14":1,"15":0,"16":1},"b":{},"_coverageSchema":"332fd63041d2c1bcb487cc26dd0d5f7d97098a6c","hash":"312fba17c289233ca6e5ad303a3207c279754c7d"}
,"C:\\Users\\Chris\\documents\\webdev\\gametrader\\js\\components\\BrowserSearchBar.jsx": {"path":"C:\\Users\\Chris\\documents\\webdev\\gametrader\\js\\components\\BrowserSearchBar.jsx","statementMap":{"0":{"start":{"line":6,"column":4},"end":{"line":6,"column":17}},"1":{"start":{"line":7,"column":4},"end":{"line":9,"column":6}},"2":{"start":{"line":11,"column":4},"end":{"line":11,"column":61}},"3":{"start":{"line":12,"column":4},"end":{"line":12,"column":69}},"4":{"start":{"line":16,"column":4},"end":{"line":18,"column":7}},"5":{"start":{"line":22,"column":4},"end":{"line":22,"column":49}},"6":{"start":{"line":26,"column":4},"end":{"line":40,"column":6}}},"fnMap":{"0":{"name":"(anonymous_0)","decl":{"start":{"line":5,"column":2},"end":{"line":5,"column":3}},"loc":{"start":{"line":5,"column":21},"end":{"line":13,"column":3}},"line":5},"1":{"name":"(anonymous_1)","decl":{"start":{"line":15,"column":2},"end":{"line":15,"column":3}},"loc":{"start":{"line":15,"column":22},"end":{"line":19,"column":3}},"line":15},"2":{"name":"(anonymous_2)","decl":{"start":{"line":21,"column":2},"end":{"line":21,"column":3}},"loc":{"start":{"line":21,"column":25},"end":{"line":23,"column":3}},"line":21},"3":{"name":"(anonymous_3)","decl":{"start":{"line":25,"column":2},"end":{"line":25,"column":3}},"loc":{"start":{"line":25,"column":11},"end":{"line":41,"column":3}},"line":25}},"branchMap":{},"s":{"0":1,"1":1,"2":1,"3":1,"4":1,"5":1,"6":3},"f":{"0":1,"1":1,"2":1,"3":3},"b":{},"_coverageSchema":"332fd63041d2c1bcb487cc26dd0d5f7d97098a6c","hash":"01143841d0dcbe98117df5eb4140e73cce054281"}
,"C:\\Users\\Chris\\documents\\webdev\\gametrader\\js\\components\\GameBrowser.jsx": {"path":"C:\\Users\\Chris\\documents\\webdev\\gametrader\\js\\components\\GameBrowser.jsx","statementMap":{"0":{"start":{"line":18,"column":4},"end":{"line":18,"column":17}},"1":{"start":{"line":19,"column":4},"end":{"line":26,"column":6}},"2":{"start":{"line":28,"column":4},"end":{"line":28,"column":51}},"3":{"start":{"line":29,"column":4},"end":{"line":29,"column":57}},"4":{"start":{"line":30,"column":4},"end":{"line":30,"column":51}},"5":{"start":{"line":31,"column":4},"end":{"line":31,"column":49}},"6":{"start":{"line":32,"column":4},"end":{"line":32,"column":79}},"7":{"start":{"line":36,"column":4},"end":{"line":36,"column":30}},"8":{"start":{"line":37,"column":4},"end":{"line":37,"column":32}},"9":{"start":{"line":41,"column":4},"end":{"line":50,"column":5}},"10":{"start":{"line":42,"column":6},"end":{"line":49,"column":10}},"11":{"start":{"line":51,"column":4},"end":{"line":51,"column":16}},"12":{"start":{"line":56,"column":18},"end":{"line":56,"column":20}},"13":{"start":{"line":58,"column":4},"end":{"line":62,"column":7}},"14":{"start":{"line":59,"column":6},"end":{"line":61,"column":7}},"15":{"start":{"line":60,"column":8},"end":{"line":60,"column":23}},"16":{"start":{"line":63,"column":4},"end":{"line":63,"column":19}},"17":{"start":{"line":67,"column":4},"end":{"line":87,"column":5}},"18":{"start":{"line":68,"column":6},"end":{"line":73,"column":10}},"19":{"start":{"line":75,"column":29},"end":{"line":75,"column":67}},"20":{"start":{"line":76,"column":6},"end":{"line":76,"column":68}},"21":{"start":{"line":79,"column":6},"end":{"line":82,"column":9}},"22":{"start":{"line":84,"column":6},"end":{"line":86,"column":9}},"23":{"start":{"line":91,"column":23},"end":{"line":91,"column":55}},"24":{"start":{"line":94,"column":4},"end":{"line":98,"column":7}},"25":{"start":{"line":95,"column":6},"end":{"line":97,"column":7}},"26":{"start":{"line":96,"column":8},"end":{"line":96,"column":29}},"27":{"start":{"line":100,"column":4},"end":{"line":103,"column":7}},"28":{"start":{"line":107,"column":25},"end":{"line":107,"column":27}},"29":{"start":{"line":108,"column":25},"end":{"line":108,"column":66}},"30":{"start":{"line":111,"column":4},"end":{"line":141,"column":7}},"31":{"start":{"line":116,"column":6},"end":{"line":138,"column":7}},"32":{"start":{"line":117,"column":8},"end":{"line":137,"column":13}},"33":{"start":{"line":119,"column":12},"end":{"line":132,"column":15}},"34":{"start":{"line":120,"column":36},"end":{"line":130,"column":15}},"35":{"start":{"line":131,"column":14},"end":{"line":131,"column":80}},"36":{"start":{"line":134,"column":12},"end":{"line":136,"column":15}},"37":{"start":{"line":140,"column":6},"end":{"line":140,"column":16}},"38":{"start":{"line":145,"column":4},"end":{"line":148,"column":7}},"39":{"start":{"line":152,"column":4},"end":{"line":236,"column":6}},"40":{"start":{"line":167,"column":16},"end":{"line":179,"column":22}},"41":{"start":{"line":198,"column":14},"end":{"line":203,"column":16}},"42":{"start":{"line":214,"column":18},"end":{"line":216,"column":27}},"43":{"start":{"line":241,"column":2},"end":{"line":243,"column":4}},"44":{"start":{"line":247,"column":2},"end":{"line":250,"column":15}}},"fnMap":{"0":{"name":"(anonymous_0)","decl":{"start":{"line":17,"column":2},"end":{"line":17,"column":3}},"loc":{"start":{"line":17,"column":21},"end":{"line":33,"column":3}},"line":17},"1":{"name":"(anonymous_1)","decl":{"start":{"line":35,"column":2},"end":{"line":35,"column":3}},"loc":{"start":{"line":35,"column":22},"end":{"line":38,"column":3}},"line":35},"2":{"name":"(anonymous_2)","decl":{"start":{"line":40,"column":2},"end":{"line":40,"column":3}},"loc":{"start":{"line":40,"column":21},"end":{"line":52,"column":3}},"line":40},"3":{"name":"(anonymous_3)","decl":{"start":{"line":55,"column":2},"end":{"line":55,"column":3}},"loc":{"start":{"line":55,"column":30},"end":{"line":64,"column":3}},"line":55},"4":{"name":"(anonymous_4)","decl":{"start":{"line":58,"column":35},"end":{"line":58,"column":36}},"loc":{"start":{"line":58,"column":45},"end":{"line":62,"column":5}},"line":58},"5":{"name":"(anonymous_5)","decl":{"start":{"line":66,"column":2},"end":{"line":66,"column":3}},"loc":{"start":{"line":66,"column":16},"end":{"line":88,"column":3}},"line":66},"6":{"name":"(anonymous_6)","decl":{"start":{"line":90,"column":2},"end":{"line":90,"column":3}},"loc":{"start":{"line":90,"column":24},"end":{"line":104,"column":3}},"line":90},"7":{"name":"(anonymous_7)","decl":{"start":{"line":94,"column":35},"end":{"line":94,"column":36}},"loc":{"start":{"line":94,"column":45},"end":{"line":98,"column":5}},"line":94},"8":{"name":"(anonymous_8)","decl":{"start":{"line":106,"column":2},"end":{"line":106,"column":3}},"loc":{"start":{"line":106,"column":21},"end":{"line":142,"column":3}},"line":106},"9":{"name":"(anonymous_9)","decl":{"start":{"line":115,"column":12},"end":{"line":115,"column":13}},"loc":{"start":{"line":115,"column":21},"end":{"line":139,"column":5}},"line":115},"10":{"name":"(anonymous_10)","decl":{"start":{"line":118,"column":16},"end":{"line":118,"column":17}},"loc":{"start":{"line":118,"column":27},"end":{"line":137,"column":11}},"line":118},"11":{"name":"(anonymous_11)","decl":{"start":{"line":119,"column":26},"end":{"line":119,"column":27}},"loc":{"start":{"line":119,"column":36},"end":{"line":132,"column":13}},"line":119},"12":{"name":"(anonymous_12)","decl":{"start":{"line":139,"column":13},"end":{"line":139,"column":14}},"loc":{"start":{"line":139,"column":22},"end":{"line":141,"column":5}},"line":139},"13":{"name":"(anonymous_13)","decl":{"start":{"line":144,"column":2},"end":{"line":144,"column":3}},"loc":{"start":{"line":144,"column":25},"end":{"line":149,"column":3}},"line":144},"14":{"name":"(anonymous_14)","decl":{"start":{"line":151,"column":2},"end":{"line":151,"column":3}},"loc":{"start":{"line":151,"column":11},"end":{"line":237,"column":3}},"line":151},"15":{"name":"(anonymous_15)","decl":{"start":{"line":166,"column":52},"end":{"line":166,"column":53}},"loc":{"start":{"line":167,"column":16},"end":{"line":179,"column":22}},"line":167},"16":{"name":"(anonymous_16)","decl":{"start":{"line":197,"column":38},"end":{"line":197,"column":39}},"loc":{"start":{"line":198,"column":14},"end":{"line":203,"column":16}},"line":198},"17":{"name":"(anonymous_17)","decl":{"start":{"line":213,"column":48},"end":{"line":213,"column":49}},"loc":{"start":{"line":214,"column":18},"end":{"line":216,"column":27}},"line":214},"18":{"name":"mapPropstoState","decl":{"start":{"line":240,"column":9},"end":{"line":240,"column":24}},"loc":{"start":{"line":240,"column":32},"end":{"line":244,"column":1}},"line":240},"19":{"name":"mapDispatchToProps","decl":{"start":{"line":246,"column":9},"end":{"line":246,"column":27}},"loc":{"start":{"line":246,"column":38},"end":{"line":251,"column":1}},"line":246}},"branchMap":{"0":{"loc":{"start":{"line":41,"column":4},"end":{"line":50,"column":5}},"type":"if","locations":[{"start":{"line":41,"column":4},"end":{"line":50,"column":5}},{"start":{"line":41,"column":4},"end":{"line":50,"column":5}}],"line":41},"1":{"loc":{"start":{"line":59,"column":6},"end":{"line":61,"column":7}},"type":"if","locations":[{"start":{"line":59,"column":6},"end":{"line":61,"column":7}},{"start":{"line":59,"column":6},"end":{"line":61,"column":7}}],"line":59},"2":{"loc":{"start":{"line":67,"column":4},"end":{"line":87,"column":5}},"type":"if","locations":[{"start":{"line":67,"column":4},"end":{"line":87,"column":5}},{"start":{"line":67,"column":4},"end":{"line":87,"column":5}}],"line":67},"3":{"loc":{"start":{"line":95,"column":6},"end":{"line":97,"column":7}},"type":"if","locations":[{"start":{"line":95,"column":6},"end":{"line":97,"column":7}},{"start":{"line":95,"column":6},"end":{"line":97,"column":7}}],"line":95},"4":{"loc":{"start":{"line":108,"column":25},"end":{"line":108,"column":66}},"type":"cond-expr","locations":[{"start":{"line":108,"column":47},"end":{"line":108,"column":57}},{"start":{"line":108,"column":60},"end":{"line":108,"column":66}}],"line":108},"5":{"loc":{"start":{"line":116,"column":6},"end":{"line":138,"column":7}},"type":"if","locations":[{"start":{"line":116,"column":6},"end":{"line":138,"column":7}},{"start":{"line":116,"column":6},"end":{"line":138,"column":7}}],"line":116},"6":{"loc":{"start":{"line":144,"column":14},"end":{"line":144,"column":23}},"type":"default-arg","locations":[{"start":{"line":144,"column":21},"end":{"line":144,"column":23}}],"line":144}},"s":{"0":1,"1":1,"2":1,"3":1,"4":1,"5":1,"6":1,"7":0,"8":0,"9":8,"10":5,"11":3,"12":0,"13":0,"14":0,"15":0,"16":0,"17":1,"18":1,"19":1,"20":1,"21":1,"22":0,"23":1,"24":1,"25":2,"26":0,"27":1,"28":1,"29":1,"30":1,"31":1,"32":1,"33":1,"34":2,"35":2,"36":1,"37":0,"38":1,"39":8,"40":20,"41":6,"42":16,"43":0,"44":0},"f":{"0":1,"1":0,"2":8,"3":0,"4":0,"5":1,"6":1,"7":2,"8":1,"9":1,"10":1,"11":2,"12":0,"13":1,"14":8,"15":20,"16":6,"17":16,"18":0,"19":0},"b":{"0":[5,3],"1":[0,0],"2":[1,0],"3":[0,2],"4":[0,1],"5":[1,0],"6":[1]},"_coverageSchema":"332fd63041d2c1bcb487cc26dd0d5f7d97098a6c","hash":"7b9d4d5c36dddce6d000911ff47673b0e8b307bc"}
,"C:\\Users\\Chris\\documents\\webdev\\gametrader\\js\\components\\GameCard.jsx": {"path":"C:\\Users\\Chris\\documents\\webdev\\gametrader\\js\\components\\GameCard.jsx","statementMap":{"0":{"start":{"line":6,"column":4},"end":{"line":10,"column":5}},"1":{"start":{"line":7,"column":6},"end":{"line":9,"column":8}},"2":{"start":{"line":14,"column":4},"end":{"line":27,"column":6}}},"fnMap":{"0":{"name":"(anonymous_0)","decl":{"start":{"line":5,"column":2},"end":{"line":5,"column":3}},"loc":{"start":{"line":5,"column":17},"end":{"line":11,"column":3}},"line":5},"1":{"name":"(anonymous_1)","decl":{"start":{"line":13,"column":2},"end":{"line":13,"column":3}},"loc":{"start":{"line":13,"column":11},"end":{"line":28,"column":3}},"line":13}},"branchMap":{"0":{"loc":{"start":{"line":6,"column":4},"end":{"line":10,"column":5}},"type":"if","locations":[{"start":{"line":6,"column":4},"end":{"line":10,"column":5}},{"start":{"line":6,"column":4},"end":{"line":10,"column":5}}],"line":6}},"s":{"0":1,"1":1,"2":1},"f":{"0":1,"1":1},"b":{"0":[1,0]},"_coverageSchema":"332fd63041d2c1bcb487cc26dd0d5f7d97098a6c","hash":"4aedfc8660249d434d7911a5c05b9af9a5aea383"}
,"C:\\Users\\Chris\\documents\\webdev\\gametrader\\js\\components\\GameItem.jsx": {"path":"C:\\Users\\Chris\\documents\\webdev\\gametrader\\js\\components\\GameItem.jsx","statementMap":{"0":{"start":{"line":11,"column":4},"end":{"line":11,"column":17}},"1":{"start":{"line":12,"column":4},"end":{"line":16,"column":6}},"2":{"start":{"line":18,"column":4},"end":{"line":18,"column":51}},"3":{"start":{"line":19,"column":4},"end":{"line":19,"column":55}},"4":{"start":{"line":20,"column":4},"end":{"line":20,"column":53}},"5":{"start":{"line":24,"column":4},"end":{"line":27,"column":7}},"6":{"start":{"line":31,"column":4},"end":{"line":33,"column":7}},"7":{"start":{"line":37,"column":4},"end":{"line":39,"column":7}},"8":{"start":{"line":41,"column":4},"end":{"line":41,"column":23}},"9":{"start":{"line":45,"column":4},"end":{"line":77,"column":6}},"10":{"start":{"line":60,"column":14},"end":{"line":62,"column":30}},"11":{"start":{"line":82,"column":2},"end":{"line":84,"column":15}}},"fnMap":{"0":{"name":"(anonymous_0)","decl":{"start":{"line":10,"column":2},"end":{"line":10,"column":3}},"loc":{"start":{"line":10,"column":21},"end":{"line":21,"column":3}},"line":10},"1":{"name":"(anonymous_1)","decl":{"start":{"line":23,"column":2},"end":{"line":23,"column":3}},"loc":{"start":{"line":23,"column":33},"end":{"line":28,"column":3}},"line":23},"2":{"name":"(anonymous_2)","decl":{"start":{"line":30,"column":2},"end":{"line":30,"column":3}},"loc":{"start":{"line":30,"column":16},"end":{"line":34,"column":3}},"line":30},"3":{"name":"(anonymous_3)","decl":{"start":{"line":36,"column":2},"end":{"line":36,"column":3}},"loc":{"start":{"line":36,"column":18},"end":{"line":42,"column":3}},"line":36},"4":{"name":"(anonymous_4)","decl":{"start":{"line":44,"column":2},"end":{"line":44,"column":3}},"loc":{"start":{"line":44,"column":11},"end":{"line":78,"column":3}},"line":44},"5":{"name":"(anonymous_5)","decl":{"start":{"line":59,"column":40},"end":{"line":59,"column":41}},"loc":{"start":{"line":60,"column":14},"end":{"line":62,"column":30}},"line":60},"6":{"name":"mapDispatchToProps","decl":{"start":{"line":81,"column":9},"end":{"line":81,"column":27}},"loc":{"start":{"line":81,"column":38},"end":{"line":85,"column":1}},"line":81}},"branchMap":{},"s":{"0":1,"1":1,"2":1,"3":1,"4":1,"5":0,"6":1,"7":1,"8":1,"9":2,"10":10,"11":0},"f":{"0":1,"1":0,"2":1,"3":1,"4":2,"5":10,"6":0},"b":{},"_coverageSchema":"332fd63041d2c1bcb487cc26dd0d5f7d97098a6c","hash":"eb23f6ce66f86a105fd70cccae78904d7f1adb51"}
,"C:\\Users\\Chris\\documents\\webdev\\gametrader\\js\\components\\GameList.jsx": {"path":"C:\\Users\\Chris\\documents\\webdev\\gametrader\\js\\components\\GameList.jsx","statementMap":{"0":{"start":{"line":14,"column":4},"end":{"line":14,"column":17}},"1":{"start":{"line":15,"column":4},"end":{"line":24,"column":6}},"2":{"start":{"line":26,"column":4},"end":{"line":26,"column":51}},"3":{"start":{"line":27,"column":4},"end":{"line":27,"column":61}},"4":{"start":{"line":28,"column":4},"end":{"line":28,"column":49}},"5":{"start":{"line":29,"column":4},"end":{"line":29,"column":61}},"6":{"start":{"line":30,"column":4},"end":{"line":30,"column":55}},"7":{"start":{"line":31,"column":4},"end":{"line":31,"column":55}},"8":{"start":{"line":32,"column":4},"end":{"line":32,"column":63}},"9":{"start":{"line":33,"column":4},"end":{"line":33,"column":81}},"10":{"start":{"line":40,"column":4},"end":{"line":40,"column":32}},"11":{"start":{"line":44,"column":4},"end":{"line":44,"column":30}},"12":{"start":{"line":48,"column":4},"end":{"line":51,"column":7}},"13":{"start":{"line":55,"column":4},"end":{"line":60,"column":5}},"14":{"start":{"line":56,"column":6},"end":{"line":58,"column":9}},"15":{"start":{"line":59,"column":6},"end":{"line":59,"column":19}},"16":{"start":{"line":62,"column":4},"end":{"line":67,"column":5}},"17":{"start":{"line":63,"column":6},"end":{"line":65,"column":9}},"18":{"start":{"line":66,"column":6},"end":{"line":66,"column":19}},"19":{"start":{"line":68,"column":4},"end":{"line":68,"column":16}},"20":{"start":{"line":72,"column":4},"end":{"line":74,"column":7}},"21":{"start":{"line":76,"column":4},"end":{"line":100,"column":5}},"22":{"start":{"line":77,"column":6},"end":{"line":99,"column":11}},"23":{"start":{"line":79,"column":10},"end":{"line":96,"column":13}},"24":{"start":{"line":80,"column":12},"end":{"line":95,"column":13}},"25":{"start":{"line":81,"column":14},"end":{"line":86,"column":15}},"26":{"start":{"line":83,"column":16},"end":{"line":83,"column":81}},"27":{"start":{"line":88,"column":14},"end":{"line":90,"column":17}},"28":{"start":{"line":92,"column":14},"end":{"line":94,"column":17}},"29":{"start":{"line":98,"column":10},"end":{"line":98,"column":20}},"30":{"start":{"line":104,"column":4},"end":{"line":108,"column":7}},"31":{"start":{"line":113,"column":4},"end":{"line":115,"column":7}},"32":{"start":{"line":114,"column":6},"end":{"line":114,"column":85}},"33":{"start":{"line":116,"column":4},"end":{"line":116,"column":90}},"34":{"start":{"line":118,"column":4},"end":{"line":121,"column":7}},"35":{"start":{"line":126,"column":25},"end":{"line":126,"column":29}},"36":{"start":{"line":127,"column":4},"end":{"line":134,"column":7}},"37":{"start":{"line":128,"column":6},"end":{"line":133,"column":7}},"38":{"start":{"line":129,"column":8},"end":{"line":131,"column":11}},"39":{"start":{"line":132,"column":8},"end":{"line":132,"column":31}},"40":{"start":{"line":135,"column":4},"end":{"line":135,"column":26}},"41":{"start":{"line":139,"column":4},"end":{"line":150,"column":5}},"42":{"start":{"line":140,"column":6},"end":{"line":148,"column":12}},"43":{"start":{"line":149,"column":6},"end":{"line":149,"column":25}},"44":{"start":{"line":154,"column":4},"end":{"line":157,"column":7}},"45":{"start":{"line":161,"column":4},"end":{"line":263,"column":6}},"46":{"start":{"line":173,"column":16},"end":{"line":184,"column":22}},"47":{"start":{"line":225,"column":24},"end":{"line":227,"column":33}},"48":{"start":{"line":241,"column":24},"end":{"line":247,"column":30}},"49":{"start":{"line":243,"column":48},"end":{"line":243,"column":73}},"50":{"start":{"line":268,"column":2},"end":{"line":270,"column":4}},"51":{"start":{"line":274,"column":2},"end":{"line":279,"column":15}}},"fnMap":{"0":{"name":"(anonymous_0)","decl":{"start":{"line":13,"column":2},"end":{"line":13,"column":3}},"loc":{"start":{"line":13,"column":21},"end":{"line":34,"column":3}},"line":13},"1":{"name":"(anonymous_1)","decl":{"start":{"line":36,"column":2},"end":{"line":36,"column":3}},"loc":{"start":{"line":36,"column":23},"end":{"line":41,"column":3}},"line":36},"2":{"name":"(anonymous_2)","decl":{"start":{"line":43,"column":2},"end":{"line":43,"column":3}},"loc":{"start":{"line":43,"column":22},"end":{"line":45,"column":3}},"line":43},"3":{"name":"(anonymous_3)","decl":{"start":{"line":47,"column":2},"end":{"line":47,"column":3}},"loc":{"start":{"line":47,"column":16},"end":{"line":52,"column":3}},"line":47},"4":{"name":"(anonymous_4)","decl":{"start":{"line":54,"column":2},"end":{"line":54,"column":3}},"loc":{"start":{"line":54,"column":22},"end":{"line":69,"column":3}},"line":54},"5":{"name":"(anonymous_5)","decl":{"start":{"line":71,"column":2},"end":{"line":71,"column":3}},"loc":{"start":{"line":71,"column":15},"end":{"line":101,"column":3}},"line":71},"6":{"name":"(anonymous_6)","decl":{"start":{"line":78,"column":14},"end":{"line":78,"column":15}},"loc":{"start":{"line":78,"column":23},"end":{"line":97,"column":9}},"line":78},"7":{"name":"(anonymous_7)","decl":{"start":{"line":79,"column":26},"end":{"line":79,"column":27}},"loc":{"start":{"line":79,"column":38},"end":{"line":96,"column":11}},"line":79},"8":{"name":"(anonymous_8)","decl":{"start":{"line":97,"column":17},"end":{"line":97,"column":18}},"loc":{"start":{"line":97,"column":26},"end":{"line":99,"column":9}},"line":97},"9":{"name":"(anonymous_9)","decl":{"start":{"line":103,"column":2},"end":{"line":103,"column":3}},"loc":{"start":{"line":103,"column":22},"end":{"line":109,"column":3}},"line":103},"10":{"name":"(anonymous_10)","decl":{"start":{"line":111,"column":2},"end":{"line":111,"column":3}},"loc":{"start":{"line":111,"column":33},"end":{"line":122,"column":3}},"line":111},"11":{"name":"(anonymous_11)","decl":{"start":{"line":113,"column":30},"end":{"line":113,"column":31}},"loc":{"start":{"line":113,"column":40},"end":{"line":115,"column":5}},"line":113},"12":{"name":"(anonymous_12)","decl":{"start":{"line":124,"column":2},"end":{"line":124,"column":3}},"loc":{"start":{"line":124,"column":31},"end":{"line":136,"column":3}},"line":124},"13":{"name":"(anonymous_13)","decl":{"start":{"line":127,"column":43},"end":{"line":127,"column":44}},"loc":{"start":{"line":127,"column":53},"end":{"line":134,"column":5}},"line":127},"14":{"name":"(anonymous_14)","decl":{"start":{"line":138,"column":2},"end":{"line":138,"column":3}},"loc":{"start":{"line":138,"column":21},"end":{"line":151,"column":3}},"line":138},"15":{"name":"(anonymous_15)","decl":{"start":{"line":153,"column":2},"end":{"line":153,"column":3}},"loc":{"start":{"line":153,"column":23},"end":{"line":158,"column":3}},"line":153},"16":{"name":"(anonymous_16)","decl":{"start":{"line":160,"column":2},"end":{"line":160,"column":3}},"loc":{"start":{"line":160,"column":11},"end":{"line":264,"column":3}},"line":160},"17":{"name":"(anonymous_17)","decl":{"start":{"line":172,"column":42},"end":{"line":172,"column":43}},"loc":{"start":{"line":173,"column":16},"end":{"line":184,"column":22}},"line":173},"18":{"name":"(anonymous_18)","decl":{"start":{"line":224,"column":40},"end":{"line":224,"column":41}},"loc":{"start":{"line":225,"column":24},"end":{"line":227,"column":33}},"line":225},"19":{"name":"(anonymous_19)","decl":{"start":{"line":240,"column":49},"end":{"line":240,"column":50}},"loc":{"start":{"line":241,"column":24},"end":{"line":247,"column":30}},"line":241},"20":{"name":"(anonymous_20)","decl":{"start":{"line":243,"column":40},"end":{"line":243,"column":41}},"loc":{"start":{"line":243,"column":46},"end":{"line":243,"column":75}},"line":243},"21":{"name":"mapStateToProps","decl":{"start":{"line":267,"column":9},"end":{"line":267,"column":24}},"loc":{"start":{"line":267,"column":32},"end":{"line":271,"column":1}},"line":267},"22":{"name":"mapDispatchToProps","decl":{"start":{"line":273,"column":9},"end":{"line":273,"column":27}},"loc":{"start":{"line":273,"column":38},"end":{"line":280,"column":1}},"line":273}},"branchMap":{"0":{"loc":{"start":{"line":55,"column":4},"end":{"line":60,"column":5}},"type":"if","locations":[{"start":{"line":55,"column":4},"end":{"line":60,"column":5}},{"start":{"line":55,"column":4},"end":{"line":60,"column":5}}],"line":55},"1":{"loc":{"start":{"line":62,"column":4},"end":{"line":67,"column":5}},"type":"if","locations":[{"start":{"line":62,"column":4},"end":{"line":67,"column":5}},{"start":{"line":62,"column":4},"end":{"line":67,"column":5}}],"line":62},"2":{"loc":{"start":{"line":76,"column":4},"end":{"line":100,"column":5}},"type":"if","locations":[{"start":{"line":76,"column":4},"end":{"line":100,"column":5}},{"start":{"line":76,"column":4},"end":{"line":100,"column":5}}],"line":76},"3":{"loc":{"start":{"line":80,"column":12},"end":{"line":95,"column":13}},"type":"if","locations":[{"start":{"line":80,"column":12},"end":{"line":95,"column":13}},{"start":{"line":80,"column":12},"end":{"line":95,"column":13}}],"line":80},"4":{"loc":{"start":{"line":128,"column":6},"end":{"line":133,"column":7}},"type":"if","locations":[{"start":{"line":128,"column":6},"end":{"line":133,"column":7}},{"start":{"line":128,"column":6},"end":{"line":133,"column":7}}],"line":128},"5":{"loc":{"start":{"line":139,"column":4},"end":{"line":150,"column":5}},"type":"if","locations":[{"start":{"line":139,"column":4},"end":{"line":150,"column":5}},{"start":{"line":139,"column":4},"end":{"line":150,"column":5}}],"line":139}},"s":{"0":25,"1":25,"2":25,"3":25,"4":25,"5":25,"6":25,"7":25,"8":25,"9":25,"10":25,"11":0,"12":1,"13":3,"14":0,"15":0,"16":3,"17":0,"18":0,"19":3,"20":3,"21":3,"22":3,"23":3,"24":3,"25":3,"26":3,"27":3,"28":0,"29":0,"30":4,"31":0,"32":0,"33":0,"34":0,"35":1,"36":1,"37":2,"38":0,"39":0,"40":1,"41":1,"42":1,"43":1,"44":3,"45":41,"46":84,"47":1148,"48":5,"49":0,"50":0,"51":0},"f":{"0":25,"1":25,"2":0,"3":1,"4":3,"5":3,"6":3,"7":3,"8":0,"9":4,"10":0,"11":0,"12":1,"13":2,"14":1,"15":3,"16":41,"17":84,"18":1148,"19":5,"20":0,"21":0,"22":0},"b":{"0":[0,3],"1":[0,3],"2":[3,0],"3":[3,0],"4":[0,2],"5":[1,0]},"_coverageSchema":"332fd63041d2c1bcb487cc26dd0d5f7d97098a6c","hash":"1e4dedde4efe219dc41f307e8a45e131ff08050d"}
,"C:\\Users\\Chris\\documents\\webdev\\gametrader\\js\\components\\GameRequestDescription.jsx": {"path":"C:\\Users\\Chris\\documents\\webdev\\gametrader\\js\\components\\GameRequestDescription.jsx","statementMap":{"0":{"start":{"line":7,"column":4},"end":{"line":7,"column":17}},"1":{"start":{"line":8,"column":4},"end":{"line":11,"column":6}},"2":{"start":{"line":13,"column":4},"end":{"line":13,"column":53}},"3":{"start":{"line":14,"column":4},"end":{"line":14,"column":57}},"4":{"start":{"line":18,"column":4},"end":{"line":39,"column":5}},"5":{"start":{"line":19,"column":6},"end":{"line":38,"column":8}},"6":{"start":{"line":27,"column":12},"end":{"line":34,"column":28}},"7":{"start":{"line":43,"column":4},"end":{"line":46,"column":7}},"8":{"start":{"line":50,"column":4},"end":{"line":61,"column":6}}},"fnMap":{"0":{"name":"(anonymous_0)","decl":{"start":{"line":6,"column":2},"end":{"line":6,"column":3}},"loc":{"start":{"line":6,"column":21},"end":{"line":15,"column":3}},"line":6},"1":{"name":"(anonymous_1)","decl":{"start":{"line":17,"column":2},"end":{"line":17,"column":3}},"loc":{"start":{"line":17,"column":19},"end":{"line":40,"column":3}},"line":17},"2":{"name":"(anonymous_2)","decl":{"start":{"line":26,"column":38},"end":{"line":26,"column":39}},"loc":{"start":{"line":27,"column":12},"end":{"line":34,"column":28}},"line":27},"3":{"name":"(anonymous_3)","decl":{"start":{"line":42,"column":2},"end":{"line":42,"column":3}},"loc":{"start":{"line":42,"column":33},"end":{"line":47,"column":3}},"line":42},"4":{"name":"(anonymous_4)","decl":{"start":{"line":49,"column":2},"end":{"line":49,"column":3}},"loc":{"start":{"line":49,"column":11},"end":{"line":62,"column":3}},"line":49}},"branchMap":{"0":{"loc":{"start":{"line":18,"column":4},"end":{"line":39,"column":5}},"type":"if","locations":[{"start":{"line":18,"column":4},"end":{"line":39,"column":5}},{"start":{"line":18,"column":4},"end":{"line":39,"column":5}}],"line":18}},"s":{"0":1,"1":1,"2":1,"3":1,"4":1,"5":1,"6":5,"7":0,"8":1},"f":{"0":1,"1":1,"2":5,"3":0,"4":1},"b":{"0":[1,0]},"_coverageSchema":"332fd63041d2c1bcb487cc26dd0d5f7d97098a6c","hash":"0555e18820ae89c34f627e918ed34dcabcf09c6c"}
,"C:\\Users\\Chris\\documents\\webdev\\gametrader\\js\\components\\GameRequestIcon.jsx": {"path":"C:\\Users\\Chris\\documents\\webdev\\gametrader\\js\\components\\GameRequestIcon.jsx","statementMap":{"0":{"start":{"line":6,"column":4},"end":{"line":12,"column":6}}},"fnMap":{"0":{"name":"(anonymous_0)","decl":{"start":{"line":5,"column":2},"end":{"line":5,"column":3}},"loc":{"start":{"line":5,"column":11},"end":{"line":13,"column":3}},"line":5}},"branchMap":{},"s":{"0":1},"f":{"0":1},"b":{},"_coverageSchema":"332fd63041d2c1bcb487cc26dd0d5f7d97098a6c","hash":"db0a06c89f851415d30eab4eee5308b5a5a6b144"}
,"C:\\Users\\Chris\\documents\\webdev\\gametrader\\js\\components\\Login.jsx": {"path":"C:\\Users\\Chris\\documents\\webdev\\gametrader\\js\\components\\Login.jsx","statementMap":{"0":{"start":{"line":7,"column":4},"end":{"line":7,"column":17}},"1":{"start":{"line":8,"column":4},"end":{"line":15,"column":6}},"2":{"start":{"line":17,"column":4},"end":{"line":17,"column":55}},"3":{"start":{"line":18,"column":4},"end":{"line":18,"column":57}},"4":{"start":{"line":19,"column":4},"end":{"line":19,"column":55}},"5":{"start":{"line":20,"column":4},"end":{"line":20,"column":49}},"6":{"start":{"line":24,"column":25},"end":{"line":24,"column":59}},"7":{"start":{"line":25,"column":4},"end":{"line":25,"column":49}},"8":{"start":{"line":27,"column":4},"end":{"line":31,"column":7}},"9":{"start":{"line":37,"column":4},"end":{"line":48,"column":5}},"10":{"start":{"line":38,"column":6},"end":{"line":40,"column":9}},"11":{"start":{"line":41,"column":6},"end":{"line":41,"column":19}},"12":{"start":{"line":43,"column":11},"end":{"line":48,"column":5}},"13":{"start":{"line":44,"column":6},"end":{"line":46,"column":9}},"14":{"start":{"line":47,"column":6},"end":{"line":47,"column":19}},"15":{"start":{"line":50,"column":4},"end":{"line":50,"column":16}},"16":{"start":{"line":54,"column":4},"end":{"line":74,"column":5}},"17":{"start":{"line":55,"column":6},"end":{"line":73,"column":9}},"18":{"start":{"line":61,"column":8},"end":{"line":72,"column":9}},"19":{"start":{"line":62,"column":10},"end":{"line":71,"column":13}},"20":{"start":{"line":63,"column":12},"end":{"line":70,"column":13}},"21":{"start":{"line":64,"column":14},"end":{"line":64,"column":66}},"22":{"start":{"line":65,"column":14},"end":{"line":65,"column":54}},"23":{"start":{"line":67,"column":14},"end":{"line":69,"column":17}},"24":{"start":{"line":78,"column":4},"end":{"line":78,"column":39}},"25":{"start":{"line":82,"column":4},"end":{"line":123,"column":6}}},"fnMap":{"0":{"name":"(anonymous_0)","decl":{"start":{"line":6,"column":2},"end":{"line":6,"column":3}},"loc":{"start":{"line":6,"column":21},"end":{"line":21,"column":3}},"line":6},"1":{"name":"(anonymous_1)","decl":{"start":{"line":23,"column":2},"end":{"line":23,"column":3}},"loc":{"start":{"line":23,"column":20},"end":{"line":32,"column":3}},"line":23},"2":{"name":"(anonymous_2)","decl":{"start":{"line":35,"column":2},"end":{"line":35,"column":3}},"loc":{"start":{"line":35,"column":18},"end":{"line":51,"column":3}},"line":35},"3":{"name":"(anonymous_3)","decl":{"start":{"line":53,"column":2},"end":{"line":53,"column":3}},"loc":{"start":{"line":53,"column":18},"end":{"line":75,"column":3}},"line":53},"4":{"name":"(anonymous_4)","decl":{"start":{"line":60,"column":14},"end":{"line":60,"column":15}},"loc":{"start":{"line":60,"column":23},"end":{"line":73,"column":7}},"line":60},"5":{"name":"(anonymous_5)","decl":{"start":{"line":62,"column":26},"end":{"line":62,"column":27}},"loc":{"start":{"line":62,"column":37},"end":{"line":71,"column":11}},"line":62},"6":{"name":"(anonymous_6)","decl":{"start":{"line":77,"column":2},"end":{"line":77,"column":3}},"loc":{"start":{"line":77,"column":15},"end":{"line":79,"column":3}},"line":77},"7":{"name":"(anonymous_7)","decl":{"start":{"line":81,"column":2},"end":{"line":81,"column":3}},"loc":{"start":{"line":81,"column":11},"end":{"line":124,"column":3}},"line":81}},"branchMap":{"0":{"loc":{"start":{"line":37,"column":4},"end":{"line":48,"column":5}},"type":"if","locations":[{"start":{"line":37,"column":4},"end":{"line":48,"column":5}},{"start":{"line":37,"column":4},"end":{"line":48,"column":5}}],"line":37},"1":{"loc":{"start":{"line":43,"column":11},"end":{"line":48,"column":5}},"type":"if","locations":[{"start":{"line":43,"column":11},"end":{"line":48,"column":5}},{"start":{"line":43,"column":11},"end":{"line":48,"column":5}}],"line":43},"2":{"loc":{"start":{"line":54,"column":4},"end":{"line":74,"column":5}},"type":"if","locations":[{"start":{"line":54,"column":4},"end":{"line":74,"column":5}},{"start":{"line":54,"column":4},"end":{"line":74,"column":5}}],"line":54},"3":{"loc":{"start":{"line":61,"column":8},"end":{"line":72,"column":9}},"type":"if","locations":[{"start":{"line":61,"column":8},"end":{"line":72,"column":9}},{"start":{"line":61,"column":8},"end":{"line":72,"column":9}}],"line":61},"4":{"loc":{"start":{"line":63,"column":12},"end":{"line":70,"column":13}},"type":"if","locations":[{"start":{"line":63,"column":12},"end":{"line":70,"column":13}},{"start":{"line":63,"column":12},"end":{"line":70,"column":13}}],"line":63}},"s":{"0":1,"1":1,"2":1,"3":1,"4":1,"5":1,"6":0,"7":0,"8":0,"9":3,"10":1,"11":1,"12":2,"13":1,"14":1,"15":1,"16":3,"17":1,"18":1,"19":1,"20":1,"21":1,"22":1,"23":0,"24":0,"25":6},"f":{"0":1,"1":0,"2":3,"3":3,"4":1,"5":1,"6":0,"7":6},"b":{"0":[1,2],"1":[1,1],"2":[1,2],"3":[1,0],"4":[1,0]},"_coverageSchema":"332fd63041d2c1bcb487cc26dd0d5f7d97098a6c","hash":"48d7674572437943d759a31e48557ec060c7b34f"}
,"C:\\Users\\Chris\\documents\\webdev\\gametrader\\js\\components\\Menu.jsx": {"path":"C:\\Users\\Chris\\documents\\webdev\\gametrader\\js\\components\\Menu.jsx","statementMap":{"0":{"start":{"line":6,"column":15},"end":{"line":11,"column":1}},"1":{"start":{"line":7,"column":2},"end":{"line":10,"column":5}},"2":{"start":{"line":15,"column":4},"end":{"line":32,"column":6}}},"fnMap":{"0":{"name":"(anonymous_0)","decl":{"start":{"line":6,"column":15},"end":{"line":6,"column":16}},"loc":{"start":{"line":6,"column":21},"end":{"line":11,"column":1}},"line":6},"1":{"name":"(anonymous_1)","decl":{"start":{"line":14,"column":2},"end":{"line":14,"column":3}},"loc":{"start":{"line":14,"column":11},"end":{"line":33,"column":3}},"line":14}},"branchMap":{},"s":{"0":2,"1":1,"2":1},"f":{"0":1,"1":1},"b":{},"_coverageSchema":"332fd63041d2c1bcb487cc26dd0d5f7d97098a6c","hash":"b7e1f4dd5f8d549a5516df5b02c07d0a88a48d5f"}
,"C:\\Users\\Chris\\documents\\webdev\\gametrader\\js\\components\\RequestItem.jsx": {"path":"C:\\Users\\Chris\\documents\\webdev\\gametrader\\js\\components\\RequestItem.jsx","statementMap":{"0":{"start":{"line":13,"column":4},"end":{"line":13,"column":17}},"1":{"start":{"line":14,"column":4},"end":{"line":17,"column":6}},"2":{"start":{"line":19,"column":4},"end":{"line":19,"column":51}},"3":{"start":{"line":20,"column":4},"end":{"line":20,"column":51}},"4":{"start":{"line":21,"column":4},"end":{"line":21,"column":53}},"5":{"start":{"line":22,"column":4},"end":{"line":22,"column":51}},"6":{"start":{"line":23,"column":4},"end":{"line":23,"column":61}},"7":{"start":{"line":24,"column":4},"end":{"line":24,"column":61}},"8":{"start":{"line":25,"column":4},"end":{"line":25,"column":77}},"9":{"start":{"line":29,"column":4},"end":{"line":35,"column":5}},"10":{"start":{"line":30,"column":6},"end":{"line":30,"column":46}},"11":{"start":{"line":31,"column":11},"end":{"line":35,"column":5}},"12":{"start":{"line":32,"column":6},"end":{"line":32,"column":53}},"13":{"start":{"line":33,"column":11},"end":{"line":35,"column":5}},"14":{"start":{"line":34,"column":6},"end":{"line":34,"column":84}},"15":{"start":{"line":36,"column":4},"end":{"line":36,"column":14}},"16":{"start":{"line":40,"column":4},"end":{"line":61,"column":5}},"17":{"start":{"line":41,"column":6},"end":{"line":52,"column":7}},"18":{"start":{"line":42,"column":8},"end":{"line":44,"column":10}},"19":{"start":{"line":43,"column":52},"end":{"line":43,"column":83}},"20":{"start":{"line":45,"column":13},"end":{"line":52,"column":7}},"21":{"start":{"line":46,"column":8},"end":{"line":51,"column":10}},"22":{"start":{"line":48,"column":80},"end":{"line":48,"column":110}},"23":{"start":{"line":53,"column":11},"end":{"line":61,"column":5}},"24":{"start":{"line":54,"column":6},"end":{"line":56,"column":8}},"25":{"start":{"line":57,"column":11},"end":{"line":61,"column":5}},"26":{"start":{"line":58,"column":6},"end":{"line":60,"column":8}},"27":{"start":{"line":65,"column":4},"end":{"line":71,"column":5}},"28":{"start":{"line":66,"column":6},"end":{"line":66,"column":31}},"29":{"start":{"line":67,"column":11},"end":{"line":71,"column":5}},"30":{"start":{"line":68,"column":6},"end":{"line":68,"column":32}},"31":{"start":{"line":69,"column":11},"end":{"line":71,"column":5}},"32":{"start":{"line":70,"column":6},"end":{"line":70,"column":32}},"33":{"start":{"line":75,"column":4},"end":{"line":77,"column":7}},"34":{"start":{"line":81,"column":4},"end":{"line":84,"column":7}},"35":{"start":{"line":87,"column":4},"end":{"line":87,"column":23}},"36":{"start":{"line":91,"column":4},"end":{"line":95,"column":7}},"37":{"start":{"line":100,"column":4},"end":{"line":103,"column":7}},"38":{"start":{"line":105,"column":4},"end":{"line":108,"column":7}},"39":{"start":{"line":111,"column":4},"end":{"line":111,"column":23}},"40":{"start":{"line":115,"column":4},"end":{"line":154,"column":6}},"41":{"start":{"line":159,"column":2},"end":{"line":163,"column":15}}},"fnMap":{"0":{"name":"(anonymous_0)","decl":{"start":{"line":12,"column":2},"end":{"line":12,"column":3}},"loc":{"start":{"line":12,"column":21},"end":{"line":26,"column":3}},"line":12},"1":{"name":"(anonymous_1)","decl":{"start":{"line":28,"column":2},"end":{"line":28,"column":3}},"loc":{"start":{"line":28,"column":21},"end":{"line":37,"column":3}},"line":28},"2":{"name":"(anonymous_2)","decl":{"start":{"line":39,"column":2},"end":{"line":39,"column":3}},"loc":{"start":{"line":39,"column":21},"end":{"line":62,"column":3}},"line":39},"3":{"name":"(anonymous_3)","decl":{"start":{"line":43,"column":44},"end":{"line":43,"column":45}},"loc":{"start":{"line":43,"column":50},"end":{"line":43,"column":85}},"line":43},"4":{"name":"(anonymous_4)","decl":{"start":{"line":48,"column":72},"end":{"line":48,"column":73}},"loc":{"start":{"line":48,"column":78},"end":{"line":48,"column":112}},"line":48},"5":{"name":"(anonymous_5)","decl":{"start":{"line":64,"column":2},"end":{"line":64,"column":3}},"loc":{"start":{"line":64,"column":35},"end":{"line":72,"column":3}},"line":64},"6":{"name":"(anonymous_6)","decl":{"start":{"line":74,"column":2},"end":{"line":74,"column":3}},"loc":{"start":{"line":74,"column":16},"end":{"line":78,"column":3}},"line":74},"7":{"name":"(anonymous_7)","decl":{"start":{"line":80,"column":2},"end":{"line":80,"column":3}},"loc":{"start":{"line":80,"column":16},"end":{"line":88,"column":3}},"line":80},"8":{"name":"(anonymous_8)","decl":{"start":{"line":90,"column":2},"end":{"line":90,"column":3}},"loc":{"start":{"line":90,"column":21},"end":{"line":96,"column":3}},"line":90},"9":{"name":"(anonymous_9)","decl":{"start":{"line":98,"column":2},"end":{"line":98,"column":3}},"loc":{"start":{"line":98,"column":16},"end":{"line":112,"column":3}},"line":98},"10":{"name":"(anonymous_10)","decl":{"start":{"line":114,"column":2},"end":{"line":114,"column":3}},"loc":{"start":{"line":114,"column":11},"end":{"line":155,"column":3}},"line":114},"11":{"name":"mapDispatchToProps","decl":{"start":{"line":158,"column":9},"end":{"line":158,"column":27}},"loc":{"start":{"line":158,"column":38},"end":{"line":164,"column":1}},"line":158}},"branchMap":{"0":{"loc":{"start":{"line":29,"column":4},"end":{"line":35,"column":5}},"type":"if","locations":[{"start":{"line":29,"column":4},"end":{"line":35,"column":5}},{"start":{"line":29,"column":4},"end":{"line":35,"column":5}}],"line":29},"1":{"loc":{"start":{"line":31,"column":11},"end":{"line":35,"column":5}},"type":"if","locations":[{"start":{"line":31,"column":11},"end":{"line":35,"column":5}},{"start":{"line":31,"column":11},"end":{"line":35,"column":5}}],"line":31},"2":{"loc":{"start":{"line":33,"column":11},"end":{"line":35,"column":5}},"type":"if","locations":[{"start":{"line":33,"column":11},"end":{"line":35,"column":5}},{"start":{"line":33,"column":11},"end":{"line":35,"column":5}}],"line":33},"3":{"loc":{"start":{"line":40,"column":4},"end":{"line":61,"column":5}},"type":"if","locations":[{"start":{"line":40,"column":4},"end":{"line":61,"column":5}},{"start":{"line":40,"column":4},"end":{"line":61,"column":5}}],"line":40},"4":{"loc":{"start":{"line":41,"column":6},"end":{"line":52,"column":7}},"type":"if","locations":[{"start":{"line":41,"column":6},"end":{"line":52,"column":7}},{"start":{"line":41,"column":6},"end":{"line":52,"column":7}}],"line":41},"5":{"loc":{"start":{"line":45,"column":13},"end":{"line":52,"column":7}},"type":"if","locations":[{"start":{"line":45,"column":13},"end":{"line":52,"column":7}},{"start":{"line":45,"column":13},"end":{"line":52,"column":7}}],"line":45},"6":{"loc":{"start":{"line":53,"column":11},"end":{"line":61,"column":5}},"type":"if","locations":[{"start":{"line":53,"column":11},"end":{"line":61,"column":5}},{"start":{"line":53,"column":11},"end":{"line":61,"column":5}}],"line":53},"7":{"loc":{"start":{"line":57,"column":11},"end":{"line":61,"column":5}},"type":"if","locations":[{"start":{"line":57,"column":11},"end":{"line":61,"column":5}},{"start":{"line":57,"column":11},"end":{"line":61,"column":5}}],"line":57},"8":{"loc":{"start":{"line":57,"column":15},"end":{"line":57,"column":80}},"type":"binary-expr","locations":[{"start":{"line":57,"column":15},"end":{"line":57,"column":45}},{"start":{"line":57,"column":49},"end":{"line":57,"column":80}}],"line":57},"9":{"loc":{"start":{"line":65,"column":4},"end":{"line":71,"column":5}},"type":"if","locations":[{"start":{"line":65,"column":4},"end":{"line":71,"column":5}},{"start":{"line":65,"column":4},"end":{"line":71,"column":5}}],"line":65},"10":{"loc":{"start":{"line":67,"column":11},"end":{"line":71,"column":5}},"type":"if","locations":[{"start":{"line":67,"column":11},"end":{"line":71,"column":5}},{"start":{"line":67,"column":11},"end":{"line":71,"column":5}}],"line":67},"11":{"loc":{"start":{"line":69,"column":11},"end":{"line":71,"column":5}},"type":"if","locations":[{"start":{"line":69,"column":11},"end":{"line":71,"column":5}},{"start":{"line":69,"column":11},"end":{"line":71,"column":5}}],"line":69},"12":{"loc":{"start":{"line":69,"column":15},"end":{"line":69,"column":58}},"type":"binary-expr","locations":[{"start":{"line":69,"column":15},"end":{"line":69,"column":34}},{"start":{"line":69,"column":38},"end":{"line":69,"column":58}}],"line":69}},"s":{"0":31,"1":31,"2":31,"3":31,"4":31,"5":31,"6":31,"7":31,"8":31,"9":33,"10":5,"11":28,"12":7,"13":21,"14":5,"15":16,"16":33,"17":15,"18":6,"19":1,"20":9,"21":9,"22":0,"23":18,"24":5,"25":13,"26":12,"27":66,"28":30,"29":36,"30":10,"31":26,"32":24,"33":2,"34":1,"35":1,"36":1,"37":1,"38":1,"39":1,"40":33,"41":0},"f":{"0":31,"1":33,"2":33,"3":1,"4":0,"5":66,"6":2,"7":1,"8":1,"9":1,"10":33,"11":0},"b":{"0":[5,28],"1":[7,21],"2":[5,16],"3":[15,18],"4":[6,9],"5":[9,0],"6":[5,13],"7":[12,1],"8":[13,6],"9":[30,36],"10":[10,26],"11":[24,2],"12":[26,12]},"_coverageSchema":"332fd63041d2c1bcb487cc26dd0d5f7d97098a6c","hash":"a066ef1b9717a55d9f0a92563e5fd49ea5b59274"}
,"C:\\Users\\Chris\\documents\\webdev\\gametrader\\js\\components\\RequestList.jsx": {"path":"C:\\Users\\Chris\\documents\\webdev\\gametrader\\js\\components\\RequestList.jsx","statementMap":{"0":{"start":{"line":10,"column":4},"end":{"line":10,"column":17}},"1":{"start":{"line":11,"column":4},"end":{"line":13,"column":6}},"2":{"start":{"line":20,"column":4},"end":{"line":20,"column":35}},"3":{"start":{"line":24,"column":4},"end":{"line":24,"column":33}},"4":{"start":{"line":25,"column":4},"end":{"line":27,"column":7}},"5":{"start":{"line":31,"column":4},"end":{"line":58,"column":6}},"6":{"start":{"line":44,"column":14},"end":{"line":52,"column":20}},"7":{"start":{"line":63,"column":2},"end":{"line":65,"column":4}},"8":{"start":{"line":69,"column":2},"end":{"line":74,"column":15}}},"fnMap":{"0":{"name":"(anonymous_0)","decl":{"start":{"line":9,"column":2},"end":{"line":9,"column":3}},"loc":{"start":{"line":9,"column":21},"end":{"line":14,"column":3}},"line":9},"1":{"name":"(anonymous_1)","decl":{"start":{"line":16,"column":2},"end":{"line":16,"column":3}},"loc":{"start":{"line":16,"column":23},"end":{"line":21,"column":3}},"line":16},"2":{"name":"(anonymous_2)","decl":{"start":{"line":23,"column":2},"end":{"line":23,"column":3}},"loc":{"start":{"line":23,"column":22},"end":{"line":28,"column":3}},"line":23},"3":{"name":"(anonymous_3)","decl":{"start":{"line":30,"column":2},"end":{"line":30,"column":3}},"loc":{"start":{"line":30,"column":11},"end":{"line":59,"column":3}},"line":30},"4":{"name":"(anonymous_4)","decl":{"start":{"line":43,"column":46},"end":{"line":43,"column":47}},"loc":{"start":{"line":44,"column":14},"end":{"line":52,"column":20}},"line":44},"5":{"name":"mapStateToProps","decl":{"start":{"line":62,"column":9},"end":{"line":62,"column":24}},"loc":{"start":{"line":62,"column":32},"end":{"line":66,"column":1}},"line":62},"6":{"name":"mapDispatchToProps","decl":{"start":{"line":68,"column":9},"end":{"line":68,"column":27}},"loc":{"start":{"line":68,"column":38},"end":{"line":75,"column":1}},"line":68}},"branchMap":{},"s":{"0":1,"1":1,"2":1,"3":0,"4":0,"5":1,"6":2,"7":0,"8":0},"f":{"0":1,"1":1,"2":0,"3":1,"4":2,"5":0,"6":0},"b":{},"_coverageSchema":"332fd63041d2c1bcb487cc26dd0d5f7d97098a6c","hash":"de3802600ae9e065f83fd813ff8ad087f19819ed"}
,"C:\\Users\\Chris\\documents\\webdev\\gametrader\\js\\components\\SignUp.jsx": {"path":"C:\\Users\\Chris\\documents\\webdev\\gametrader\\js\\components\\SignUp.jsx","statementMap":{"0":{"start":{"line":7,"column":4},"end":{"line":7,"column":17}},"1":{"start":{"line":8,"column":4},"end":{"line":25,"column":6}},"2":{"start":{"line":27,"column":4},"end":{"line":27,"column":53}},"3":{"start":{"line":28,"column":4},"end":{"line":28,"column":61}},"4":{"start":{"line":29,"column":4},"end":{"line":29,"column":57}},"5":{"start":{"line":33,"column":17},"end":{"line":33,"column":54}},"6":{"start":{"line":34,"column":4},"end":{"line":34,"column":49}},"7":{"start":{"line":36,"column":4},"end":{"line":44,"column":7}},"8":{"start":{"line":49,"column":17},"end":{"line":49,"column":35}},"9":{"start":{"line":52,"column":4},"end":{"line":71,"column":7}},"10":{"start":{"line":53,"column":19},"end":{"line":53,"column":33}},"11":{"start":{"line":54,"column":6},"end":{"line":70,"column":7}},"12":{"start":{"line":57,"column":8},"end":{"line":63,"column":9}},"13":{"start":{"line":58,"column":10},"end":{"line":58,"column":35}},"14":{"start":{"line":59,"column":15},"end":{"line":63,"column":9}},"15":{"start":{"line":60,"column":10},"end":{"line":60,"column":30}},"16":{"start":{"line":62,"column":10},"end":{"line":62,"column":35}},"17":{"start":{"line":65,"column":8},"end":{"line":67,"column":11}},"18":{"start":{"line":69,"column":8},"end":{"line":69,"column":21}},"19":{"start":{"line":73,"column":4},"end":{"line":78,"column":5}},"20":{"start":{"line":74,"column":6},"end":{"line":76,"column":9}},"21":{"start":{"line":77,"column":6},"end":{"line":77,"column":19}},"22":{"start":{"line":80,"column":4},"end":{"line":85,"column":5}},"23":{"start":{"line":81,"column":6},"end":{"line":83,"column":9}},"24":{"start":{"line":84,"column":6},"end":{"line":84,"column":19}},"25":{"start":{"line":87,"column":4},"end":{"line":92,"column":5}},"26":{"start":{"line":88,"column":6},"end":{"line":90,"column":9}},"27":{"start":{"line":91,"column":6},"end":{"line":91,"column":19}},"28":{"start":{"line":94,"column":4},"end":{"line":99,"column":5}},"29":{"start":{"line":95,"column":6},"end":{"line":97,"column":9}},"30":{"start":{"line":98,"column":6},"end":{"line":98,"column":19}},"31":{"start":{"line":101,"column":4},"end":{"line":106,"column":5}},"32":{"start":{"line":102,"column":6},"end":{"line":104,"column":9}},"33":{"start":{"line":105,"column":6},"end":{"line":105,"column":19}},"34":{"start":{"line":108,"column":4},"end":{"line":113,"column":5}},"35":{"start":{"line":109,"column":6},"end":{"line":111,"column":9}},"36":{"start":{"line":112,"column":6},"end":{"line":112,"column":19}},"37":{"start":{"line":115,"column":4},"end":{"line":115,"column":16}},"38":{"start":{"line":119,"column":4},"end":{"line":139,"column":5}},"39":{"start":{"line":120,"column":6},"end":{"line":138,"column":72}},"40":{"start":{"line":126,"column":8},"end":{"line":137,"column":9}},"41":{"start":{"line":127,"column":10},"end":{"line":136,"column":13}},"42":{"start":{"line":128,"column":12},"end":{"line":135,"column":13}},"43":{"start":{"line":129,"column":14},"end":{"line":131,"column":17}},"44":{"start":{"line":133,"column":14},"end":{"line":133,"column":69}},"45":{"start":{"line":134,"column":14},"end":{"line":134,"column":55}},"46":{"start":{"line":138,"column":22},"end":{"line":138,"column":70}},"47":{"start":{"line":143,"column":4},"end":{"line":226,"column":6}}},"fnMap":{"0":{"name":"(anonymous_0)","decl":{"start":{"line":6,"column":2},"end":{"line":6,"column":3}},"loc":{"start":{"line":6,"column":21},"end":{"line":30,"column":3}},"line":6},"1":{"name":"(anonymous_1)","decl":{"start":{"line":32,"column":2},"end":{"line":32,"column":3}},"loc":{"start":{"line":32,"column":22},"end":{"line":45,"column":3}},"line":32},"2":{"name":"(anonymous_2)","decl":{"start":{"line":48,"column":2},"end":{"line":48,"column":3}},"loc":{"start":{"line":48,"column":19},"end":{"line":116,"column":3}},"line":48},"3":{"name":"(anonymous_3)","decl":{"start":{"line":52,"column":26},"end":{"line":52,"column":27}},"loc":{"start":{"line":52,"column":37},"end":{"line":71,"column":5}},"line":52},"4":{"name":"(anonymous_4)","decl":{"start":{"line":118,"column":2},"end":{"line":118,"column":3}},"loc":{"start":{"line":118,"column":21},"end":{"line":140,"column":3}},"line":118},"5":{"name":"(anonymous_5)","decl":{"start":{"line":125,"column":14},"end":{"line":125,"column":15}},"loc":{"start":{"line":125,"column":23},"end":{"line":138,"column":7}},"line":125},"6":{"name":"(anonymous_6)","decl":{"start":{"line":127,"column":26},"end":{"line":127,"column":27}},"loc":{"start":{"line":127,"column":38},"end":{"line":136,"column":11}},"line":127},"7":{"name":"(anonymous_7)","decl":{"start":{"line":138,"column":15},"end":{"line":138,"column":16}},"loc":{"start":{"line":138,"column":22},"end":{"line":138,"column":70}},"line":138},"8":{"name":"(anonymous_8)","decl":{"start":{"line":142,"column":2},"end":{"line":142,"column":3}},"loc":{"start":{"line":142,"column":11},"end":{"line":227,"column":3}},"line":142}},"branchMap":{"0":{"loc":{"start":{"line":54,"column":6},"end":{"line":70,"column":7}},"type":"if","locations":[{"start":{"line":54,"column":6},"end":{"line":70,"column":7}},{"start":{"line":54,"column":6},"end":{"line":70,"column":7}}],"line":54},"1":{"loc":{"start":{"line":57,"column":8},"end":{"line":63,"column":9}},"type":"if","locations":[{"start":{"line":57,"column":8},"end":{"line":63,"column":9}},{"start":{"line":57,"column":8},"end":{"line":63,"column":9}}],"line":57},"2":{"loc":{"start":{"line":59,"column":15},"end":{"line":63,"column":9}},"type":"if","locations":[{"start":{"line":59,"column":15},"end":{"line":63,"column":9}},{"start":{"line":59,"column":15},"end":{"line":63,"column":9}}],"line":59},"3":{"loc":{"start":{"line":59,"column":19},"end":{"line":59,"column":87}},"type":"binary-expr","locations":[{"start":{"line":59,"column":19},"end":{"line":59,"column":51}},{"start":{"line":59,"column":55},"end":{"line":59,"column":87}}],"line":59},"4":{"loc":{"start":{"line":73,"column":4},"end":{"line":78,"column":5}},"type":"if","locations":[{"start":{"line":73,"column":4},"end":{"line":78,"column":5}},{"start":{"line":73,"column":4},"end":{"line":78,"column":5}}],"line":73},"5":{"loc":{"start":{"line":73,"column":8},"end":{"line":73,"column":71}},"type":"binary-expr","locations":[{"start":{"line":73,"column":8},"end":{"line":73,"column":32}},{"start":{"line":73,"column":36},"end":{"line":73,"column":71}}],"line":73},"6":{"loc":{"start":{"line":80,"column":4},"end":{"line":85,"column":5}},"type":"if","locations":[{"start":{"line":80,"column":4},"end":{"line":85,"column":5}},{"start":{"line":80,"column":4},"end":{"line":85,"column":5}}],"line":80},"7":{"loc":{"start":{"line":80,"column":8},"end":{"line":80,"column":73}},"type":"binary-expr","locations":[{"start":{"line":80,"column":8},"end":{"line":80,"column":33}},{"start":{"line":80,"column":37},"end":{"line":80,"column":73}}],"line":80},"8":{"loc":{"start":{"line":87,"column":4},"end":{"line":92,"column":5}},"type":"if","locations":[{"start":{"line":87,"column":4},"end":{"line":92,"column":5}},{"start":{"line":87,"column":4},"end":{"line":92,"column":5}}],"line":87},"9":{"loc":{"start":{"line":94,"column":4},"end":{"line":99,"column":5}},"type":"if","locations":[{"start":{"line":94,"column":4},"end":{"line":99,"column":5}},{"start":{"line":94,"column":4},"end":{"line":99,"column":5}}],"line":94},"10":{"loc":{"start":{"line":101,"column":4},"end":{"line":106,"column":5}},"type":"if","locations":[{"start":{"line":101,"column":4},"end":{"line":106,"column":5}},{"start":{"line":101,"column":4},"end":{"line":106,"column":5}}],"line":101},"11":{"loc":{"start":{"line":108,"column":4},"end":{"line":113,"column":5}},"type":"if","locations":[{"start":{"line":108,"column":4},"end":{"line":113,"column":5}},{"start":{"line":108,"column":4},"end":{"line":113,"column":5}}],"line":108},"12":{"loc":{"start":{"line":119,"column":4},"end":{"line":139,"column":5}},"type":"if","locations":[{"start":{"line":119,"column":4},"end":{"line":139,"column":5}},{"start":{"line":119,"column":4},"end":{"line":139,"column":5}}],"line":119},"13":{"loc":{"start":{"line":126,"column":8},"end":{"line":137,"column":9}},"type":"if","locations":[{"start":{"line":126,"column":8},"end":{"line":137,"column":9}},{"start":{"line":126,"column":8},"end":{"line":137,"column":9}}],"line":126},"14":{"loc":{"start":{"line":128,"column":12},"end":{"line":135,"column":13}},"type":"if","locations":[{"start":{"line":128,"column":12},"end":{"line":135,"column":13}},{"start":{"line":128,"column":12},"end":{"line":135,"column":13}}],"line":128}},"s":{"0":1,"1":1,"2":1,"3":1,"4":1,"5":6,"6":6,"7":6,"8":8,"9":8,"10":48,"11":48,"12":11,"13":6,"14":5,"15":5,"16":0,"17":11,"18":11,"19":8,"20":1,"21":1,"22":7,"23":1,"24":1,"25":6,"26":1,"27":1,"28":5,"29":1,"30":1,"31":4,"32":1,"33":1,"34":3,"35":2,"36":2,"37":1,"38":8,"39":1,"40":1,"41":1,"42":1,"43":0,"44":1,"45":1,"46":0,"47":22},"f":{"0":1,"1":6,"2":8,"3":48,"4":8,"5":1,"6":1,"7":0,"8":22},"b":{"0":[11,37],"1":[6,5],"2":[5,0],"3":[5,5],"4":[1,7],"5":[8,7],"6":[1,6],"7":[7,6],"8":[1,5],"9":[1,4],"10":[1,3],"11":[2,1],"12":[1,7],"13":[1,0],"14":[0,1]},"_coverageSchema":"332fd63041d2c1bcb487cc26dd0d5f7d97098a6c","hash":"a9dd0a1ea9a8411f50234e893c858308a4b8126c"}
,"C:\\Users\\Chris\\documents\\webdev\\gametrader\\js\\constants\\actionTypes.js": {"path":"C:\\Users\\Chris\\documents\\webdev\\gametrader\\js\\constants\\actionTypes.js","statementMap":{"0":{"start":{"line":2,"column":24},"end":{"line":2,"column":34}},"1":{"start":{"line":3,"column":27},"end":{"line":3,"column":40}},"2":{"start":{"line":4,"column":30},"end":{"line":4,"column":46}},"3":{"start":{"line":5,"column":29},"end":{"line":5,"column":44}},"4":{"start":{"line":6,"column":30},"end":{"line":6,"column":46}},"5":{"start":{"line":7,"column":33},"end":{"line":7,"column":52}},"6":{"start":{"line":8,"column":35},"end":{"line":8,"column":56}},"7":{"start":{"line":9,"column":27},"end":{"line":9,"column":40}},"8":{"start":{"line":10,"column":30},"end":{"line":10,"column":46}},"9":{"start":{"line":11,"column":32},"end":{"line":11,"column":50}}},"fnMap":{},"branchMap":{},"s":{"0":3,"1":3,"2":3,"3":3,"4":3,"5":3,"6":3,"7":3,"8":3,"9":3},"f":{},"b":{},"_coverageSchema":"332fd63041d2c1bcb487cc26dd0d5f7d97098a6c","hash":"b7705c333b68c56b09fa042408a1a07e9cf0dc72"}
,"C:\\Users\\Chris\\documents\\webdev\\gametrader\\js\\constants\\gameConsoles.js": {"path":"C:\\Users\\Chris\\documents\\webdev\\gametrader\\js\\constants\\gameConsoles.js","statementMap":{"0":{"start":{"line":1,"column":28},"end":{"line":114,"column":1}}},"fnMap":{},"branchMap":{},"s":{"0":2},"f":{},"b":{},"_coverageSchema":"332fd63041d2c1bcb487cc26dd0d5f7d97098a6c","hash":"e7d7d6558f0139c2a53bb513a9f8958c5062b1ed"}
,"C:\\Users\\Chris\\documents\\webdev\\gametrader\\js\\constants\\requestStrings.js": {"path":"C:\\Users\\Chris\\documents\\webdev\\gametrader\\js\\constants\\requestStrings.js","statementMap":{"0":{"start":{"line":1,"column":24},"end":{"line":1,"column":34}},"1":{"start":{"line":2,"column":24},"end":{"line":2,"column":34}},"2":{"start":{"line":3,"column":23},"end":{"line":3,"column":32}},"3":{"start":{"line":4,"column":24},"end":{"line":4,"column":34}},"4":{"start":{"line":5,"column":24},"end":{"line":5,"column":34}},"5":{"start":{"line":6,"column":25},"end":{"line":6,"column":36}},"6":{"start":{"line":7,"column":28},"end":{"line":7,"column":42}},"7":{"start":{"line":8,"column":28},"end":{"line":8,"column":42}},"8":{"start":{"line":9,"column":35},"end":{"line":9,"column":50}}},"fnMap":{},"branchMap":{},"s":{"0":2,"1":2,"2":2,"3":2,"4":2,"5":2,"6":2,"7":2,"8":2},"f":{},"b":{},"_coverageSchema":"332fd63041d2c1bcb487cc26dd0d5f7d97098a6c","hash":"ca075dabee59e40eb8e74d3fe69815c9022bc771"}
,"C:\\Users\\Chris\\documents\\webdev\\gametrader\\js\\reducers\\gameReducer.js": {"path":"C:\\Users\\Chris\\documents\\webdev\\gametrader\\js\\reducers\\gameReducer.js","statementMap":{"0":{"start":{"line":3,"column":27},"end":{"line":22,"column":1}},"1":{"start":{"line":4,"column":2},"end":{"line":21,"column":3}},"2":{"start":{"line":7,"column":6},"end":{"line":7,"column":55}},"3":{"start":{"line":9,"column":6},"end":{"line":9,"column":39}},"4":{"start":{"line":12,"column":6},"end":{"line":12,"column":42}},"5":{"start":{"line":15,"column":6},"end":{"line":15,"column":42}},"6":{"start":{"line":18,"column":6},"end":{"line":18,"column":25}},"7":{"start":{"line":20,"column":6},"end":{"line":20,"column":19}}},"fnMap":{"0":{"name":"(anonymous_0)","decl":{"start":{"line":3,"column":27},"end":{"line":3,"column":28}},"loc":{"start":{"line":3,"column":60},"end":{"line":22,"column":1}},"line":3}},"branchMap":{"0":{"loc":{"start":{"line":3,"column":28},"end":{"line":3,"column":47}},"type":"default-arg","locations":[{"start":{"line":3,"column":36},"end":{"line":3,"column":47}}],"line":3},"1":{"loc":{"start":{"line":4,"column":2},"end":{"line":21,"column":3}},"type":"switch","locations":[{"start":{"line":5,"column":4},"end":{"line":7,"column":55}},{"start":{"line":8,"column":4},"end":{"line":9,"column":39}},{"start":{"line":10,"column":4},"end":{"line":12,"column":42}},{"start":{"line":13,"column":4},"end":{"line":15,"column":42}},{"start":{"line":16,"column":4},"end":{"line":18,"column":25}},{"start":{"line":19,"column":4},"end":{"line":20,"column":19}}],"line":4}},"s":{"0":1,"1":15,"2":2,"3":1,"4":1,"5":1,"6":1,"7":9},"f":{"0":15},"b":{"0":[9],"1":[2,1,1,1,1,9]},"_coverageSchema":"332fd63041d2c1bcb487cc26dd0d5f7d97098a6c","hash":"afaaf51ea82d377f96629c6ae0bbc977ad14997e"}
,"C:\\Users\\Chris\\documents\\webdev\\gametrader\\js\\reducers\\requestReducer.js": {"path":"C:\\Users\\Chris\\documents\\webdev\\gametrader\\js\\reducers\\requestReducer.js","statementMap":{"0":{"start":{"line":4,"column":30},"end":{"line":19,"column":1}},"1":{"start":{"line":5,"column":2},"end":{"line":18,"column":3}},"2":{"start":{"line":7,"column":6},"end":{"line":7,"column":61}},"3":{"start":{"line":9,"column":6},"end":{"line":9,"column":42}},"4":{"start":{"line":11,"column":6},"end":{"line":11,"column":45}},"5":{"start":{"line":13,"column":6},"end":{"line":13,"column":42}},"6":{"start":{"line":15,"column":6},"end":{"line":15,"column":28}},"7":{"start":{"line":17,"column":6},"end":{"line":17,"column":19}}},"fnMap":{"0":{"name":"(anonymous_0)","decl":{"start":{"line":4,"column":30},"end":{"line":4,"column":31}},"loc":{"start":{"line":4,"column":66},"end":{"line":19,"column":1}},"line":4}},"branchMap":{"0":{"loc":{"start":{"line":4,"column":31},"end":{"line":4,"column":53}},"type":"default-arg","locations":[{"start":{"line":4,"column":39},"end":{"line":4,"column":53}}],"line":4},"1":{"loc":{"start":{"line":5,"column":2},"end":{"line":18,"column":3}},"type":"switch","locations":[{"start":{"line":6,"column":4},"end":{"line":7,"column":61}},{"start":{"line":8,"column":4},"end":{"line":9,"column":42}},{"start":{"line":10,"column":4},"end":{"line":11,"column":45}},{"start":{"line":12,"column":4},"end":{"line":13,"column":42}},{"start":{"line":14,"column":4},"end":{"line":15,"column":28}},{"start":{"line":16,"column":4},"end":{"line":17,"column":19}}],"line":5}},"s":{"0":1,"1":15,"2":2,"3":1,"4":1,"5":1,"6":1,"7":9},"f":{"0":15},"b":{"0":[9],"1":[2,1,1,1,1,9]},"_coverageSchema":"332fd63041d2c1bcb487cc26dd0d5f7d97098a6c","hash":"64eb1b3d25ddb6aa8e3ad2aad19c9d2ba402ae9b"}
,"C:\\Users\\Chris\\documents\\webdev\\gametrader\\js\\reducers\\rootReducer.js": {"path":"C:\\Users\\Chris\\documents\\webdev\\gametrader\\js\\reducers\\rootReducer.js","statementMap":{},"fnMap":{},"branchMap":{},"s":{},"f":{},"b":{},"_coverageSchema":"332fd63041d2c1bcb487cc26dd0d5f7d97098a6c","hash":"e87186839a5ef89cf390df79ab217656082781d6"}
}
