TN:
SF:C:\Users\Chris\documents\webdev\gametrader\__mockData__\mockData.js
FNF:0
FNH:0
DA:1,2
DA:34,2
DA:82,2
LF:3
LH:3
BRF:0
BRH:0
end_of_record
TN:
SF:C:\Users\Chris\documents\webdev\gametrader\js\actions\gameActions.js
FN:3,(anonymous_0)
FN:4,(anonymous_1)
FN:6,(anonymous_2)
FN:8,(anonymous_3)
FN:14,(anonymous_4)
FN:15,(anonymous_5)
FN:17,(anonymous_6)
FN:19,(anonymous_7)
FN:25,(anonymous_8)
FN:26,(anonymous_9)
FN:28,(anonymous_10)
FN:30,(anonymous_11)
FN:36,(anonymous_12)
FN:37,(anonymous_13)
FN:39,(anonymous_14)
FN:41,(anonymous_15)
FN:47,(anonymous_16)
FNF:17
FNH:0
FNDA:0,(anonymous_0)
FNDA:0,(anonymous_1)
FNDA:0,(anonymous_2)
FNDA:0,(anonymous_3)
FNDA:0,(anonymous_4)
FNDA:0,(anonymous_5)
FNDA:0,(anonymous_6)
FNDA:0,(anonymous_7)
FNDA:0,(anonymous_8)
FNDA:0,(anonymous_9)
FNDA:0,(anonymous_10)
FNDA:0,(anonymous_11)
FNDA:0,(anonymous_12)
FNDA:0,(anonymous_13)
FNDA:0,(anonymous_14)
FNDA:0,(anonymous_15)
FNDA:0,(anonymous_16)
DA:3,5
DA:4,0
DA:5,0
DA:7,0
DA:9,0
DA:14,5
DA:15,0
DA:16,0
DA:18,0
DA:20,0
DA:25,5
DA:26,0
DA:27,0
DA:29,0
DA:31,0
DA:36,5
DA:37,0
DA:38,0
DA:40,0
DA:42,0
DA:47,5
DA:48,0
LF:22
LH:5
BRF:0
BRH:0
end_of_record
TN:
SF:C:\Users\Chris\documents\webdev\gametrader\js\actions\requestActions.js
FN:3,(anonymous_0)
FN:4,(anonymous_1)
FN:6,(anonymous_2)
FN:8,(anonymous_3)
FN:14,(anonymous_4)
FN:15,(anonymous_5)
FN:17,(anonymous_6)
FN:19,(anonymous_7)
FN:25,(anonymous_8)
FN:26,(anonymous_9)
FN:28,(anonymous_10)
FN:30,(anonymous_11)
FN:36,(anonymous_12)
FN:37,(anonymous_13)
FN:39,(anonymous_14)
FN:41,(anonymous_15)
FN:47,(anonymous_16)
FNF:17
FNH:0
FNDA:0,(anonymous_0)
FNDA:0,(anonymous_1)
FNDA:0,(anonymous_2)
FNDA:0,(anonymous_3)
FNDA:0,(anonymous_4)
FNDA:0,(anonymous_5)
FNDA:0,(anonymous_6)
FNDA:0,(anonymous_7)
FNDA:0,(anonymous_8)
FNDA:0,(anonymous_9)
FNDA:0,(anonymous_10)
FNDA:0,(anonymous_11)
FNDA:0,(anonymous_12)
FNDA:0,(anonymous_13)
FNDA:0,(anonymous_14)
FNDA:0,(anonymous_15)
FNDA:0,(anonymous_16)
DA:3,3
DA:4,0
DA:5,0
DA:7,0
DA:9,0
DA:14,3
DA:15,0
DA:16,0
DA:18,0
DA:20,0
DA:25,3
DA:26,0
DA:27,0
DA:29,0
DA:31,0
DA:36,3
DA:37,0
DA:38,0
DA:40,0
DA:42,0
DA:47,3
DA:48,0
LF:22
LH:5
BRF:0
BRH:0
end_of_record
TN:
SF:C:\Users\Chris\documents\webdev\gametrader\js\components\BrowserSearchBar.jsx
FN:5,(anonymous_0)
FN:15,(anonymous_1)
FN:21,(anonymous_2)
FN:25,(anonymous_3)
FNF:4
FNH:2
FNDA:1,(anonymous_0)
FNDA:0,(anonymous_1)
FNDA:0,(anonymous_2)
FNDA:1,(anonymous_3)
DA:6,1
DA:7,1
DA:11,1
DA:12,1
DA:16,0
DA:22,0
DA:26,1
LF:7
LH:5
BRF:0
BRH:0
end_of_record
TN:
SF:C:\Users\Chris\documents\webdev\gametrader\js\components\GameBrowser.jsx
FN:17,(anonymous_0)
FN:35,(anonymous_1)
FN:40,(anonymous_2)
FN:55,(anonymous_3)
FN:58,(anonymous_4)
FN:66,(anonymous_5)
FN:90,(anonymous_6)
FN:94,(anonymous_7)
FN:106,(anonymous_8)
FN:115,(anonymous_9)
FN:118,(anonymous_10)
FN:119,(anonymous_11)
FN:139,(anonymous_12)
FN:144,(anonymous_13)
FN:151,(anonymous_14)
FN:166,(anonymous_15)
FN:197,(anonymous_16)
FN:213,(anonymous_17)
FN:240,mapPropstoState
FN:246,mapDispatchToProps
FNF:20
FNH:4
FNDA:1,(anonymous_0)
FNDA:0,(anonymous_1)
FNDA:1,(anonymous_2)
FNDA:0,(anonymous_3)
FNDA:0,(anonymous_4)
FNDA:0,(anonymous_5)
FNDA:0,(anonymous_6)
FNDA:0,(anonymous_7)
FNDA:0,(anonymous_8)
FNDA:0,(anonymous_9)
FNDA:0,(anonymous_10)
FNDA:0,(anonymous_11)
FNDA:0,(anonymous_12)
FNDA:0,(anonymous_13)
FNDA:1,(anonymous_14)
FNDA:0,(anonymous_15)
FNDA:0,(anonymous_16)
FNDA:2,(anonymous_17)
FNDA:0,mapPropstoState
FNDA:0,mapDispatchToProps
DA:18,1
DA:19,1
DA:28,1
DA:29,1
DA:30,1
DA:31,1
DA:32,1
DA:36,0
DA:37,0
DA:41,1
DA:42,0
DA:51,1
DA:56,0
DA:58,0
DA:59,0
DA:60,0
DA:63,0
DA:67,0
DA:68,0
DA:75,0
DA:76,0
DA:79,0
DA:84,0
DA:91,0
DA:94,0
DA:95,0
DA:96,0
DA:100,0
DA:107,0
DA:108,0
DA:111,0
DA:116,0
DA:117,0
DA:119,0
DA:120,0
DA:131,0
DA:134,0
DA:140,0
DA:145,0
DA:152,1
DA:167,0
DA:198,0
DA:214,2
DA:241,0
DA:247,0
LF:45
LH:11
BRDA:41,0,0,0
BRDA:41,0,1,1
BRDA:59,1,0,0
BRDA:59,1,1,0
BRDA:67,2,0,0
BRDA:67,2,1,0
BRDA:95,3,0,0
BRDA:95,3,1,0
BRDA:108,4,0,0
BRDA:108,4,1,0
BRDA:116,5,0,0
BRDA:116,5,1,0
BRDA:144,6,0,0
BRF:13
BRH:1
end_of_record
TN:
SF:C:\Users\Chris\documents\webdev\gametrader\js\components\GameCard.jsx
FN:5,(anonymous_0)
FN:13,(anonymous_1)
FNF:2
FNH:2
FNDA:1,(anonymous_0)
FNDA:1,(anonymous_1)
DA:6,1
DA:7,1
DA:14,1
LF:3
LH:3
BRDA:6,0,0,1
BRDA:6,0,1,0
BRF:2
BRH:1
end_of_record
TN:
SF:C:\Users\Chris\documents\webdev\gametrader\js\components\GameItem.jsx
FN:10,(anonymous_0)
FN:23,(anonymous_1)
FN:30,(anonymous_2)
FN:36,(anonymous_3)
FN:39,(anonymous_4)
FN:47,(anonymous_5)
FN:55,(anonymous_6)
FN:70,(anonymous_7)
FN:92,mapDispatchToProps
FNF:9
FNH:3
FNDA:1,(anonymous_0)
FNDA:0,(anonymous_1)
FNDA:0,(anonymous_2)
FNDA:0,(anonymous_3)
FNDA:0,(anonymous_4)
FNDA:0,(anonymous_5)
FNDA:1,(anonymous_6)
FNDA:5,(anonymous_7)
FNDA:0,mapDispatchToProps
DA:11,1
DA:12,1
DA:18,1
DA:19,1
DA:20,1
DA:24,0
DA:31,0
DA:37,0
DA:39,0
DA:40,0
DA:41,0
DA:44,0
DA:48,0
DA:52,0
DA:56,1
DA:71,5
DA:93,0
LF:17
LH:7
BRDA:40,0,0,0
BRDA:40,0,1,0
BRF:2
BRH:0
end_of_record
TN:
SF:C:\Users\Chris\documents\webdev\gametrader\js\components\GameList.jsx
FN:13,(anonymous_0)
FN:36,(anonymous_1)
FN:43,(anonymous_2)
FN:47,(anonymous_3)
FN:54,(anonymous_4)
FN:71,(anonymous_5)
FN:78,(anonymous_6)
FN:79,(anonymous_7)
FN:93,(anonymous_8)
FN:99,(anonymous_9)
FN:107,(anonymous_10)
FN:109,(anonymous_11)
FN:120,(anonymous_12)
FN:124,(anonymous_13)
FN:135,(anonymous_14)
FN:150,(anonymous_15)
FN:157,(anonymous_16)
FN:169,(anonymous_17)
FN:221,(anonymous_18)
FN:237,(anonymous_19)
FN:240,(anonymous_20)
FN:264,mapStateToProps
FN:270,mapDispatchToProps
FNF:23
FNH:5
FNDA:1,(anonymous_0)
FNDA:1,(anonymous_1)
FNDA:0,(anonymous_2)
FNDA:0,(anonymous_3)
FNDA:0,(anonymous_4)
FNDA:0,(anonymous_5)
FNDA:0,(anonymous_6)
FNDA:0,(anonymous_7)
FNDA:0,(anonymous_8)
FNDA:0,(anonymous_9)
FNDA:0,(anonymous_10)
FNDA:0,(anonymous_11)
FNDA:0,(anonymous_12)
FNDA:0,(anonymous_13)
FNDA:0,(anonymous_14)
FNDA:0,(anonymous_15)
FNDA:1,(anonymous_16)
FNDA:2,(anonymous_17)
FNDA:28,(anonymous_18)
FNDA:0,(anonymous_19)
FNDA:0,(anonymous_20)
FNDA:0,mapStateToProps
FNDA:0,mapDispatchToProps
DA:14,1
DA:15,1
DA:26,1
DA:27,1
DA:28,1
DA:29,1
DA:30,1
DA:31,1
DA:32,1
DA:33,1
DA:40,1
DA:44,0
DA:48,0
DA:55,0
DA:56,0
DA:59,0
DA:62,0
DA:63,0
DA:66,0
DA:68,0
DA:72,0
DA:76,0
DA:77,0
DA:79,0
DA:80,0
DA:82,0
DA:84,0
DA:88,0
DA:94,0
DA:100,0
DA:109,0
DA:110,0
DA:112,0
DA:114,0
DA:122,0
DA:124,0
DA:125,0
DA:126,0
DA:129,0
DA:132,0
DA:136,0
DA:137,0
DA:146,0
DA:151,0
DA:158,1
DA:170,2
DA:222,28
DA:238,0
DA:240,0
DA:265,0
DA:271,0
LF:51
LH:14
BRDA:55,0,0,0
BRDA:55,0,1,0
BRDA:62,1,0,0
BRDA:62,1,1,0
BRDA:76,2,0,0
BRDA:76,2,1,0
BRDA:80,3,0,0
BRDA:80,3,1,0
BRDA:125,4,0,0
BRDA:125,4,1,0
BRDA:136,5,0,0
BRDA:136,5,1,0
BRF:12
BRH:0
end_of_record
TN:
SF:C:\Users\Chris\documents\webdev\gametrader\js\components\GameRequestDescription.jsx
FN:6,(anonymous_0)
FN:17,(anonymous_1)
FN:26,(anonymous_2)
FN:42,(anonymous_3)
FN:49,(anonymous_4)
FNF:5
FNH:4
FNDA:1,(anonymous_0)
FNDA:1,(anonymous_1)
FNDA:5,(anonymous_2)
FNDA:0,(anonymous_3)
FNDA:1,(anonymous_4)
DA:7,1
DA:8,1
DA:13,1
DA:14,1
DA:18,1
DA:19,1
DA:27,5
DA:43,0
DA:50,1
LF:9
LH:8
BRDA:18,0,0,1
BRDA:18,0,1,0
BRF:2
BRH:1
end_of_record
TN:
SF:C:\Users\Chris\documents\webdev\gametrader\js\components\GameRequestIcon.jsx
FN:5,(anonymous_0)
FNF:1
FNH:1
FNDA:1,(anonymous_0)
DA:6,1
LF:1
LH:1
BRF:0
BRH:0
end_of_record
TN:
SF:C:\Users\Chris\documents\webdev\gametrader\js\components\Login.jsx
FN:6,(anonymous_0)
FN:23,(anonymous_1)
FN:35,(anonymous_2)
FN:54,(anonymous_3)
FN:61,(anonymous_4)
FN:63,(anonymous_5)
FN:78,(anonymous_6)
FN:82,(anonymous_7)
FNF:8
FNH:2
FNDA:1,(anonymous_0)
FNDA:0,(anonymous_1)
FNDA:0,(anonymous_2)
FNDA:0,(anonymous_3)
FNDA:0,(anonymous_4)
FNDA:0,(anonymous_5)
FNDA:0,(anonymous_6)
FNDA:1,(anonymous_7)
DA:7,1
DA:8,1
DA:17,1
DA:18,1
DA:19,1
DA:20,1
DA:24,0
DA:25,0
DA:27,0
DA:37,0
DA:38,0
DA:41,0
DA:43,0
DA:44,0
DA:47,0
DA:51,0
DA:55,0
DA:56,0
DA:62,0
DA:63,0
DA:64,0
DA:65,0
DA:66,0
DA:68,0
DA:79,0
DA:83,1
LF:26
LH:7
BRDA:37,0,0,0
BRDA:37,0,1,0
BRDA:43,1,0,0
BRDA:43,1,1,0
BRDA:55,2,0,0
BRDA:55,2,1,0
BRDA:62,3,0,0
BRDA:62,3,1,0
BRDA:64,4,0,0
BRDA:64,4,1,0
BRF:10
BRH:0
end_of_record
TN:
SF:C:\Users\Chris\documents\webdev\gametrader\js\components\Menu.jsx
FN:6,(anonymous_0)
FN:14,(anonymous_1)
FNF:2
FNH:1
FNDA:0,(anonymous_0)
FNDA:1,(anonymous_1)
DA:6,2
DA:7,0
DA:15,1
LF:3
LH:2
BRF:0
BRH:0
end_of_record
TN:
SF:C:\Users\Chris\documents\webdev\gametrader\js\components\RequestItem.jsx
FN:12,(anonymous_0)
FN:28,(anonymous_1)
FN:39,(anonymous_2)
FN:43,(anonymous_3)
FN:48,(anonymous_4)
FN:64,(anonymous_5)
FN:74,(anonymous_6)
FN:80,(anonymous_7)
FN:90,(anonymous_8)
FN:98,(anonymous_9)
FN:114,(anonymous_10)
FN:158,mapStateToProps
FN:164,mapDispatchToProps
FNF:13
FNH:5
FNDA:28,(anonymous_0)
FNDA:28,(anonymous_1)
FNDA:28,(anonymous_2)
FNDA:0,(anonymous_3)
FNDA:0,(anonymous_4)
FNDA:56,(anonymous_5)
FNDA:0,(anonymous_6)
FNDA:0,(anonymous_7)
FNDA:0,(anonymous_8)
FNDA:0,(anonymous_9)
FNDA:28,(anonymous_10)
FNDA:0,mapStateToProps
FNDA:0,mapDispatchToProps
DA:13,28
DA:14,28
DA:19,28
DA:20,28
DA:21,28
DA:22,28
DA:23,28
DA:24,28
DA:25,28
DA:29,28
DA:30,5
DA:31,23
DA:32,5
DA:33,18
DA:34,5
DA:36,13
DA:40,28
DA:41,12
DA:42,5
DA:43,0
DA:45,7
DA:46,7
DA:48,0
DA:53,16
DA:54,5
DA:57,11
DA:58,10
DA:65,56
DA:66,24
DA:67,32
DA:68,10
DA:69,22
DA:70,20
DA:75,0
DA:81,0
DA:87,0
DA:91,0
DA:100,0
DA:105,0
DA:111,0
DA:115,28
DA:159,0
DA:165,0
LF:43
LH:32
BRDA:29,0,0,5
BRDA:29,0,1,23
BRDA:31,1,0,5
BRDA:31,1,1,18
BRDA:33,2,0,5
BRDA:33,2,1,13
BRDA:40,3,0,12
BRDA:40,3,1,16
BRDA:41,4,0,5
BRDA:41,4,1,7
BRDA:45,5,0,7
BRDA:45,5,1,0
BRDA:53,6,0,5
BRDA:53,6,1,11
BRDA:57,7,0,10
BRDA:57,7,1,1
BRDA:57,8,0,11
BRDA:57,8,1,6
BRDA:65,9,0,24
BRDA:65,9,1,32
BRDA:67,10,0,10
BRDA:67,10,1,22
BRDA:69,11,0,20
BRDA:69,11,1,2
BRDA:69,12,0,22
BRDA:69,12,1,12
BRF:26
BRH:25
end_of_record
TN:
SF:C:\Users\Chris\documents\webdev\gametrader\js\components\RequestList.jsx
FN:9,(anonymous_0)
FN:16,(anonymous_1)
FN:23,(anonymous_2)
FN:30,(anonymous_3)
FN:43,(anonymous_4)
FN:62,mapStateToProps
FN:68,mapDispatchToProps
FNF:7
FNH:4
FNDA:1,(anonymous_0)
FNDA:1,(anonymous_1)
FNDA:0,(anonymous_2)
FNDA:1,(anonymous_3)
FNDA:2,(anonymous_4)
FNDA:0,mapStateToProps
FNDA:0,mapDispatchToProps
DA:10,1
DA:11,1
DA:20,1
DA:24,0
DA:25,0
DA:31,1
DA:44,2
DA:63,0
DA:69,0
LF:9
LH:5
BRF:0
BRH:0
end_of_record
TN:
SF:C:\Users\Chris\documents\webdev\gametrader\js\components\SignUp.jsx
FN:6,(anonymous_0)
FN:32,(anonymous_1)
FN:47,(anonymous_2)
FN:55,(anonymous_3)
FN:59,(anonymous_4)
FN:125,(anonymous_5)
FN:132,(anonymous_6)
FN:134,(anonymous_7)
FN:145,(anonymous_8)
FN:149,(anonymous_9)
FNF:10
FNH:2
FNDA:1,(anonymous_0)
FNDA:0,(anonymous_1)
FNDA:0,(anonymous_2)
FNDA:0,(anonymous_3)
FNDA:0,(anonymous_4)
FNDA:0,(anonymous_5)
FNDA:0,(anonymous_6)
FNDA:0,(anonymous_7)
FNDA:0,(anonymous_8)
FNDA:1,(anonymous_9)
DA:7,1
DA:8,1
DA:27,1
DA:28,1
DA:29,1
DA:33,0
DA:34,0
DA:36,0
DA:48,0
DA:49,0
DA:51,0
DA:56,0
DA:59,0
DA:60,0
DA:61,0
DA:64,0
DA:65,0
DA:66,0
DA:67,0
DA:69,0
DA:72,0
DA:76,0
DA:80,0
DA:81,0
DA:84,0
DA:87,0
DA:88,0
DA:91,0
DA:94,0
DA:95,0
DA:98,0
DA:101,0
DA:102,0
DA:105,0
DA:108,0
DA:109,0
DA:112,0
DA:115,0
DA:116,0
DA:119,0
DA:122,0
DA:126,0
DA:127,0
DA:133,0
DA:134,0
DA:135,0
DA:136,0
DA:140,0
DA:141,0
DA:145,0
DA:150,1
LF:51
LH:6
BRDA:48,0,0,0
BRDA:48,0,1,0
BRDA:61,1,0,0
BRDA:61,1,1,0
BRDA:64,2,0,0
BRDA:64,2,1,0
BRDA:66,3,0,0
BRDA:66,3,1,0
BRDA:66,4,0,0
BRDA:66,4,1,0
BRDA:80,5,0,0
BRDA:80,5,1,0
BRDA:80,6,0,0
BRDA:80,6,1,0
BRDA:87,7,0,0
BRDA:87,7,1,0
BRDA:87,8,0,0
BRDA:87,8,1,0
BRDA:94,9,0,0
BRDA:94,9,1,0
BRDA:101,10,0,0
BRDA:101,10,1,0
BRDA:108,11,0,0
BRDA:108,11,1,0
BRDA:115,12,0,0
BRDA:115,12,1,0
BRDA:126,13,0,0
BRDA:126,13,1,0
BRDA:133,14,0,0
BRDA:133,14,1,0
BRDA:135,15,0,0
BRDA:135,15,1,0
BRF:32
BRH:0
end_of_record
TN:
SF:C:\Users\Chris\documents\webdev\gametrader\js\constants\gameConsoles.js
FNF:0
FNH:0
DA:1,2
LF:1
LH:1
BRF:0
BRH:0
end_of_record
TN:
SF:C:\Users\Chris\documents\webdev\gametrader\js\constants\requestStrings.js
FNF:0
FNH:0
DA:1,2
DA:2,2
DA:3,2
DA:4,2
DA:5,2
DA:6,2
DA:7,2
DA:8,2
DA:9,2
LF:9
LH:9
BRF:0
BRH:0
end_of_record
