TN:
SF:C:\Users\Chris\documents\webdev\gametrader\__mockData__\mockData.js
FNF:0
FNH:0
DA:1,5
DA:34,5
DA:85,5
DA:96,5
DA:112,5
DA:128,5
DA:145,5
DA:181,5
LF:8
LH:8
BRF:0
BRH:0
end_of_record
TN:
SF:C:\Users\Chris\documents\webdev\gametrader\js\actions\gameActions.js
FN:3,(anonymous_0)
FN:4,(anonymous_1)
FN:6,(anonymous_2)
FN:8,(anonymous_3)
FN:14,(anonymous_4)
FN:15,(anonymous_5)
FN:17,(anonymous_6)
FN:19,(anonymous_7)
FN:25,(anonymous_8)
FN:26,(anonymous_9)
FN:28,(anonymous_10)
FN:30,(anonymous_11)
FN:36,(anonymous_12)
FN:37,(anonymous_13)
FN:39,(anonymous_14)
FN:41,(anonymous_15)
FN:47,(anonymous_16)
FNF:17
FNH:13
FNDA:1,(anonymous_0)
FNDA:1,(anonymous_1)
FNDA:1,(anonymous_2)
FNDA:0,(anonymous_3)
FNDA:1,(anonymous_4)
FNDA:1,(anonymous_5)
FNDA:1,(anonymous_6)
FNDA:0,(anonymous_7)
FNDA:1,(anonymous_8)
FNDA:1,(anonymous_9)
FNDA:1,(anonymous_10)
FNDA:0,(anonymous_11)
FNDA:1,(anonymous_12)
FNDA:1,(anonymous_13)
FNDA:1,(anonymous_14)
FNDA:0,(anonymous_15)
FNDA:1,(anonymous_16)
DA:3,6
DA:4,1
DA:5,1
DA:7,1
DA:9,0
DA:14,6
DA:15,1
DA:16,1
DA:18,1
DA:20,0
DA:25,6
DA:26,1
DA:27,1
DA:29,1
DA:31,0
DA:36,6
DA:37,1
DA:38,1
DA:40,1
DA:42,0
DA:47,6
DA:48,1
LF:22
LH:18
BRF:0
BRH:0
end_of_record
TN:
SF:C:\Users\Chris\documents\webdev\gametrader\js\actions\requestActions.js
FN:3,(anonymous_0)
FN:4,(anonymous_1)
FN:6,(anonymous_2)
FN:8,(anonymous_3)
FN:14,(anonymous_4)
FN:15,(anonymous_5)
FN:17,(anonymous_6)
FN:19,(anonymous_7)
FN:25,(anonymous_8)
FN:26,(anonymous_9)
FN:28,(anonymous_10)
FN:30,(anonymous_11)
FN:36,(anonymous_12)
FN:37,(anonymous_13)
FN:39,(anonymous_14)
FN:41,(anonymous_15)
FN:47,(anonymous_16)
FNF:17
FNH:13
FNDA:1,(anonymous_0)
FNDA:1,(anonymous_1)
FNDA:1,(anonymous_2)
FNDA:0,(anonymous_3)
FNDA:1,(anonymous_4)
FNDA:1,(anonymous_5)
FNDA:1,(anonymous_6)
FNDA:0,(anonymous_7)
FNDA:1,(anonymous_8)
FNDA:1,(anonymous_9)
FNDA:1,(anonymous_10)
FNDA:0,(anonymous_11)
FNDA:1,(anonymous_12)
FNDA:1,(anonymous_13)
FNDA:1,(anonymous_14)
FNDA:0,(anonymous_15)
FNDA:1,(anonymous_16)
DA:3,4
DA:4,1
DA:5,1
DA:7,1
DA:9,0
DA:14,4
DA:15,1
DA:16,1
DA:18,1
DA:20,0
DA:25,4
DA:26,1
DA:27,1
DA:29,1
DA:31,0
DA:36,4
DA:37,1
DA:38,1
DA:40,1
DA:42,0
DA:47,4
DA:48,1
LF:22
LH:18
BRF:0
BRH:0
end_of_record
TN:
SF:C:\Users\Chris\documents\webdev\gametrader\js\components\BrowserSearchBar.jsx
FN:5,(anonymous_0)
FN:15,(anonymous_1)
FN:21,(anonymous_2)
FN:25,(anonymous_3)
FNF:4
FNH:4
FNDA:1,(anonymous_0)
FNDA:1,(anonymous_1)
FNDA:1,(anonymous_2)
FNDA:3,(anonymous_3)
DA:6,1
DA:7,1
DA:11,1
DA:12,1
DA:16,1
DA:22,1
DA:26,3
LF:7
LH:7
BRF:0
BRH:0
end_of_record
TN:
SF:C:\Users\Chris\documents\webdev\gametrader\js\components\GameBrowser.jsx
FN:17,(anonymous_0)
FN:35,(anonymous_1)
FN:40,(anonymous_2)
FN:55,(anonymous_3)
FN:58,(anonymous_4)
FN:66,(anonymous_5)
FN:90,(anonymous_6)
FN:94,(anonymous_7)
FN:106,(anonymous_8)
FN:115,(anonymous_9)
FN:118,(anonymous_10)
FN:119,(anonymous_11)
FN:139,(anonymous_12)
FN:144,(anonymous_13)
FN:151,(anonymous_14)
FN:166,(anonymous_15)
FN:197,(anonymous_16)
FN:213,(anonymous_17)
FN:240,mapPropstoState
FN:246,mapDispatchToProps
FNF:20
FNH:14
FNDA:1,(anonymous_0)
FNDA:0,(anonymous_1)
FNDA:8,(anonymous_2)
FNDA:0,(anonymous_3)
FNDA:0,(anonymous_4)
FNDA:1,(anonymous_5)
FNDA:1,(anonymous_6)
FNDA:2,(anonymous_7)
FNDA:1,(anonymous_8)
FNDA:1,(anonymous_9)
FNDA:1,(anonymous_10)
FNDA:2,(anonymous_11)
FNDA:0,(anonymous_12)
FNDA:1,(anonymous_13)
FNDA:8,(anonymous_14)
FNDA:20,(anonymous_15)
FNDA:6,(anonymous_16)
FNDA:16,(anonymous_17)
FNDA:0,mapPropstoState
FNDA:0,mapDispatchToProps
DA:18,1
DA:19,1
DA:28,1
DA:29,1
DA:30,1
DA:31,1
DA:32,1
DA:36,0
DA:37,0
DA:41,8
DA:42,5
DA:51,3
DA:56,0
DA:58,0
DA:59,0
DA:60,0
DA:63,0
DA:67,1
DA:68,1
DA:75,1
DA:76,1
DA:79,1
DA:84,0
DA:91,1
DA:94,1
DA:95,2
DA:96,0
DA:100,1
DA:107,1
DA:108,1
DA:111,1
DA:116,1
DA:117,1
DA:119,1
DA:120,2
DA:131,2
DA:134,1
DA:140,0
DA:145,1
DA:152,8
DA:167,20
DA:198,6
DA:214,16
DA:241,0
DA:247,0
LF:45
LH:33
BRDA:41,0,0,5
BRDA:41,0,1,3
BRDA:59,1,0,0
BRDA:59,1,1,0
BRDA:67,2,0,1
BRDA:67,2,1,0
BRDA:95,3,0,0
BRDA:95,3,1,2
BRDA:108,4,0,0
BRDA:108,4,1,1
BRDA:116,5,0,1
BRDA:116,5,1,0
BRDA:144,6,0,1
BRF:13
BRH:7
end_of_record
TN:
SF:C:\Users\Chris\documents\webdev\gametrader\js\components\GameCard.jsx
FN:5,(anonymous_0)
FN:13,(anonymous_1)
FNF:2
FNH:2
FNDA:1,(anonymous_0)
FNDA:1,(anonymous_1)
DA:6,1
DA:7,1
DA:14,1
LF:3
LH:3
BRDA:6,0,0,1
BRDA:6,0,1,0
BRF:2
BRH:1
end_of_record
TN:
SF:C:\Users\Chris\documents\webdev\gametrader\js\components\GameItem.jsx
FN:10,(anonymous_0)
FN:23,(anonymous_1)
FN:30,(anonymous_2)
FN:36,(anonymous_3)
FN:44,(anonymous_4)
FN:59,(anonymous_5)
FN:81,mapDispatchToProps
FNF:7
FNH:5
FNDA:1,(anonymous_0)
FNDA:0,(anonymous_1)
FNDA:1,(anonymous_2)
FNDA:1,(anonymous_3)
FNDA:2,(anonymous_4)
FNDA:10,(anonymous_5)
FNDA:0,mapDispatchToProps
DA:11,1
DA:12,1
DA:18,1
DA:19,1
DA:20,1
DA:24,0
DA:31,1
DA:37,1
DA:41,1
DA:45,2
DA:60,10
DA:82,0
LF:12
LH:10
BRF:0
BRH:0
end_of_record
TN:
SF:C:\Users\Chris\documents\webdev\gametrader\js\components\GameList.jsx
FN:13,(anonymous_0)
FN:36,(anonymous_1)
FN:43,(anonymous_2)
FN:47,(anonymous_3)
FN:54,(anonymous_4)
FN:71,(anonymous_5)
FN:78,(anonymous_6)
FN:79,(anonymous_7)
FN:97,(anonymous_8)
FN:103,(anonymous_9)
FN:111,(anonymous_10)
FN:113,(anonymous_11)
FN:124,(anonymous_12)
FN:127,(anonymous_13)
FN:138,(anonymous_14)
FN:153,(anonymous_15)
FN:160,(anonymous_16)
FN:172,(anonymous_17)
FN:224,(anonymous_18)
FN:240,(anonymous_19)
FN:243,(anonymous_20)
FN:267,mapStateToProps
FN:273,mapDispatchToProps
FNF:23
FNH:16
FNDA:25,(anonymous_0)
FNDA:25,(anonymous_1)
FNDA:0,(anonymous_2)
FNDA:1,(anonymous_3)
FNDA:3,(anonymous_4)
FNDA:3,(anonymous_5)
FNDA:3,(anonymous_6)
FNDA:3,(anonymous_7)
FNDA:0,(anonymous_8)
FNDA:4,(anonymous_9)
FNDA:0,(anonymous_10)
FNDA:0,(anonymous_11)
FNDA:1,(anonymous_12)
FNDA:2,(anonymous_13)
FNDA:1,(anonymous_14)
FNDA:3,(anonymous_15)
FNDA:41,(anonymous_16)
FNDA:84,(anonymous_17)
FNDA:1148,(anonymous_18)
FNDA:5,(anonymous_19)
FNDA:0,(anonymous_20)
FNDA:0,mapStateToProps
FNDA:0,mapDispatchToProps
DA:14,25
DA:15,25
DA:26,25
DA:27,25
DA:28,25
DA:29,25
DA:30,25
DA:31,25
DA:32,25
DA:33,25
DA:40,25
DA:44,0
DA:48,1
DA:55,3
DA:56,0
DA:59,0
DA:62,3
DA:63,0
DA:66,0
DA:68,3
DA:72,3
DA:76,3
DA:77,3
DA:79,3
DA:80,3
DA:81,3
DA:83,3
DA:88,3
DA:92,0
DA:98,0
DA:104,4
DA:113,0
DA:114,0
DA:116,0
DA:118,0
DA:126,1
DA:127,1
DA:128,2
DA:129,0
DA:132,0
DA:135,1
DA:139,1
DA:140,1
DA:149,1
DA:154,3
DA:161,41
DA:173,84
DA:225,1148
DA:241,5
DA:243,0
DA:268,0
DA:274,0
LF:52
LH:36
BRDA:55,0,0,0
BRDA:55,0,1,3
BRDA:62,1,0,0
BRDA:62,1,1,3
BRDA:76,2,0,3
BRDA:76,2,1,0
BRDA:80,3,0,3
BRDA:80,3,1,0
BRDA:128,4,0,0
BRDA:128,4,1,2
BRDA:139,5,0,1
BRDA:139,5,1,0
BRF:12
BRH:6
end_of_record
TN:
SF:C:\Users\Chris\documents\webdev\gametrader\js\components\GameRequestDescription.jsx
FN:6,(anonymous_0)
FN:17,(anonymous_1)
FN:26,(anonymous_2)
FN:42,(anonymous_3)
FN:49,(anonymous_4)
FNF:5
FNH:4
FNDA:1,(anonymous_0)
FNDA:1,(anonymous_1)
FNDA:5,(anonymous_2)
FNDA:0,(anonymous_3)
FNDA:1,(anonymous_4)
DA:7,1
DA:8,1
DA:13,1
DA:14,1
DA:18,1
DA:19,1
DA:27,5
DA:43,0
DA:50,1
LF:9
LH:8
BRDA:18,0,0,1
BRDA:18,0,1,0
BRF:2
BRH:1
end_of_record
TN:
SF:C:\Users\Chris\documents\webdev\gametrader\js\components\GameRequestIcon.jsx
FN:5,(anonymous_0)
FNF:1
FNH:1
FNDA:1,(anonymous_0)
DA:6,1
LF:1
LH:1
BRF:0
BRH:0
end_of_record
TN:
SF:C:\Users\Chris\documents\webdev\gametrader\js\components\Login.jsx
FN:6,(anonymous_0)
FN:23,(anonymous_1)
FN:35,(anonymous_2)
FN:53,(anonymous_3)
FN:60,(anonymous_4)
FN:62,(anonymous_5)
FN:77,(anonymous_6)
FN:81,(anonymous_7)
FNF:8
FNH:6
FNDA:1,(anonymous_0)
FNDA:0,(anonymous_1)
FNDA:3,(anonymous_2)
FNDA:3,(anonymous_3)
FNDA:1,(anonymous_4)
FNDA:1,(anonymous_5)
FNDA:0,(anonymous_6)
FNDA:6,(anonymous_7)
DA:7,1
DA:8,1
DA:17,1
DA:18,1
DA:19,1
DA:20,1
DA:24,0
DA:25,0
DA:27,0
DA:37,3
DA:38,1
DA:41,1
DA:43,2
DA:44,1
DA:47,1
DA:50,1
DA:54,3
DA:55,1
DA:61,1
DA:62,1
DA:63,1
DA:64,1
DA:65,1
DA:67,0
DA:78,0
DA:82,6
LF:26
LH:21
BRDA:37,0,0,1
BRDA:37,0,1,2
BRDA:43,1,0,1
BRDA:43,1,1,1
BRDA:54,2,0,1
BRDA:54,2,1,2
BRDA:61,3,0,1
BRDA:61,3,1,0
BRDA:63,4,0,1
BRDA:63,4,1,0
BRF:10
BRH:8
end_of_record
TN:
SF:C:\Users\Chris\documents\webdev\gametrader\js\components\Menu.jsx
FN:6,(anonymous_0)
FN:14,(anonymous_1)
FNF:2
FNH:2
FNDA:1,(anonymous_0)
FNDA:1,(anonymous_1)
DA:6,2
DA:7,1
DA:15,1
LF:3
LH:3
BRF:0
BRH:0
end_of_record
TN:
SF:C:\Users\Chris\documents\webdev\gametrader\js\components\RequestItem.jsx
FN:12,(anonymous_0)
FN:28,(anonymous_1)
FN:39,(anonymous_2)
FN:43,(anonymous_3)
FN:48,(anonymous_4)
FN:64,(anonymous_5)
FN:74,(anonymous_6)
FN:80,(anonymous_7)
FN:90,(anonymous_8)
FN:98,(anonymous_9)
FN:114,(anonymous_10)
FN:158,mapDispatchToProps
FNF:12
FNH:10
FNDA:31,(anonymous_0)
FNDA:33,(anonymous_1)
FNDA:33,(anonymous_2)
FNDA:1,(anonymous_3)
FNDA:0,(anonymous_4)
FNDA:66,(anonymous_5)
FNDA:2,(anonymous_6)
FNDA:1,(anonymous_7)
FNDA:1,(anonymous_8)
FNDA:1,(anonymous_9)
FNDA:33,(anonymous_10)
FNDA:0,mapDispatchToProps
DA:13,31
DA:14,31
DA:19,31
DA:20,31
DA:21,31
DA:22,31
DA:23,31
DA:24,31
DA:25,31
DA:29,33
DA:30,5
DA:31,28
DA:32,7
DA:33,21
DA:34,5
DA:36,16
DA:40,33
DA:41,15
DA:42,6
DA:43,1
DA:45,9
DA:46,9
DA:48,0
DA:53,18
DA:54,5
DA:57,13
DA:58,12
DA:65,66
DA:66,30
DA:67,36
DA:68,10
DA:69,26
DA:70,24
DA:75,2
DA:81,1
DA:87,1
DA:91,1
DA:100,1
DA:105,1
DA:111,1
DA:115,33
DA:159,0
LF:42
LH:40
BRDA:29,0,0,5
BRDA:29,0,1,28
BRDA:31,1,0,7
BRDA:31,1,1,21
BRDA:33,2,0,5
BRDA:33,2,1,16
BRDA:40,3,0,15
BRDA:40,3,1,18
BRDA:41,4,0,6
BRDA:41,4,1,9
BRDA:45,5,0,9
BRDA:45,5,1,0
BRDA:53,6,0,5
BRDA:53,6,1,13
BRDA:57,7,0,12
BRDA:57,7,1,1
BRDA:57,8,0,13
BRDA:57,8,1,6
BRDA:65,9,0,30
BRDA:65,9,1,36
BRDA:67,10,0,10
BRDA:67,10,1,26
BRDA:69,11,0,24
BRDA:69,11,1,2
BRDA:69,12,0,26
BRDA:69,12,1,12
BRF:26
BRH:25
end_of_record
TN:
SF:C:\Users\Chris\documents\webdev\gametrader\js\components\RequestList.jsx
FN:9,(anonymous_0)
FN:16,(anonymous_1)
FN:23,(anonymous_2)
FN:30,(anonymous_3)
FN:43,(anonymous_4)
FN:62,mapStateToProps
FN:68,mapDispatchToProps
FNF:7
FNH:4
FNDA:1,(anonymous_0)
FNDA:1,(anonymous_1)
FNDA:0,(anonymous_2)
FNDA:1,(anonymous_3)
FNDA:2,(anonymous_4)
FNDA:0,mapStateToProps
FNDA:0,mapDispatchToProps
DA:10,1
DA:11,1
DA:20,1
DA:24,0
DA:25,0
DA:31,1
DA:44,2
DA:63,0
DA:69,0
LF:9
LH:5
BRF:0
BRH:0
end_of_record
TN:
SF:C:\Users\Chris\documents\webdev\gametrader\js\components\SignUp.jsx
FN:6,(anonymous_0)
FN:32,(anonymous_1)
FN:48,(anonymous_2)
FN:52,(anonymous_3)
FN:118,(anonymous_4)
FN:125,(anonymous_5)
FN:127,(anonymous_6)
FN:138,(anonymous_7)
FN:142,(anonymous_8)
FNF:9
FNH:8
FNDA:1,(anonymous_0)
FNDA:6,(anonymous_1)
FNDA:8,(anonymous_2)
FNDA:48,(anonymous_3)
FNDA:8,(anonymous_4)
FNDA:1,(anonymous_5)
FNDA:1,(anonymous_6)
FNDA:0,(anonymous_7)
FNDA:22,(anonymous_8)
DA:7,1
DA:8,1
DA:27,1
DA:28,1
DA:29,1
DA:33,6
DA:34,6
DA:36,6
DA:49,8
DA:52,8
DA:53,48
DA:54,48
DA:57,11
DA:58,6
DA:59,5
DA:60,5
DA:62,0
DA:65,11
DA:69,11
DA:73,8
DA:74,1
DA:77,1
DA:80,7
DA:81,1
DA:84,1
DA:87,6
DA:88,1
DA:91,1
DA:94,5
DA:95,1
DA:98,1
DA:101,4
DA:102,1
DA:105,1
DA:108,3
DA:109,2
DA:112,2
DA:115,1
DA:119,8
DA:120,1
DA:126,1
DA:127,1
DA:128,1
DA:129,0
DA:133,1
DA:134,1
DA:138,0
DA:143,22
LF:48
LH:45
BRDA:54,0,0,11
BRDA:54,0,1,37
BRDA:57,1,0,6
BRDA:57,1,1,5
BRDA:59,2,0,5
BRDA:59,2,1,0
BRDA:59,3,0,5
BRDA:59,3,1,5
BRDA:73,4,0,1
BRDA:73,4,1,7
BRDA:73,5,0,8
BRDA:73,5,1,7
BRDA:80,6,0,1
BRDA:80,6,1,6
BRDA:80,7,0,7
BRDA:80,7,1,6
BRDA:87,8,0,1
BRDA:87,8,1,5
BRDA:94,9,0,1
BRDA:94,9,1,4
BRDA:101,10,0,1
BRDA:101,10,1,3
BRDA:108,11,0,2
BRDA:108,11,1,1
BRDA:119,12,0,1
BRDA:119,12,1,7
BRDA:126,13,0,1
BRDA:126,13,1,0
BRDA:128,14,0,0
BRDA:128,14,1,1
BRF:30
BRH:27
end_of_record
TN:
SF:C:\Users\Chris\documents\webdev\gametrader\js\constants\actionTypes.js
FNF:0
FNH:0
DA:2,3
DA:3,3
DA:4,3
DA:5,3
DA:6,3
DA:7,3
DA:8,3
DA:9,3
DA:10,3
DA:11,3
LF:10
LH:10
BRF:0
BRH:0
end_of_record
TN:
SF:C:\Users\Chris\documents\webdev\gametrader\js\constants\gameConsoles.js
FNF:0
FNH:0
DA:1,2
LF:1
LH:1
BRF:0
BRH:0
end_of_record
TN:
SF:C:\Users\Chris\documents\webdev\gametrader\js\constants\requestStrings.js
FNF:0
FNH:0
DA:1,2
DA:2,2
DA:3,2
DA:4,2
DA:5,2
DA:6,2
DA:7,2
DA:8,2
DA:9,2
LF:9
LH:9
BRF:0
BRH:0
end_of_record
TN:
SF:C:\Users\Chris\documents\webdev\gametrader\js\reducers\gameReducer.js
FN:3,(anonymous_0)
FNF:1
FNH:1
FNDA:15,(anonymous_0)
DA:3,1
DA:4,15
DA:7,2
DA:9,1
DA:12,1
DA:15,1
DA:18,1
DA:20,9
LF:8
LH:8
BRDA:3,0,0,9
BRDA:4,1,0,2
BRDA:4,1,1,1
BRDA:4,1,2,1
BRDA:4,1,3,1
BRDA:4,1,4,1
BRDA:4,1,5,9
BRF:7
BRH:7
end_of_record
TN:
SF:C:\Users\Chris\documents\webdev\gametrader\js\reducers\requestReducer.js
FN:4,(anonymous_0)
FNF:1
FNH:1
FNDA:15,(anonymous_0)
DA:4,1
DA:5,15
DA:7,2
DA:9,1
DA:11,1
DA:13,1
DA:15,1
DA:17,9
LF:8
LH:8
BRDA:4,0,0,9
BRDA:5,1,0,2
BRDA:5,1,1,1
BRDA:5,1,2,1
BRDA:5,1,3,1
BRDA:5,1,4,1
BRDA:5,1,5,9
BRF:7
BRH:7
end_of_record
TN:
SF:C:\Users\Chris\documents\webdev\gametrader\js\reducers\rootReducer.js
FNF:0
FNH:0
LF:0
LH:0
BRF:0
BRH:0
end_of_record
